#
# There is insufficient memory for the Java Runtime Environment to continue.
# Native memory allocation (malloc) failed to allocate 32744 bytes for ChunkPool::allocate
# Possible reasons:
#   The system is out of physical RAM or swap space
#   The process is running with CompressedOops enabled, and the Java Heap may be blocking the growth of the native heap
# Possible solutions:
#   Reduce memory load on the system
#   Increase physical memory or swap space
#   Check if swap backing store is full
#   Decrease Java heap size (-Xmx/-Xms)
#   Decrease number of Java threads
#   Decrease Java thread stack sizes (-Xss)
#   Set larger code cache with -XX:ReservedCodeCacheSize=
#   JVM is running with Unscaled Compressed Oops mode in which the Java heap is
#     placed in the first 4GB address space. The Java Heap base address is the
#     maximum limit for the native heap growth. Please use -XX:HeapBaseMinAddress
#     to set the Java Heap base and to place the Java Heap above 4GB virtual address.
# This output file may be truncated or incomplete.
#
#  Out of Memory Error (allocation.cpp:272), pid=13104, tid=0x00000000000006c8
#
# JRE version: OpenJDK Runtime Environment (8.0_242-b01) (build 1.8.0_242-release-1644-b01)
# Java VM: OpenJDK 64-Bit Server VM (25.242-b01 mixed mode windows-amd64 compressed oops)
# Failed to write core dump. Minidumps are not enabled by default on client versions of Windows
#

---------------  T H R E A D  ---------------

Current thread (0x000000001719a800):  JavaThread "C2 CompilerThread1" daemon [_thread_in_native, id=1736, stack(0x00000000199b0000,0x0000000019ab0000)]

Stack: [0x00000000199b0000,0x0000000019ab0000]
[error occurred during error reporting (printing stack bounds), id 0xc0000005]

Native frames: (J=compiled Java code, j=interpreted, Vv=VM code, C=native code)


Current CompileTask:
C2:  16902 15929       4       java.lang.Class::annotationData (44 bytes)


---------------  P R O C E S S  ---------------

Java Threads: ( => current thread )
  0x000000002075f800 JavaThread "jar transforms Thread 125" [_thread_blocked, id=12516, stack(0x000000002d7c0000,0x000000002d8c0000)]
  0x000000002075e800 JavaThread "jar transforms Thread 124" [_thread_blocked, id=6480, stack(0x000000002d6c0000,0x000000002d7c0000)]
  0x000000002075b000 JavaThread "jar transforms Thread 123" [_thread_blocked, id=13008, stack(0x000000002d5c0000,0x000000002d6c0000)]
  0x0000000020758000 JavaThread "jar transforms Thread 122" [_thread_blocked, id=9748, stack(0x000000002d4c0000,0x000000002d5c0000)]
  0x0000000020759800 JavaThread "jar transforms Thread 121" [_thread_blocked, id=10296, stack(0x000000002d3c0000,0x000000002d4c0000)]
  0x0000000020750800 JavaThread "jar transforms Thread 120" [_thread_blocked, id=1284, stack(0x000000002d2c0000,0x000000002d3c0000)]
  0x0000000020755000 JavaThread "jar transforms Thread 119" [_thread_blocked, id=12432, stack(0x000000002d1c0000,0x000000002d2c0000)]
  0x0000000020754000 JavaThread "jar transforms Thread 118" [_thread_blocked, id=5572, stack(0x000000002d0c0000,0x000000002d1c0000)]
  0x0000000020753800 JavaThread "jar transforms Thread 117" [_thread_blocked, id=6048, stack(0x000000002cfc0000,0x000000002d0c0000)]
  0x0000000020752000 JavaThread "jar transforms Thread 116" [_thread_blocked, id=7208, stack(0x000000002cec0000,0x000000002cfc0000)]
  0x0000000020755800 JavaThread "jar transforms Thread 115" [_thread_blocked, id=6892, stack(0x000000002cdc0000,0x000000002cec0000)]
  0x0000000020751000 JavaThread "jar transforms Thread 114" [_thread_blocked, id=10396, stack(0x000000002ccc0000,0x000000002cdc0000)]
  0x0000000020757000 JavaThread "jar transforms Thread 113" [_thread_blocked, id=972, stack(0x000000002cbc0000,0x000000002ccc0000)]
  0x0000000020752800 JavaThread "jar transforms Thread 112" [_thread_blocked, id=8544, stack(0x000000002cac0000,0x000000002cbc0000)]
  0x0000000020756800 JavaThread "jar transforms Thread 111" [_thread_blocked, id=12632, stack(0x000000002c9c0000,0x000000002cac0000)]
  0x000000001e598000 JavaThread "jar transforms Thread 110" [_thread_blocked, id=8156, stack(0x000000002c8c0000,0x000000002c9c0000)]
  0x000000001e596000 JavaThread "jar transforms Thread 109" [_thread_blocked, id=11972, stack(0x000000002c7c0000,0x000000002c8c0000)]
  0x000000001e596800 JavaThread "jar transforms Thread 108" [_thread_blocked, id=10428, stack(0x000000002c6c0000,0x000000002c7c0000)]
  0x000000001e595000 JavaThread "jar transforms Thread 107" [_thread_blocked, id=9860, stack(0x000000002c5c0000,0x000000002c6c0000)]
  0x000000001e597800 JavaThread "jar transforms Thread 106" [_thread_blocked, id=13740, stack(0x000000002c4c0000,0x000000002c5c0000)]
  0x000000001e594000 JavaThread "jar transforms Thread 105" [_thread_blocked, id=5656, stack(0x000000002c3c0000,0x000000002c4c0000)]
  0x000000001e58e000 JavaThread "jar transforms Thread 104" [_thread_blocked, id=2288, stack(0x000000002c2c0000,0x000000002c3c0000)]
  0x000000001e593800 JavaThread "jar transforms Thread 103" [_thread_blocked, id=6188, stack(0x000000002c1c0000,0x000000002c2c0000)]
  0x000000001e58c800 JavaThread "jar transforms Thread 102" [_thread_blocked, id=13392, stack(0x000000002c0c0000,0x000000002c1c0000)]
  0x000000001e592000 JavaThread "jar transforms Thread 101" [_thread_blocked, id=11404, stack(0x000000002bfc0000,0x000000002c0c0000)]
  0x000000001e592800 JavaThread "jar transforms Thread 100" [_thread_blocked, id=9804, stack(0x000000002bec0000,0x000000002bfc0000)]
  0x000000001e591000 JavaThread "jar transforms Thread 99" [_thread_blocked, id=7944, stack(0x000000002bdc0000,0x000000002bec0000)]
  0x000000001e589800 JavaThread "jar transforms Thread 98" [_thread_blocked, id=1036, stack(0x000000002bcc0000,0x000000002bdc0000)]
  0x000000001e590800 JavaThread "jar transforms Thread 97" [_thread_blocked, id=7976, stack(0x000000002bbc0000,0x000000002bcc0000)]
  0x000000001e58f800 JavaThread "jar transforms Thread 96" [_thread_blocked, id=12376, stack(0x000000002bac0000,0x000000002bbc0000)]
  0x000000001e58b000 JavaThread "jar transforms Thread 95" [_thread_blocked, id=10132, stack(0x000000002b9c0000,0x000000002bac0000)]
  0x000000001e589000 JavaThread "jar transforms Thread 94" [_thread_blocked, id=14068, stack(0x000000002b8c0000,0x000000002b9c0000)]
  0x000000001e58f000 JavaThread "jar transforms Thread 93" [_thread_blocked, id=4628, stack(0x000000002b650000,0x000000002b750000)]
  0x000000001e58d800 JavaThread "jar transforms Thread 92" [_thread_blocked, id=13904, stack(0x000000002b550000,0x000000002b650000)]
  0x000000001e58c000 JavaThread "jar transforms Thread 91" [_thread_blocked, id=10104, stack(0x000000002b450000,0x000000002b550000)]
  0x000000001e58a800 JavaThread "jar transforms Thread 90" [_thread_blocked, id=7244, stack(0x000000002b350000,0x000000002b450000)]
  0x0000000020dda000 JavaThread "jar transforms Thread 89" [_thread_blocked, id=10380, stack(0x000000002b250000,0x000000002b350000)]
  0x0000000020dd9000 JavaThread "jar transforms Thread 88" [_thread_blocked, id=2392, stack(0x000000002b150000,0x000000002b250000)]
  0x0000000020de0000 JavaThread "jar transforms Thread 87" [_thread_blocked, id=8352, stack(0x000000002b050000,0x000000002b150000)]
  0x0000000020dde800 JavaThread "jar transforms Thread 86" [_thread_blocked, id=10400, stack(0x000000002af50000,0x000000002b050000)]
  0x0000000020ddd000 JavaThread "jar transforms Thread 85" [_thread_blocked, id=2924, stack(0x000000002ae50000,0x000000002af50000)]
  0x0000000020ddf000 JavaThread "jar transforms Thread 84" [_thread_blocked, id=10520, stack(0x000000002ad50000,0x000000002ae50000)]
  0x0000000020dda800 JavaThread "jar transforms Thread 83" [_thread_blocked, id=8220, stack(0x000000002ac50000,0x000000002ad50000)]
  0x0000000020ddc000 JavaThread "jar transforms Thread 82" [_thread_blocked, id=6020, stack(0x000000002ab50000,0x000000002ac50000)]
  0x0000000020ddd800 JavaThread "jar transforms Thread 81" [_thread_blocked, id=12676, stack(0x000000002aa50000,0x000000002ab50000)]
  0x0000000020ddb800 JavaThread "jar transforms Thread 80" [_thread_blocked, id=9504, stack(0x000000002a950000,0x000000002aa50000)]
  0x0000000020dd1800 JavaThread "jar transforms Thread 79" [_thread_blocked, id=10536, stack(0x000000002a850000,0x000000002a950000)]
  0x0000000020dd8000 JavaThread "jar transforms Thread 78" [_thread_blocked, id=11084, stack(0x000000002a750000,0x000000002a850000)]
  0x0000000020dd0800 JavaThread "jar transforms Thread 77" [_thread_blocked, id=3504, stack(0x000000002a650000,0x000000002a750000)]
  0x0000000020dd7800 JavaThread "jar transforms Thread 76" [_thread_blocked, id=1336, stack(0x000000002a550000,0x000000002a650000)]
  0x0000000020dd5000 JavaThread "jar transforms Thread 75" [_thread_blocked, id=3716, stack(0x000000002a450000,0x000000002a550000)]
  0x0000000020dd4800 JavaThread "jar transforms Thread 74" [_thread_blocked, id=13956, stack(0x000000002a350000,0x000000002a450000)]
  0x0000000020dd3800 JavaThread "jar transforms Thread 73" [_thread_blocked, id=4852, stack(0x000000002a250000,0x000000002a350000)]
  0x0000000020dd6000 JavaThread "jar transforms Thread 72" [_thread_blocked, id=6208, stack(0x000000002a150000,0x000000002a250000)]
  0x0000000020dd3000 JavaThread "jar transforms Thread 71" [_thread_blocked, id=10952, stack(0x000000002a050000,0x000000002a150000)]
  0x0000000020dd6800 JavaThread "jar transforms Thread 70" [_thread_blocked, id=13976, stack(0x0000000029f50000,0x000000002a050000)]
  0x0000000020dd2000 JavaThread "jar transforms Thread 69" [_thread_blocked, id=7356, stack(0x0000000029d50000,0x0000000029e50000)]
  0x000000001ecf4000 JavaThread "jar transforms Thread 68" [_thread_blocked, id=12912, stack(0x0000000029c50000,0x0000000029d50000)]
  0x000000001ecf4800 JavaThread "jar transforms Thread 67" [_thread_blocked, id=4804, stack(0x0000000029b50000,0x0000000029c50000)]
  0x000000001ecf2800 JavaThread "jar transforms Thread 66" [_thread_blocked, id=7432, stack(0x0000000029a50000,0x0000000029b50000)]
  0x000000001ecf6000 JavaThread "jar transforms Thread 65" [_thread_blocked, id=9772, stack(0x0000000029950000,0x0000000029a50000)]
  0x000000001ecf5800 JavaThread "jar transforms Thread 64" [_thread_blocked, id=1332, stack(0x0000000029850000,0x0000000029950000)]
  0x000000001ecf1000 JavaThread "jar transforms Thread 63" [_thread_blocked, id=9220, stack(0x0000000029750000,0x0000000029850000)]
  0x000000001ecf3000 JavaThread "jar transforms Thread 62" [_thread_blocked, id=10256, stack(0x0000000029650000,0x0000000029750000)]
  0x000000001ecf7000 JavaThread "jar transforms Thread 61" [_thread_blocked, id=14312, stack(0x0000000029550000,0x0000000029650000)]
  0x000000001ecf1800 JavaThread "jar transforms Thread 60" [_thread_blocked, id=10516, stack(0x0000000029450000,0x0000000029550000)]
  0x000000001ece9800 JavaThread "jar transforms Thread 59" [_thread_blocked, id=11776, stack(0x0000000029350000,0x0000000029450000)]
  0x000000001ecf0000 JavaThread "jar transforms Thread 58" [_thread_blocked, id=8272, stack(0x0000000029250000,0x0000000029350000)]
  0x000000001ece8800 JavaThread "jar transforms Thread 57" [_thread_blocked, id=12760, stack(0x0000000029150000,0x0000000029250000)]
  0x000000001ecef800 JavaThread "jar transforms Thread 56" [_thread_blocked, id=9460, stack(0x0000000029050000,0x0000000029150000)]
  0x000000001eceb000 JavaThread "jar transforms Thread 55" [_thread_blocked, id=10880, stack(0x0000000028f50000,0x0000000029050000)]
  0x000000001ece8000 JavaThread "jar transforms Thread 54" [_thread_blocked, id=10044, stack(0x0000000028e50000,0x0000000028f50000)]
  0x000000001eced000 JavaThread "jar transforms Thread 53" [_thread_blocked, id=6660, stack(0x0000000028d50000,0x0000000028e50000)]
  0x000000001ecea000 JavaThread "jar transforms Thread 52" [_thread_blocked, id=11784, stack(0x0000000028c50000,0x0000000028d50000)]
  0x000000001ecec800 JavaThread "jar transforms Thread 51" [_thread_blocked, id=3468, stack(0x0000000028b50000,0x0000000028c50000)]
  0x000000001ecee800 JavaThread "jar transforms Thread 50" [_thread_blocked, id=13532, stack(0x0000000028a50000,0x0000000028b50000)]
  0x000000001ecee000 JavaThread "jar transforms Thread 49" [_thread_blocked, id=5576, stack(0x0000000028950000,0x0000000028a50000)]
  0x000000001eceb800 JavaThread "jar transforms Thread 48" [_thread_blocked, id=1896, stack(0x0000000028850000,0x0000000028950000)]
  0x000000001f70f000 JavaThread "jar transforms Thread 47" [_thread_blocked, id=9032, stack(0x0000000028750000,0x0000000028850000)]
  0x000000001f6d7000 JavaThread "jar transforms Thread 46" [_thread_blocked, id=4020, stack(0x0000000028650000,0x0000000028750000)]
  0x000000001f6d8800 JavaThread "jar transforms Thread 45" [_thread_blocked, id=1012, stack(0x0000000028550000,0x0000000028650000)]
  0x000000001f6d9800 JavaThread "jar transforms Thread 44" [_thread_blocked, id=8748, stack(0x0000000028450000,0x0000000028550000)]
  0x000000001f6d8000 JavaThread "jar transforms Thread 43" [_thread_blocked, id=13572, stack(0x0000000028350000,0x0000000028450000)]
  0x000000001f6d6800 JavaThread "jar transforms Thread 42" [_thread_blocked, id=12212, stack(0x0000000028250000,0x0000000028350000)]
  0x000000001f6d5800 JavaThread "jar transforms Thread 41" [_thread_blocked, id=10628, stack(0x0000000028150000,0x0000000028250000)]
  0x000000001f6d5000 JavaThread "jar transforms Thread 40" [_thread_blocked, id=2400, stack(0x0000000028050000,0x0000000028150000)]
  0x000000001f6da000 JavaThread "jar transforms Thread 39" [_thread_blocked, id=3960, stack(0x0000000027f50000,0x0000000028050000)]
  0x000000001f3ca800 JavaThread "jar transforms Thread 38" [_thread_blocked, id=5796, stack(0x0000000027e50000,0x0000000027f50000)]
  0x000000001f3ca000 JavaThread "jar transforms Thread 37" [_thread_blocked, id=5708, stack(0x0000000027d50000,0x0000000027e50000)]
  0x000000001f3c9000 JavaThread "jar transforms Thread 36" [_thread_blocked, id=11652, stack(0x0000000027c50000,0x0000000027d50000)]
  0x000000001f3c8800 JavaThread "jar transforms Thread 35" [_thread_blocked, id=4276, stack(0x0000000027b50000,0x0000000027c50000)]
  0x000000001f3c7800 JavaThread "jar transforms Thread 34" [_thread_blocked, id=7564, stack(0x0000000027830000,0x0000000027930000)]
  0x000000001f3ce800 JavaThread "jar transforms Thread 33" [_thread_blocked, id=11036, stack(0x0000000027730000,0x0000000027830000)]
  0x000000001f3cd000 JavaThread "jar transforms Thread 32" [_thread_blocked, id=6664, stack(0x0000000027350000,0x0000000027450000)]
  0x000000001f3cd800 JavaThread "Cache worker for Build Output Cleanup Cache (C:\Users\Xinto\StudioProjects\VancedManager\.gradle\buildOutputCleanup)" [_thread_blocked, id=5896, stack(0x0000000022720000,0x0000000022820000)]
  0x000000001f6cc000 JavaThread "jar transforms Thread 31" [_thread_blocked, id=11804, stack(0x0000000026600000,0x0000000026700000)]
  0x000000001f6d2800 JavaThread "jar transforms Thread 30" [_thread_blocked, id=9152, stack(0x0000000026500000,0x0000000026600000)]
  0x000000001f6cf000 JavaThread "jar transforms Thread 29" [_thread_blocked, id=2284, stack(0x0000000026400000,0x0000000026500000)]
  0x000000001f6d0800 JavaThread "jar transforms Thread 28" [_thread_blocked, id=14164, stack(0x0000000026300000,0x0000000026400000)]
  0x000000001f6cf800 JavaThread "jar transforms Thread 27" [_thread_blocked, id=11344, stack(0x0000000026200000,0x0000000026300000)]
  0x000000001f6ce000 JavaThread "jar transforms Thread 26" [_thread_blocked, id=13096, stack(0x0000000026100000,0x0000000026200000)]
  0x000000001f6d1000 JavaThread "jar transforms Thread 25" [_thread_blocked, id=3352, stack(0x0000000026000000,0x0000000026100000)]
  0x000000001f6cb000 JavaThread "jar transforms Thread 24" [_thread_blocked, id=13664, stack(0x0000000025f00000,0x0000000026000000)]
  0x000000001f6cc800 JavaThread "jar transforms Thread 23" [_thread_blocked, id=8704, stack(0x0000000025e00000,0x0000000025f00000)]
  0x000000001f6d2000 JavaThread "jar transforms Thread 22" [_thread_blocked, id=236, stack(0x0000000025d00000,0x0000000025e00000)]
  0x0000000021653800 JavaThread "jar transforms Thread 21" [_thread_blocked, id=8188, stack(0x0000000025c00000,0x0000000025d00000)]
  0x0000000021653000 JavaThread "jar transforms Thread 20" [_thread_blocked, id=9844, stack(0x0000000025b00000,0x0000000025c00000)]
  0x0000000021654800 JavaThread "jar transforms Thread 19" [_thread_blocked, id=10512, stack(0x0000000025a00000,0x0000000025b00000)]
  0x0000000021657800 JavaThread "jar transforms Thread 18" [_thread_blocked, id=7596, stack(0x0000000025900000,0x0000000025a00000)]
  0x0000000021656000 JavaThread "jar transforms Thread 17" [_thread_blocked, id=10364, stack(0x0000000025800000,0x0000000025900000)]
  0x0000000021655000 JavaThread "jar transforms Thread 16" [_thread_blocked, id=8592, stack(0x0000000025700000,0x0000000025800000)]
  0x0000000021656800 JavaThread "jar transforms Thread 15" [_thread_blocked, id=12332, stack(0x0000000025600000,0x0000000025700000)]
  0x0000000021652000 JavaThread "jar transforms Thread 14" [_thread_blocked, id=8900, stack(0x0000000025500000,0x0000000025600000)]
  0x000000002164a800 JavaThread "jar transforms Thread 13" [_thread_blocked, id=10716, stack(0x0000000025400000,0x0000000025500000)]
  0x000000002164b800 JavaThread "jar transforms Thread 12" [_thread_blocked, id=8468, stack(0x0000000025300000,0x0000000025400000)]
  0x0000000021651800 JavaThread "jar transforms Thread 11" [_thread_blocked, id=6828, stack(0x0000000025200000,0x0000000025300000)]
  0x000000002164a000 JavaThread "jar transforms Thread 10" [_thread_blocked, id=13748, stack(0x0000000025100000,0x0000000025200000)]
  0x0000000021650800 JavaThread "jar transforms Thread 9" [_thread_blocked, id=13160, stack(0x0000000025000000,0x0000000025100000)]
  0x0000000021650000 JavaThread "jar transforms Thread 8" [_thread_blocked, id=10260, stack(0x0000000024f00000,0x0000000025000000)]
  0x000000002164e800 JavaThread "jar transforms Thread 7" [_thread_blocked, id=11124, stack(0x0000000024e00000,0x0000000024f00000)]
  0x000000002164d800 JavaThread "jar transforms Thread 6" [_thread_blocked, id=13616, stack(0x0000000024d00000,0x0000000024e00000)]
  0x0000000021649000 JavaThread "jar transforms Thread 5" [_thread_blocked, id=10964, stack(0x0000000024c00000,0x0000000024d00000)]
  0x000000002164d000 JavaThread "jar transforms Thread 4" [_thread_blocked, id=1776, stack(0x0000000024b00000,0x0000000024c00000)]
  0x000000002164c000 JavaThread "jar transforms Thread 3" [_thread_blocked, id=11444, stack(0x0000000024a00000,0x0000000024b00000)]
  0x0000000021648800 JavaThread "jar transforms Thread 2" [_thread_blocked, id=7128, stack(0x0000000024900000,0x0000000024a00000)]
  0x000000002164f000 JavaThread "Build operations Thread 8" [_thread_blocked, id=13660, stack(0x0000000024800000,0x0000000024900000)]
  0x000000001f710000 JavaThread "Build operations Thread 7" [_thread_blocked, id=6008, stack(0x0000000024700000,0x0000000024800000)]
  0x000000001f70d800 JavaThread "Build operations Thread 6" [_thread_blocked, id=12400, stack(0x0000000024600000,0x0000000024700000)]
  0x000000001f714800 JavaThread "Build operations Thread 5" [_thread_blocked, id=7784, stack(0x0000000024400000,0x0000000024500000)]
  0x000000001f70e800 JavaThread "Build operations Thread 4" [_thread_blocked, id=1684, stack(0x0000000024300000,0x0000000024400000)]
  0x000000001f713800 JavaThread "Build operations Thread 3" [_thread_blocked, id=8320, stack(0x0000000024200000,0x0000000024300000)]
  0x000000001f712000 JavaThread "Build operations Thread 2" [_thread_blocked, id=12768, stack(0x0000000024100000,0x0000000024200000)]
  0x000000001f711800 JavaThread "Build operations" [_thread_blocked, id=5876, stack(0x0000000024000000,0x0000000024100000)]
  0x000000001f713000 JavaThread "Memory manager" [_thread_blocked, id=11388, stack(0x0000000023b00000,0x0000000023c00000)]
  0x000000001f710800 JavaThread "Cache worker for file content cache (C:\Users\Xinto\.gradle\caches\6.8\fileContent)" [_thread_blocked, id=11868, stack(0x0000000022820000,0x0000000022920000)]
  0x0000000018ff6000 JavaThread "jar transforms" [_thread_blocked, id=5384, stack(0x0000000022420000,0x0000000022520000)]
  0x0000000018ff5800 JavaThread "Cache worker for kotlin-dsl (C:\Users\Xinto\.gradle\caches\6.8\kotlin-dsl)" [_thread_blocked, id=10484, stack(0x0000000022120000,0x0000000022220000)]
  0x0000000018ff4800 JavaThread "Cache worker for execution history cache (C:\Users\Xinto\.gradle\caches\6.8\executionHistory)" [_thread_blocked, id=1312, stack(0x0000000021a20000,0x0000000021b20000)]
  0x0000000018ff4000 JavaThread "Cache worker for cache directory md-rule (C:\Users\Xinto\.gradle\caches\6.8\md-rule)" [_thread_blocked, id=11788, stack(0x0000000021920000,0x0000000021a20000)]
  0x0000000018ff3000 JavaThread "Cache worker for cache directory md-supplier (C:\Users\Xinto\.gradle\caches\6.8\md-supplier)" [_thread_blocked, id=5900, stack(0x00000000205d0000,0x00000000206d0000)]
  0x0000000018ff0000 JavaThread "Cache worker for checksums cache (C:\Users\Xinto\StudioProjects\VancedManager\.gradle\checksums)" [_thread_blocked, id=9768, stack(0x00000000204d0000,0x00000000205d0000)]
  0x0000000018ff1000 JavaThread "Cache worker for file hash cache (C:\Users\Xinto\StudioProjects\VancedManager\.gradle\6.8\fileHashes)" [_thread_blocked, id=7552, stack(0x000000001ded0000,0x000000001dfd0000)]
  0x0000000018ff7000 JavaThread "Cache worker for journal cache (C:\Users\Xinto\.gradle\caches\journal-1)" [_thread_blocked, id=6852, stack(0x000000001e030000,0x000000001e130000)]
  0x0000000018ff2800 JavaThread "File lock request listener" [_thread_in_native, id=11128, stack(0x000000001ddd0000,0x000000001ded0000)]
  0x000000001bc06000 JavaThread "Cache worker for file hash cache (C:\Users\Xinto\.gradle\caches\6.8\fileHashes)" [_thread_blocked, id=10844, stack(0x000000001dcd0000,0x000000001ddd0000)]
  0x000000001abc4800 JavaThread "Daemon client event forwarder" [_thread_blocked, id=10048, stack(0x000000001d9d0000,0x000000001dad0000)]
  0x000000001abc1000 JavaThread "Stdin handler" [_thread_blocked, id=5496, stack(0x000000001d8d0000,0x000000001d9d0000)]
  0x000000001bb76800 JavaThread "Asynchronous log dispatcher for DefaultDaemonConnection: socket connection from /127.0.0.1:50228 to /127.0.0.1:50229" [_thread_blocked, id=6976, stack(0x000000001d7d0000,0x000000001d8d0000)]
  0x000000001bac4000 JavaThread "Daemon worker" [_thread_in_Java, id=8640, stack(0x000000001d6d0000,0x000000001d7d0000)]
  0x000000001bac7000 JavaThread "Cancel handler" [_thread_blocked, id=13308, stack(0x000000001d5d0000,0x000000001d6d0000)]
  0x000000001bade000 JavaThread "Handler for socket connection from /127.0.0.1:50228 to /127.0.0.1:50229" [_thread_in_native, id=12648, stack(0x000000001d4d0000,0x000000001d5d0000)]
  0x000000001baa0000 JavaThread "Daemon" [_thread_blocked, id=12560, stack(0x000000001d3d0000,0x000000001d4d0000)]
  0x000000001ba84800 JavaThread "Daemon periodic checks" [_thread_blocked, id=7200, stack(0x000000001d0d0000,0x000000001d1d0000)]
  0x000000001ba18000 JavaThread "Incoming local TCP Connector on port 50228" [_thread_in_native, id=6116, stack(0x000000001ce90000,0x000000001cf90000)]
  0x000000001b959800 JavaThread "Daemon health stats" [_thread_blocked, id=12896, stack(0x000000001c850000,0x000000001c950000)]
  0x000000001907a000 JavaThread "Service Thread" daemon [_thread_blocked, id=7292, stack(0x0000000019cb0000,0x0000000019db0000)]
  0x0000000018ff1800 JavaThread "C1 CompilerThread3" daemon [_thread_in_vm, id=11864, stack(0x0000000019bb0000,0x0000000019cb0000)]
  0x0000000018fe7000 JavaThread "C2 CompilerThread2" daemon [_thread_in_native, id=6456, stack(0x0000000019ab0000,0x0000000019bb0000)]
=>0x000000001719a800 JavaThread "C2 CompilerThread1" daemon [_thread_in_native, id=1736, stack(0x00000000199b0000,0x0000000019ab0000)]
  0x0000000018fe6000 JavaThread "C2 CompilerThread0" daemon [_thread_in_native, id=8152, stack(0x00000000198b0000,0x00000000199b0000)]
  0x0000000018fe4000 JavaThread "Attach Listener" daemon [_thread_blocked, id=7804, stack(0x00000000197b0000,0x00000000198b0000)]
  0x0000000018fe3000 JavaThread "Signal Dispatcher" daemon [_thread_blocked, id=2832, stack(0x00000000196b0000,0x00000000197b0000)]
  0x0000000018fd1800 JavaThread "Finalizer" daemon [_thread_blocked, id=8708, stack(0x00000000194b0000,0x00000000195b0000)]
  0x0000000018fd0800 JavaThread "Reference Handler" daemon [_thread_blocked, id=8552, stack(0x00000000193b0000,0x00000000194b0000)]
  0x000000000149d800 JavaThread "main" [_thread_blocked, id=13844, stack(0x00000000031d0000,0x00000000032d0000)]

Other Threads:
  0x0000000017188000 VMThread [stack: 0x0000000018eb0000,0x0000000018fb0000] [id=7420]
  0x000000001907a800 WatcherThread [stack: 0x0000000019db0000,0x0000000019eb0000] [id=10580]

VM state:not at safepoint (normal execution)

VM Mutex/Monitor currently owned by a thread: None

heap address: 0x00000000a0000000, size: 1536 MB, Compressed Oops mode: 32-bit
Narrow klass base: 0x0000000000000000, Narrow klass shift: 3
Compressed class space size: 1073741824 Address: 0x0000000100000000

Heap:
 PSYoungGen      total 296448K, used 106219K [0x00000000e0000000, 0x00000000f4a80000, 0x0000000100000000)
  eden space 259072K, 26% used [0x00000000e0000000,0x00000000e4342b98,0x00000000efd00000)
  from space 37376K, 99% used [0x00000000f2380000,0x00000000f47f8090,0x00000000f4800000)
  to   space 39424K, 0% used [0x00000000efd00000,0x00000000efd00000,0x00000000f2380000)
 ParOldGen       total 259584K, used 123857K [0x00000000a0000000, 0x00000000afd80000, 0x00000000e0000000)
  object space 259584K, 47% used [0x00000000a0000000,0x00000000a78f47d0,0x00000000afd80000)
 Metaspace       used 126948K, capacity 132145K, committed 132288K, reserved 1163264K
  class space    used 16772K, capacity 17833K, committed 17920K, reserved 1048576K

Card table byte_map: [0x0000000012790000,0x0000000012aa0000] byte_map_base: 0x0000000012290000

Marking Bits: (ParMarkBitMap*) 0x00000000657df030
 Begin Bits: [0x00000000134a0000, 0x0000000014ca0000)
 End Bits:   [0x0000000014ca0000, 0x00000000164a0000)

Polling page: 0x0000000001460000

CodeCache: size=245760Kb used=52562Kb max_used=52562Kb free=193197Kb
 bounds [0x00000000033d0000, 0x0000000006760000, 0x00000000123d0000]
 total_blobs=15173 nmethods=14233 adapters=850
 compilation: enabled

Compilation events (10 events):
Event: 16.882 Thread 0x0000000018ff1800 15937       3       org.gradle.internal.reflect.PropertyAccessorType$3::requireSingleParam (35 bytes)
Event: 16.883 Thread 0x0000000018ff1800 nmethod 15937 0x000000000673d650 code [0x000000000673d880, 0x000000000673e638]
Event: 16.883 Thread 0x0000000018ff1800 15940       3       org.gradle.api.DefaultTask::getLocalState (5 bytes)
Event: 16.883 Thread 0x0000000018ff1800 nmethod 15940 0x0000000006726e90 code [0x0000000006726fe0, 0x0000000006727150]
Event: 16.884 Thread 0x0000000018ff1800 15941       3       org.gradle.api.internal.tasks.properties.DefaultTypeMetadataStore::createTypeMetadata (529 bytes)
Event: 16.889 Thread 0x0000000018ff1800 nmethod 15941 0x000000000673ec90 code [0x000000000673f740, 0x0000000006747518]
Event: 16.889 Thread 0x0000000018ff1800 15943       3       org.gradle.api.internal.tasks.properties.DefaultPropertyWalker::visitProperties (64 bytes)
Event: 16.890 Thread 0x0000000018ff1800 nmethod 15943 0x000000000674ded0 code [0x000000000674e140, 0x000000000674f198]
Event: 16.890 Thread 0x0000000018ff1800 15942       3       org.gradle.api.internal.tasks.TaskPropertyUtils::visitProperties (64 bytes)
Event: 16.891 Thread 0x0000000018ff1800 nmethod 15942 0x000000000674fc50 code [0x000000000674fe60, 0x0000000006750728]

GC Heap History (10 events):
Event: 10.005 GC heap before
{Heap before GC invocations=20 (full 3):
 PSYoungGen      total 263168K, used 240358K [0x00000000e0000000, 0x00000000f2380000, 0x0000000100000000)
  eden space 229376K, 95% used [0x00000000e0000000,0x00000000ed69ffe8,0x00000000ee000000)
  from space 33792K, 60% used [0x00000000f0180000,0x00000000f1599900,0x00000000f2280000)
  to   space 34304K, 0% used [0x00000000ee000000,0x00000000ee000000,0x00000000f0180000)
 ParOldGen       total 151552K, used 75658K [0x00000000a0000000, 0x00000000a9400000, 0x00000000e0000000)
  object space 151552K, 49% used [0x00000000a0000000,0x00000000a49e2820,0x00000000a9400000)
 Metaspace       used 94204K, capacity 97875K, committed 98496K, reserved 1134592K
  class space    used 12801K, capacity 13526K, committed 13568K, reserved 1048576K
Event: 10.021 GC heap after
Heap after GC invocations=20 (full 3):
 PSYoungGen      total 263680K, used 27732K [0x00000000e0000000, 0x00000000f4800000, 0x0000000100000000)
  eden space 229376K, 0% used [0x00000000e0000000,0x00000000e0000000,0x00000000ee000000)
  from space 34304K, 80% used [0x00000000ee000000,0x00000000efb15340,0x00000000f0180000)
  to   space 37376K, 0% used [0x00000000f2380000,0x00000000f2380000,0x00000000f4800000)
 ParOldGen       total 151552K, used 75666K [0x00000000a0000000, 0x00000000a9400000, 0x00000000e0000000)
  object space 151552K, 49% used [0x00000000a0000000,0x00000000a49e4820,0x00000000a9400000)
 Metaspace       used 94204K, capacity 97875K, committed 98496K, reserved 1134592K
  class space    used 12801K, capacity 13526K, committed 13568K, reserved 1048576K
}
Event: 10.021 GC heap before
{Heap before GC invocations=21 (full 4):
 PSYoungGen      total 263680K, used 27732K [0x00000000e0000000, 0x00000000f4800000, 0x0000000100000000)
  eden space 229376K, 0% used [0x00000000e0000000,0x00000000e0000000,0x00000000ee000000)
  from space 34304K, 80% used [0x00000000ee000000,0x00000000efb15340,0x00000000f0180000)
  to   space 37376K, 0% used [0x00000000f2380000,0x00000000f2380000,0x00000000f4800000)
 ParOldGen       total 151552K, used 75666K [0x00000000a0000000, 0x00000000a9400000, 0x00000000e0000000)
  object space 151552K, 49% used [0x00000000a0000000,0x00000000a49e4820,0x00000000a9400000)
 Metaspace       used 94204K, capacity 97875K, committed 98496K, reserved 1134592K
  class space    used 12801K, capacity 13526K, committed 13568K, reserved 1048576K
Event: 10.147 GC heap after
Heap after GC invocations=21 (full 4):
 PSYoungGen      total 263680K, used 0K [0x00000000e0000000, 0x00000000f4800000, 0x0000000100000000)
  eden space 229376K, 0% used [0x00000000e0000000,0x00000000e0000000,0x00000000ee000000)
  from space 34304K, 0% used [0x00000000ee000000,0x00000000ee000000,0x00000000f0180000)
  to   space 37376K, 0% used [0x00000000f2380000,0x00000000f2380000,0x00000000f4800000)
 ParOldGen       total 259584K, used 86205K [0x00000000a0000000, 0x00000000afd80000, 0x00000000e0000000)
  object space 259584K, 33% used [0x00000000a0000000,0x00000000a542f4e8,0x00000000afd80000)
 Metaspace       used 94204K, capacity 97875K, committed 98496K, reserved 1134592K
  class space    used 12801K, capacity 13526K, committed 13568K, reserved 1048576K
}
Event: 11.499 GC heap before
{Heap before GC invocations=22 (full 4):
 PSYoungGen      total 263680K, used 229376K [0x00000000e0000000, 0x00000000f4800000, 0x0000000100000000)
  eden space 229376K, 100% used [0x00000000e0000000,0x00000000ee000000,0x00000000ee000000)
  from space 34304K, 0% used [0x00000000ee000000,0x00000000ee000000,0x00000000f0180000)
  to   space 37376K, 0% used [0x00000000f2380000,0x00000000f2380000,0x00000000f4800000)
 ParOldGen       total 259584K, used 86205K [0x00000000a0000000, 0x00000000afd80000, 0x00000000e0000000)
  object space 259584K, 33% used [0x00000000a0000000,0x00000000a542f4e8,0x00000000afd80000)
 Metaspace       used 104685K, capacity 108579K, committed 109120K, reserved 1144832K
  class space    used 13964K, capacity 14709K, committed 14720K, reserved 1048576K
Event: 11.519 GC heap after
Heap after GC invocations=22 (full 4):
 PSYoungGen      total 296448K, used 27413K [0x00000000e0000000, 0x00000000f4a80000, 0x0000000100000000)
  eden space 259072K, 0% used [0x00000000e0000000,0x00000000e0000000,0x00000000efd00000)
  from space 37376K, 73% used [0x00000000f2380000,0x00000000f3e45470,0x00000000f4800000)
  to   space 39424K, 0% used [0x00000000efd00000,0x00000000efd00000,0x00000000f2380000)
 ParOldGen       total 259584K, used 86213K [0x00000000a0000000, 0x00000000afd80000, 0x00000000e0000000)
  object space 259584K, 33% used [0x00000000a0000000,0x00000000a54314e8,0x00000000afd80000)
 Metaspace       used 104685K, capacity 108579K, committed 109120K, reserved 1144832K
  class space    used 13964K, capacity 14709K, committed 14720K, reserved 1048576K
}
Event: 14.095 GC heap before
{Heap before GC invocations=23 (full 4):
 PSYoungGen      total 296448K, used 286485K [0x00000000e0000000, 0x00000000f4a80000, 0x0000000100000000)
  eden space 259072K, 100% used [0x00000000e0000000,0x00000000efd00000,0x00000000efd00000)
  from space 37376K, 73% used [0x00000000f2380000,0x00000000f3e45470,0x00000000f4800000)
  to   space 39424K, 0% used [0x00000000efd00000,0x00000000efd00000,0x00000000f2380000)
 ParOldGen       total 259584K, used 86213K [0x00000000a0000000, 0x00000000afd80000, 0x00000000e0000000)
  object space 259584K, 33% used [0x00000000a0000000,0x00000000a54314e8,0x00000000afd80000)
 Metaspace       used 113799K, capacity 117871K, committed 118464K, reserved 1153024K
  class space    used 14815K, capacity 15589K, committed 15616K, reserved 1048576K
Event: 14.120 GC heap after
Heap after GC invocations=23 (full 4):
 PSYoungGen      total 298496K, used 39411K [0x00000000e0000000, 0x00000000f4a80000, 0x0000000100000000)
  eden space 259072K, 0% used [0x00000000e0000000,0x00000000e0000000,0x00000000efd00000)
  from space 39424K, 99% used [0x00000000efd00000,0x00000000f237cf38,0x00000000f2380000)
  to   space 37376K, 0% used [0x00000000f2380000,0x00000000f2380000,0x00000000f4800000)
 ParOldGen       total 259584K, used 94752K [0x00000000a0000000, 0x00000000afd80000, 0x00000000e0000000)
  object space 259584K, 36% used [0x00000000a0000000,0x00000000a5c88240,0x00000000afd80000)
 Metaspace       used 113799K, capacity 117871K, committed 118464K, reserved 1153024K
  class space    used 14815K, capacity 15589K, committed 15616K, reserved 1048576K
}
Event: 16.290 GC heap before
{Heap before GC invocations=24 (full 4):
 PSYoungGen      total 298496K, used 298483K [0x00000000e0000000, 0x00000000f4a80000, 0x0000000100000000)
  eden space 259072K, 100% used [0x00000000e0000000,0x00000000efd00000,0x00000000efd00000)
  from space 39424K, 99% used [0x00000000efd00000,0x00000000f237cf38,0x00000000f2380000)
  to   space 37376K, 0% used [0x00000000f2380000,0x00000000f2380000,0x00000000f4800000)
 ParOldGen       total 259584K, used 94752K [0x00000000a0000000, 0x00000000afd80000, 0x00000000e0000000)
  object space 259584K, 36% used [0x00000000a0000000,0x00000000a5c88240,0x00000000afd80000)
 Metaspace       used 124682K, capacity 129793K, committed 129856K, reserved 1161216K
  class space    used 16488K, capacity 17494K, committed 17536K, reserved 1048576K
Event: 16.338 GC heap after
Heap after GC invocations=24 (full 4):
 PSYoungGen      total 296448K, used 37344K [0x00000000e0000000, 0x00000000f4a80000, 0x0000000100000000)
  eden space 259072K, 0% used [0x00000000e0000000,0x00000000e0000000,0x00000000efd00000)
  from space 37376K, 99% used [0x00000000f2380000,0x00000000f47f8090,0x00000000f4800000)
  to   space 39424K, 0% used [0x00000000efd00000,0x00000000efd00000,0x00000000f2380000)
 ParOldGen       total 259584K, used 123857K [0x00000000a0000000, 0x00000000afd80000, 0x00000000e0000000)
  object space 259584K, 47% used [0x00000000a0000000,0x00000000a78f47d0,0x00000000afd80000)
 Metaspace       used 124682K, capacity 129793K, committed 129856K, reserved 1161216K
  class space    used 16488K, capacity 17494K, committed 17536K, reserved 1048576K
}

Deoptimization events (10 events):
Event: 16.347 Thread 0x000000001bac4000 Uncommon trap: reason=unstable_if action=reinterpret pc=0x0000000004865a2c method=java.lang.reflect.Constructor.newInstance([Ljava/lang/Object;)Ljava/lang/Object; @ 18
Event: 16.391 Thread 0x000000001bac4000 Uncommon trap: reason=unstable_if action=reinterpret pc=0x000000000494dc5c method=java.util.regex.Matcher.find()Z @ 10
Event: 16.397 Thread 0x000000001bac4000 Uncommon trap: reason=unstable_if action=reinterpret pc=0x0000000005fdb43c method=java.lang.CharacterDataLatin1.digit(II)I @ 31
Event: 16.406 Thread 0x000000001bac4000 Uncommon trap: reason=unstable_if action=reinterpret pc=0x0000000004d91768 method=java.lang.CharacterDataLatin1.digit(II)I @ 31
Event: 16.450 Thread 0x000000001bac4000 Uncommon trap: reason=unstable_if action=reinterpret pc=0x00000000063595e4 method=com.google.common.collect.ImmutableSet$Builder.build()Lcom/google/common/collect/ImmutableSet; @ 80
Event: 16.594 Thread 0x000000001bac4000 Uncommon trap: reason=bimorphic action=maybe_recompile pc=0x000000000631142c method=com.google.common.collect.ImmutableList.copyOf(Ljava/util/Collection;)Lcom/google/common/collect/ImmutableList; @ 11
Event: 16.594 Thread 0x000000001bac4000 Uncommon trap: reason=bimorphic action=maybe_recompile pc=0x000000000631142c method=com.google.common.collect.ImmutableList.copyOf(Ljava/util/Collection;)Lcom/google/common/collect/ImmutableList; @ 11
Event: 16.594 Thread 0x000000001bac4000 Uncommon trap: reason=bimorphic action=maybe_recompile pc=0x000000000631142c method=com.google.common.collect.ImmutableList.copyOf(Ljava/util/Collection;)Lcom/google/common/collect/ImmutableList; @ 11
Event: 16.609 Thread 0x000000001bac4000 Uncommon trap: reason=bimorphic action=maybe_recompile pc=0x000000000631142c method=com.google.common.collect.ImmutableList.copyOf(Ljava/util/Collection;)Lcom/google/common/collect/ImmutableList; @ 11
Event: 16.807 Thread 0x000000001bac4000 Uncommon trap: reason=class_check action=maybe_recompile pc=0x00000000038ede18 method=kotlin.collections.CollectionsKt__MutableCollectionsKt.addAll(Ljava/util/Collection;Ljava/lang/Iterable;)Z @ 35

Classes redefined (0 events):
No events

Internal exceptions (10 events):
Event: 16.181 Thread 0x000000001bac4000 Exception <a 'java/lang/NullPointerException'> (0x00000000eeeb79a0) thrown at [C:\src\AOSP-openjdk-git\hotspot\src\share\vm\interpreter\linkResolver.cpp, line 1287]
Event: 16.699 Thread 0x000000001bac4000 Exception <a 'java/lang/NoSuchMethodError': java.lang.Object.lambda$static$0(Ljava/util/Set;Ljava/util/Set;)Z> (0x00000000e28ad550) thrown at [C:\src\AOSP-openjdk-git\hotspot\src\share\vm\interpreter\linkResolver.cpp, line 620]
Event: 16.699 Thread 0x000000001bac4000 Exception <a 'java/lang/NoSuchMethodError': java.lang.Object.lambda$static$1(Ljava/util/Set;Ljava/util/Set;)Z> (0x00000000e28b0428) thrown at [C:\src\AOSP-openjdk-git\hotspot\src\share\vm\interpreter\linkResolver.cpp, line 620]
Event: 16.700 Thread 0x000000001bac4000 Exception <a 'java/lang/NoSuchMethodError': java.lang.Object.lambda$static$2(Ljava/util/Set;Ljava/util/Set;)Z> (0x00000000e28b2f68) thrown at [C:\src\AOSP-openjdk-git\hotspot\src\share\vm\interpreter\linkResolver.cpp, line 620]
Event: 16.822 Thread 0x000000001bac4000 Exception <a 'java/lang/ClassNotFoundException': com/google/firebase/crashlytics/buildtools/gradle/tasks/InjectMappingFileIdTask_DecoratedBeanInfo> (0x00000000e36fcb48) thrown at [C:\src\AOSP-openjdk-git\hotspot\src\share\vm\classfile\systemDictionary.cpp
Event: 16.822 Thread 0x000000001bac4000 Exception <a 'java/lang/ClassNotFoundException': com/google/firebase/crashlytics/buildtools/gradle/tasks/InjectMappingFileIdTask_DecoratedCustomizer> (0x00000000e372caa0) thrown at [C:\src\AOSP-openjdk-git\hotspot\src\share\vm\classfile\systemDictionary.c
Event: 16.824 Thread 0x000000001bac4000 Exception <a 'java/lang/ClassNotFoundException': com/google/firebase/crashlytics/buildtools/android/project/BuildIdWriterBeanInfo> (0x00000000e37aa538) thrown at [C:\src\AOSP-openjdk-git\hotspot\src\share\vm\classfile\systemDictionary.cpp, line 210]
Event: 16.825 Thread 0x000000001bac4000 Exception <a 'java/lang/ClassNotFoundException': com/google/firebase/crashlytics/buildtools/android/project/BuildIdWriterCustomizer> (0x00000000e37d33f0) thrown at [C:\src\AOSP-openjdk-git\hotspot\src\share\vm\classfile\systemDictionary.cpp, line 210]
Event: 16.827 Thread 0x000000001bac4000 Exception <a 'java/lang/ClassNotFoundException': org/gradle/api/internal/tasks/DefaultTaskOutputsBeanInfo> (0x00000000e383f4e0) thrown at [C:\src\AOSP-openjdk-git\hotspot\src\share\vm\classfile\systemDictionary.cpp, line 210]
Event: 16.827 Thread 0x000000001bac4000 Exception <a 'java/lang/ClassNotFoundException': org/gradle/api/internal/tasks/DefaultTaskOutputsCustomizer> (0x00000000e385bb28) thrown at [C:\src\AOSP-openjdk-git\hotspot\src\share\vm\classfile\systemDictionary.cpp, line 210]

Events (10 events):
Event: 16.889 loading class com/android/build/gradle/internal/tasks/DexParameterInputs
Event: 16.889 loading class com/android/build/gradle/internal/tasks/DexParameterInputs done
Event: 16.891 Thread 0x000000001bac4000 DEOPT PACKING pc=0x0000000004613c2a sp=0x000000001d7ca550
Event: 16.891 Thread 0x000000001bac4000 DEOPT UNPACKING pc=0x00000000034175d0 sp=0x000000001d7ca388 mode 0
Event: 16.894 loading class com/android/build/gradle/internal/tasks/DexArchiveBuilderTask$CreationAction$configure$1
Event: 16.894 loading class com/android/build/gradle/internal/tasks/DexArchiveBuilderTask$CreationAction$configure$1 done
Event: 16.896 loading class com/android/build/gradle/internal/dexing/DexParameters
Event: 16.896 loading class com/android/build/gradle/internal/dexing/DexParameters done
Event: 16.898 loading class com/android/build/gradle/internal/dexing/DxDexParameters
Event: 16.898 loading class com/android/build/gradle/internal/dexing/DxDexParameters done


Dynamic libraries:
0x00007ff6cf950000 - 0x00007ff6cf981000 	C:\Program Files\Android\Android Studio\jre\bin\java.exe
0x00007ff9a8b10000 - 0x00007ff9a8d06000 	C:\WINDOWS\SYSTEM32\ntdll.dll
0x00007ff9a8860000 - 0x00007ff9a891d000 	C:\WINDOWS\System32\KERNEL32.DLL
0x00007ff9a6250000 - 0x00007ff9a6519000 	C:\WINDOWS\System32\KERNELBASE.dll
0x00007ff9a8920000 - 0x00007ff9a89cc000 	C:\WINDOWS\System32\ADVAPI32.dll
0x00007ff9a6f60000 - 0x00007ff9a6ffe000 	C:\WINDOWS\System32\msvcrt.dll
0x00007ff9a8a30000 - 0x00007ff9a8acc000 	C:\WINDOWS\System32\sechost.dll
0x00007ff9a80a0000 - 0x00007ff9a81cb000 	C:\WINDOWS\System32\RPCRT4.dll
0x00007ff9a77b0000 - 0x00007ff9a7950000 	C:\WINDOWS\System32\USER32.dll
0x00007ff9a6990000 - 0x00007ff9a69b2000 	C:\WINDOWS\System32\win32u.dll
0x00007ff9a7700000 - 0x00007ff9a772a000 	C:\WINDOWS\System32\GDI32.dll
0x00007ff9a6a60000 - 0x00007ff9a6b6b000 	C:\WINDOWS\System32\gdi32full.dll
0x00007ff9a69c0000 - 0x00007ff9a6a5d000 	C:\WINDOWS\System32\msvcp_win.dll
0x00007ff9a6520000 - 0x00007ff9a6620000 	C:\WINDOWS\System32\ucrtbase.dll
0x00007ff9979e0000 - 0x00007ff997c7b000 	C:\WINDOWS\WinSxS\amd64_microsoft.windows.common-controls_6595b64144ccf1df_6.0.19041.746_none_ca02b4b61b8320a4\COMCTL32.dll
0x00007ff9a6b70000 - 0x00007ff9a6ba0000 	C:\WINDOWS\System32\IMM32.DLL
0x0000000064e50000 - 0x0000000064f22000 	C:\Program Files\Android\Android Studio\jre\jre\bin\msvcr100.dll
0x0000000065010000 - 0x000000006585b000 	C:\Program Files\Android\Android Studio\jre\jre\bin\server\jvm.dll
0x00007ff9a72a0000 - 0x00007ff9a72a8000 	C:\WINDOWS\System32\PSAPI.DLL
0x00007ff99df80000 - 0x00007ff99df89000 	C:\WINDOWS\SYSTEM32\WSOCK32.dll
0x00007ff9a4270000 - 0x00007ff9a427a000 	C:\WINDOWS\SYSTEM32\VERSION.dll
0x00007ff995ff0000 - 0x00007ff996017000 	C:\WINDOWS\SYSTEM32\WINMM.dll
0x00007ff9a81d0000 - 0x00007ff9a823b000 	C:\WINDOWS\System32\WS2_32.dll
0x00007ff99df70000 - 0x00007ff99df7f000 	C:\Program Files\Android\Android Studio\jre\jre\bin\verify.dll
0x00007ff990be0000 - 0x00007ff990c09000 	C:\Program Files\Android\Android Studio\jre\jre\bin\java.dll
0x00007ff990bc0000 - 0x00007ff990bd6000 	C:\Program Files\Android\Android Studio\jre\jre\bin\zip.dll
0x00007ff9a7950000 - 0x00007ff9a8093000 	C:\WINDOWS\System32\SHELL32.dll
0x00007ff9a4370000 - 0x00007ff9a4aff000 	C:\WINDOWS\SYSTEM32\windows.storage.dll
0x00007ff9a7310000 - 0x00007ff9a7666000 	C:\WINDOWS\System32\combase.dll
0x00007ff9a5b10000 - 0x00007ff9a5b3c000 	C:\WINDOWS\SYSTEM32\Wldp.dll
0x00007ff9a7000000 - 0x00007ff9a70ae000 	C:\WINDOWS\System32\SHCORE.dll
0x00007ff9a89d0000 - 0x00007ff9a8a25000 	C:\WINDOWS\System32\shlwapi.dll
0x00007ff9a6180000 - 0x00007ff9a61a6000 	C:\WINDOWS\SYSTEM32\profapi.dll
0x00007ff990ba0000 - 0x00007ff990bba000 	C:\Program Files\Android\Android Studio\jre\jre\bin\net.dll
0x00007ff9a5900000 - 0x00007ff9a596a000 	C:\WINDOWS\system32\mswsock.dll
0x00007ff990b80000 - 0x00007ff990b93000 	C:\Program Files\Android\Android Studio\jre\jre\bin\nio.dll
0x00007ff9937c0000 - 0x00007ff9937e7000 	C:\Users\Xinto\.gradle\native\fdc75f09e3144964f2cf3f50f0aa648679c211496f362492102eb8c894070792\windows-amd64\native-platform.dll
0x00007ff95e730000 - 0x00007ff95e8c6000 	C:\Users\Xinto\.gradle\native\12488b8bf47d2d4c9fbf2f6322a914ad602e24e48041cd04a747c6da556b65c4\windows-amd64\native-platform-file-events.dll
0x00007ff99df60000 - 0x00007ff99df6d000 	C:\Program Files\Android\Android Studio\jre\jre\bin\management.dll
0x00007ff9a5b50000 - 0x00007ff9a5b68000 	C:\WINDOWS\SYSTEM32\CRYPTSP.dll
0x00007ff9a52c0000 - 0x00007ff9a52f4000 	C:\WINDOWS\system32\rsaenh.dll
0x00007ff9a6750000 - 0x00007ff9a6777000 	C:\WINDOWS\System32\bcrypt.dll
0x00007ff9a6140000 - 0x00007ff9a616e000 	C:\WINDOWS\SYSTEM32\USERENV.dll
0x00007ff9a6680000 - 0x00007ff9a6700000 	C:\WINDOWS\System32\bcryptprimitives.dll
0x00007ff9a5a80000 - 0x00007ff9a5a8c000 	C:\WINDOWS\SYSTEM32\CRYPTBASE.dll
0x00007ff9a5610000 - 0x00007ff9a564b000 	C:\WINDOWS\SYSTEM32\IPHLPAPI.DLL
0x00007ff9a6d90000 - 0x00007ff9a6d98000 	C:\WINDOWS\System32\NSI.dll
0x00007ff9a0090000 - 0x00007ff9a00a7000 	C:\WINDOWS\SYSTEM32\dhcpcsvc6.DLL
0x00007ff9a0500000 - 0x00007ff9a051d000 	C:\WINDOWS\SYSTEM32\dhcpcsvc.DLL
0x00007ff9a5650000 - 0x00007ff9a571b000 	C:\WINDOWS\SYSTEM32\DNSAPI.dll
0x00007ff9a09c0000 - 0x00007ff9a09cb000 	C:\WINDOWS\SYSTEM32\WINNSI.DLL

VM Arguments:
jvm_args: -Xmx1536M -Dfile.encoding=windows-1252 -Duser.country=US -Duser.language=en -Duser.variant 
java_command: org.gradle.launcher.daemon.bootstrap.GradleDaemon 6.8
java_class_path (initial): C:\Users\Xinto\.gradle\wrapper\dists\gradle-6.8-bin\1jblhjyydfkclfzx1agp92nyl\gradle-6.8\lib\gradle-launcher-6.8.jar
Launcher Type: SUN_STANDARD

Environment Variables:
PATH=C:\Program Files (x86)\Common Files\Oracle\Java\javapath;C:\Program Files\Common Files\Oracle\Java\javapath;C:\Program Files (x86)\Common Files\Intel\Shared Libraries\redist\intel64\compiler;C:\Program Files (x86)\NVIDIA Corporation\PhysX\Common;C:\WINDOWS\system32;C:\WINDOWS;C:\WINDOWS\System32\Wbem;C:\WINDOWS\System32\WindowsPowerShell\v1.0\;C:\WINDOWS\System32\OpenSSH\;C:\Program Files\Git\cmd;C:\Program Files\dotnet\;C:\Users\Xinto\AppData\Local\Microsoft\WindowsApps;C:\Users\Xinto\.dotnet\tools
USERNAME=Xinto
OS=Windows_NT
PROCESSOR_IDENTIFIER=Intel64 Family 6 Model 165 Stepping 3, GenuineIntel



---------------  S Y S T E M  ---------------

OS: Windows 10.0 , 64 bit Build 19041 (10.0.19041.662)

CPU:total 8 (initial active 8) (4 cores per cpu, 2 threads per core) family 6 model 165 stepping 3, cmov, cx8, fxsr, mmx, sse, sse2, sse3, ssse3, sse4.1, sse4.2, popcnt, avx, avx2, aes, clmul, erms, 3dnowpref, lzcnt, ht, tsc, tscinvbit, bmi1, bmi2, adx

Memory: 4k page, physical 8279568k(1256668k free), swap 10839568k(4928k free)

vm_info: OpenJDK 64-Bit Server VM (25.242-b01) for windows-amd64 JRE (1.8.0_242-release-1644-b01), built by "builder" with MS VC++ 10.0 (VS2010)

time: Sun Jan 17 00:53:57 2021
timezone: Georgian Standard Time
elapsed time: 16 seconds (0d 0h 0m 16s)

