#
# There is insufficient memory for the Java Runtime Environment to continue.
# Native memory allocation (malloc) failed to allocate 32744 bytes for ChunkPool::allocate
# Possible reasons:
#   The system is out of physical RAM or swap space
#   The process is running with CompressedOops enabled, and the Java Heap may be blocking the growth of the native heap
# Possible solutions:
#   Reduce memory load on the system
#   Increase physical memory or swap space
#   Check if swap backing store is full
#   Decrease Java heap size (-Xmx/-Xms)
#   Decrease number of Java threads
#   Decrease Java thread stack sizes (-Xss)
#   Set larger code cache with -XX:ReservedCodeCacheSize=
#   JVM is running with Unscaled Compressed Oops mode in which the Java heap is
#     placed in the first 4GB address space. The Java Heap base address is the
#     maximum limit for the native heap growth. Please use -XX:HeapBaseMinAddress
#     to set the Java Heap base and to place the Java Heap above 4GB virtual address.
# This output file may be truncated or incomplete.
#
#  Out of Memory Error (allocation.cpp:272), pid=1456, tid=0x0000000000003060
#
# JRE version: OpenJDK Runtime Environment (8.0_242-b01) (build 1.8.0_242-release-1644-b01)
# Java VM: OpenJDK 64-Bit Server VM (25.242-b01 mixed mode windows-amd64 compressed oops)
# Failed to write core dump. Minidumps are not enabled by default on client versions of Windows
#

---------------  T H R E A D  ---------------

Current thread (0x0000000017d9c000):  JavaThread "C2 CompilerThread1" daemon [_thread_in_native, id=12384, stack(0x000000001a570000,0x000000001a670000)]

Stack: [0x000000001a570000,0x000000001a670000]
[error occurred during error reporting (printing stack bounds), id 0xc0000005]

Native frames: (J=compiled Java code, j=interpreted, Vv=VM code, C=native code)


Current CompileTask:
C2:   1169 1627       4       java.net.URLClassLoader$1::run (5 bytes)


---------------  P R O C E S S  ---------------

Java Threads: ( => current thread )
  0x0000000019bb8800 JavaThread "Service Thread" daemon [_thread_blocked, id=12312, stack(0x000000001a870000,0x000000001a970000)]
  0x0000000019bac800 JavaThread "C1 CompilerThread3" daemon [_thread_in_vm, id=2592, stack(0x000000001a770000,0x000000001a870000)]
  0x0000000019ba7000 JavaThread "C2 CompilerThread2" daemon [_thread_in_native, id=6936, stack(0x000000001a670000,0x000000001a770000)]
=>0x0000000017d9c000 JavaThread "C2 CompilerThread1" daemon [_thread_in_native, id=12384, stack(0x000000001a570000,0x000000001a670000)]
  0x0000000017d9a000 JavaThread "C2 CompilerThread0" daemon [_thread_in_native, id=8420, stack(0x000000001a470000,0x000000001a570000)]
  0x0000000019ba4800 JavaThread "Attach Listener" daemon [_thread_blocked, id=11996, stack(0x000000001a370000,0x000000001a470000)]
  0x0000000019ba3800 JavaThread "Signal Dispatcher" daemon [_thread_blocked, id=9440, stack(0x000000001a270000,0x000000001a370000)]
  0x0000000019b90800 JavaThread "Finalizer" daemon [_thread_blocked, id=10028, stack(0x000000001a070000,0x000000001a170000)]
  0x0000000002df6800 JavaThread "Reference Handler" daemon [_thread_blocked, id=11008, stack(0x0000000019f70000,0x000000001a070000)]
  0x0000000002cfe800 JavaThread "main" [_thread_in_vm, id=7508, stack(0x0000000002bd0000,0x0000000002cd0000)]

Other Threads:
  0x0000000017d87800 VMThread [stack: 0x0000000019a70000,0x0000000019b70000] [id=7096]
  0x0000000019bb9800 WatcherThread [stack: 0x000000001a970000,0x000000001aa70000] [id=11740]

VM state:not at safepoint (normal execution)

VM Mutex/Monitor currently owned by a thread: None

OutOfMemory and StackOverflow Exception counts:
OutOfMemoryError java_heap_errors=1

heap address: 0x0000000081a00000, size: 2022 MB, Compressed Oops mode: 32-bit
Narrow klass base: 0x0000000000000000, Narrow klass shift: 3
Compressed class space size: 1073741824 Address: 0x0000000100000000

Heap:
 PSYoungGen      total 71680K, used 33606K [0x00000000d5e00000, 0x00000000dea00000, 0x0000000100000000)
  eden space 66560K, 50% used [0x00000000d5e00000,0x00000000d7ed19b0,0x00000000d9f00000)
  from space 5120K, 0% used [0x00000000d9f00000,0x00000000d9f00000,0x00000000da400000)
  to   space 5120K, 0% used [0x00000000de500000,0x00000000de500000,0x00000000dea00000)
 ParOldGen       total 80384K, used 14957K [0x0000000081a00000, 0x0000000086880000, 0x00000000d5e00000)
  object space 80384K, 18% used [0x0000000081a00000,0x000000008289b5e0,0x0000000086880000)
 Metaspace       used 24073K, capacity 24546K, committed 24832K, reserved 1071104K
  class space    used 3104K, capacity 3243K, committed 3328K, reserved 1048576K

Card table byte_map: [0x00000000121c0000,0x00000000125c0000] byte_map_base: 0x0000000011db3000

Marking Bits: (ParMarkBitMap*) 0x00000000657df030
 Begin Bits: [0x0000000013070000, 0x0000000015008000)
 End Bits:   [0x0000000015008000, 0x0000000016fa0000)

Polling page: 0x0000000000ec0000

CodeCache: size=245760Kb used=5765Kb max_used=5765Kb free=239994Kb
 bounds [0x0000000002e00000, 0x00000000033b0000, 0x0000000011e00000]
 total_blobs=2286 nmethods=1838 adapters=361
 compilation: enabled

Compilation events (10 events):
Event: 1.166 Thread 0x0000000019bac800 nmethod 1838 0x000000000339fcd0 code [0x000000000339fe40, 0x00000000033a0008]
Event: 1.167 Thread 0x0000000019bac800 1839       3       java.nio.charset.Charset::atBugLevel (44 bytes)
Event: 1.167 Thread 0x0000000019bac800 nmethod 1839 0x00000000033a0090 code [0x00000000033a0240, 0x00000000033a07d8]
Event: 1.168 Thread 0x0000000019bac800 1840       3       sun.misc.ASCIICaseInsensitiveComparator::lowerCaseHashCode (36 bytes)
Event: 1.168 Thread 0x0000000019bac800 nmethod 1840 0x00000000033a0990 code [0x00000000033a0b40, 0x00000000033a11a8]
Event: 1.168 Thread 0x0000000019bac800 1841       3       java.lang.StringCoding::scale (7 bytes)
Event: 1.168 Thread 0x0000000019bac800 nmethod 1841 0x000000000338ed10 code [0x000000000338ee60, 0x000000000338efd0]
Event: 1.168 Thread 0x0000000019bac800 1842       3       java.lang.String::<init> (38 bytes)
Event: 1.168 Thread 0x0000000019bac800 nmethod 1842 0x00000000033a14d0 code [0x00000000033a1660, 0x00000000033a19a8]
Event: 1.168 Thread 0x0000000019bac800 1843   !   3       java.lang.StringCoding::decode (120 bytes)

GC Heap History (8 events):
Event: 0.378 GC heap before
{Heap before GC invocations=1 (full 0):
 PSYoungGen      total 38400K, used 33280K [0x00000000d5e00000, 0x00000000d8880000, 0x0000000100000000)
  eden space 33280K, 100% used [0x00000000d5e00000,0x00000000d7e80000,0x00000000d7e80000)
  from space 5120K, 0% used [0x00000000d8380000,0x00000000d8380000,0x00000000d8880000)
  to   space 5120K, 0% used [0x00000000d7e80000,0x00000000d7e80000,0x00000000d8380000)
 ParOldGen       total 87552K, used 0K [0x0000000081a00000, 0x0000000086f80000, 0x00000000d5e00000)
  object space 87552K, 0% used [0x0000000081a00000,0x0000000081a00000,0x0000000086f80000)
 Metaspace       used 10265K, capacity 10394K, committed 10624K, reserved 1058816K
  class space    used 1091K, capacity 1147K, committed 1152K, reserved 1048576K
Event: 0.382 GC heap after
Heap after GC invocations=1 (full 0):
 PSYoungGen      total 38400K, used 5105K [0x00000000d5e00000, 0x00000000da900000, 0x0000000100000000)
  eden space 33280K, 0% used [0x00000000d5e00000,0x00000000d5e00000,0x00000000d7e80000)
  from space 5120K, 99% used [0x00000000d7e80000,0x00000000d837c5f8,0x00000000d8380000)
  to   space 5120K, 0% used [0x00000000da400000,0x00000000da400000,0x00000000da900000)
 ParOldGen       total 87552K, used 2566K [0x0000000081a00000, 0x0000000086f80000, 0x00000000d5e00000)
  object space 87552K, 2% used [0x0000000081a00000,0x0000000081c818b0,0x0000000086f80000)
 Metaspace       used 10265K, capacity 10394K, committed 10624K, reserved 1058816K
  class space    used 1091K, capacity 1147K, committed 1152K, reserved 1048576K
}
Event: 0.670 GC heap before
{Heap before GC invocations=2 (full 0):
 PSYoungGen      total 38400K, used 38385K [0x00000000d5e00000, 0x00000000da900000, 0x0000000100000000)
  eden space 33280K, 100% used [0x00000000d5e00000,0x00000000d7e80000,0x00000000d7e80000)
  from space 5120K, 99% used [0x00000000d7e80000,0x00000000d837c5f8,0x00000000d8380000)
  to   space 5120K, 0% used [0x00000000da400000,0x00000000da400000,0x00000000da900000)
 ParOldGen       total 87552K, used 2566K [0x0000000081a00000, 0x0000000086f80000, 0x00000000d5e00000)
  object space 87552K, 2% used [0x0000000081a00000,0x0000000081c818b0,0x0000000086f80000)
 Metaspace       used 16091K, capacity 16350K, committed 16512K, reserved 1064960K
  class space    used 1841K, capacity 1903K, committed 1920K, reserved 1048576K
Event: 0.676 GC heap after
Heap after GC invocations=2 (full 0):
 PSYoungGen      total 71680K, used 5104K [0x00000000d5e00000, 0x00000000da900000, 0x0000000100000000)
  eden space 66560K, 0% used [0x00000000d5e00000,0x00000000d5e00000,0x00000000d9f00000)
  from space 5120K, 99% used [0x00000000da400000,0x00000000da8fc030,0x00000000da900000)
  to   space 5120K, 0% used [0x00000000d9f00000,0x00000000d9f00000,0x00000000da400000)
 ParOldGen       total 87552K, used 7600K [0x0000000081a00000, 0x0000000086f80000, 0x00000000d5e00000)
  object space 87552K, 8% used [0x0000000081a00000,0x000000008216c2c0,0x0000000086f80000)
 Metaspace       used 16091K, capacity 16350K, committed 16512K, reserved 1064960K
  class space    used 1841K, capacity 1903K, committed 1920K, reserved 1048576K
}
Event: 0.851 GC heap before
{Heap before GC invocations=3 (full 0):
 PSYoungGen      total 71680K, used 29463K [0x00000000d5e00000, 0x00000000da900000, 0x0000000100000000)
  eden space 66560K, 36% used [0x00000000d5e00000,0x00000000d75c9d30,0x00000000d9f00000)
  from space 5120K, 99% used [0x00000000da400000,0x00000000da8fc030,0x00000000da900000)
  to   space 5120K, 0% used [0x00000000d9f00000,0x00000000d9f00000,0x00000000da400000)
 ParOldGen       total 87552K, used 7600K [0x0000000081a00000, 0x0000000086f80000, 0x00000000d5e00000)
  object space 87552K, 8% used [0x0000000081a00000,0x000000008216c2c0,0x0000000086f80000)
 Metaspace       used 20729K, capacity 21118K, committed 21248K, reserved 1069056K
  class space    used 2379K, capacity 2515K, committed 2560K, reserved 1048576K
Event: 0.857 GC heap after
Heap after GC invocations=3 (full 0):
 PSYoungGen      total 71680K, used 5088K [0x00000000d5e00000, 0x00000000dea00000, 0x0000000100000000)
  eden space 66560K, 0% used [0x00000000d5e00000,0x00000000d5e00000,0x00000000d9f00000)
  from space 5120K, 99% used [0x00000000d9f00000,0x00000000da3f8270,0x00000000da400000)
  to   space 5120K, 0% used [0x00000000de500000,0x00000000de500000,0x00000000dea00000)
 ParOldGen       total 87552K, used 17624K [0x0000000081a00000, 0x0000000086f80000, 0x00000000d5e00000)
  object space 87552K, 20% used [0x0000000081a00000,0x0000000082b36158,0x0000000086f80000)
 Metaspace       used 20729K, capacity 21118K, committed 21248K, reserved 1069056K
  class space    used 2379K, capacity 2515K, committed 2560K, reserved 1048576K
}
Event: 0.857 GC heap before
{Heap before GC invocations=4 (full 1):
 PSYoungGen      total 71680K, used 5088K [0x00000000d5e00000, 0x00000000dea00000, 0x0000000100000000)
  eden space 66560K, 0% used [0x00000000d5e00000,0x00000000d5e00000,0x00000000d9f00000)
  from space 5120K, 99% used [0x00000000d9f00000,0x00000000da3f8270,0x00000000da400000)
  to   space 5120K, 0% used [0x00000000de500000,0x00000000de500000,0x00000000dea00000)
 ParOldGen       total 87552K, used 17624K [0x0000000081a00000, 0x0000000086f80000, 0x00000000d5e00000)
  object space 87552K, 20% used [0x0000000081a00000,0x0000000082b36158,0x0000000086f80000)
 Metaspace       used 20729K, capacity 21118K, committed 21248K, reserved 1069056K
  class space    used 2379K, capacity 2515K, committed 2560K, reserved 1048576K
Event: 0.888 GC heap after
Heap after GC invocations=4 (full 1):
 PSYoungGen      total 71680K, used 0K [0x00000000d5e00000, 0x00000000dea00000, 0x0000000100000000)
  eden space 66560K, 0% used [0x00000000d5e00000,0x00000000d5e00000,0x00000000d9f00000)
  from space 5120K, 0% used [0x00000000d9f00000,0x00000000d9f00000,0x00000000da400000)
  to   space 5120K, 0% used [0x00000000de500000,0x00000000de500000,0x00000000dea00000)
 ParOldGen       total 80384K, used 14957K [0x0000000081a00000, 0x0000000086880000, 0x00000000d5e00000)
  object space 80384K, 18% used [0x0000000081a00000,0x000000008289b5e0,0x0000000086880000)
 Metaspace       used 20729K, capacity 21118K, committed 21248K, reserved 1069056K
  class space    used 2379K, capacity 2515K, committed 2560K, reserved 1048576K
}

Deoptimization events (10 events):
Event: 0.721 Thread 0x0000000002cfe800 Uncommon trap: reason=class_check action=maybe_recompile pc=0x0000000003188540 method=java.util.Collections$UnmodifiableCollection.size()I @ 4
Event: 0.721 Thread 0x0000000002cfe800 Uncommon trap: reason=class_check action=maybe_recompile pc=0x000000000319b1ec method=java.util.Collections$UnmodifiableList.get(I)Ljava/lang/Object; @ 5
Event: 0.721 Thread 0x0000000002cfe800 Uncommon trap: reason=class_check action=maybe_recompile pc=0x000000000319b1ec method=java.util.Collections$UnmodifiableList.get(I)Ljava/lang/Object; @ 5
Event: 0.729 Thread 0x0000000002cfe800 Uncommon trap: reason=unstable_if action=reinterpret pc=0x0000000003028ee0 method=sun.misc.MetaIndex.mayContain(Ljava/lang/String;)Z @ 38
Event: 0.730 Thread 0x0000000002cfe800 Uncommon trap: reason=unstable_if action=reinterpret pc=0x0000000003276054 method=sun.misc.MetaIndex.mayContain(Ljava/lang/String;)Z @ 38
Event: 0.756 Thread 0x0000000002cfe800 Uncommon trap: reason=unstable_if action=reinterpret pc=0x00000000032cb71c method=java.util.Arrays.equals([B[B)Z @ 2
Event: 0.841 Thread 0x0000000002cfe800 Uncommon trap: reason=unstable_if action=reinterpret pc=0x0000000002fb3c88 method=java.lang.String.startsWith(Ljava/lang/String;I)Z @ 25
Event: 1.074 Thread 0x0000000002cfe800 Uncommon trap: reason=unstable_if action=reinterpret pc=0x000000000336d288 method=org.jetbrains.kotlin.com.intellij.openapi.vfs.impl.ZipEntryMap.isTheOne(Lorg/jetbrains/kotlin/com/intellij/openapi/vfs/impl/ArchiveHandler$EntryInfo;Ljava/lang/CharSequence;
Event: 1.075 Thread 0x0000000002cfe800 Uncommon trap: reason=unstable_if action=reinterpret pc=0x0000000003360a54 method=org.jetbrains.kotlin.com.intellij.openapi.vfs.impl.ZipEntryMap.isTheOne(Lorg/jetbrains/kotlin/com/intellij/openapi/vfs/impl/ArchiveHandler$EntryInfo;Ljava/lang/CharSequence;
Event: 1.146 Thread 0x0000000002cfe800 Uncommon trap: reason=unstable_if action=reinterpret pc=0x000000000337ac0c method=org.jetbrains.kotlin.com.intellij.openapi.vfs.impl.ZipEntryMap.isTheOne(Lorg/jetbrains/kotlin/com/intellij/openapi/vfs/impl/ArchiveHandler$EntryInfo;Ljava/lang/CharSequence;

Classes redefined (0 events):
No events

Internal exceptions (10 events):
Event: 0.230 Thread 0x0000000002cfe800 Exception <a 'java/security/PrivilegedActionException'> (0x00000000d6dc3878) thrown at [C:\src\AOSP-openjdk-git\hotspot\src\share\vm\prims\jvm.cpp, line 1502]
Event: 0.230 Thread 0x0000000002cfe800 Exception <a 'java/security/PrivilegedActionException'> (0x00000000d6dc3c70) thrown at [C:\src\AOSP-openjdk-git\hotspot\src\share\vm\prims\jvm.cpp, line 1502]
Event: 0.298 Thread 0x0000000002cfe800 Implicit null exception at 0x0000000002f7cb9b to 0x0000000002f7cd45
Event: 0.353 Thread 0x0000000002cfe800 Exception <a 'java/lang/ArrayIndexOutOfBoundsException'> (0x00000000d7b91478) thrown at [C:\src\AOSP-openjdk-git\hotspot\src\share\vm\runtime\sharedRuntime.cpp, line 605]
Event: 0.454 Thread 0x0000000002cfe800 Exception <a 'java/lang/ArrayIndexOutOfBoundsException'> (0x00000000d655b918) thrown at [C:\src\AOSP-openjdk-git\hotspot\src\share\vm\runtime\sharedRuntime.cpp, line 605]
Event: 0.684 Thread 0x0000000002cfe800 Exception <a 'java/lang/NoSuchMethodError': java.lang.Object.lambda$comparing$77a9974f$1(Ljava/util/function/Function;Ljava/lang/Object;Ljava/lang/Object;)I> (0x00000000d5eb2928) thrown at [C:\src\AOSP-openjdk-git\hotspot\src\share\vm\interpreter\linkReso
Event: 0.693 Thread 0x0000000002cfe800 Exception <a 'java/lang/NoSuchMethodError': java.lang.Object.lambda$static$0()J> (0x00000000d6117e68) thrown at [C:\src\AOSP-openjdk-git\hotspot\src\share\vm\interpreter\linkResolver.cpp, line 620]
Event: 0.812 Thread 0x0000000002cfe800 Exception <a 'java/lang/NoSuchMethodError': java.lang.Object.lambda$static$0(I)[Lorg/jetbrains/kotlin/com/intellij/openapi/editor/event/DocumentListener;> (0x00000000d705f848) thrown at [C:\src\AOSP-openjdk-git\hotspot\src\share\vm\interpreter\linkResolve
Event: 0.830 Thread 0x0000000002cfe800 Exception <a 'java/lang/NoSuchMethodError': java.lang.Object.lambda$static$0(I)[Lorg/jetbrains/kotlin/com/intellij/psi/PsiAnnotation;> (0x00000000d7288210) thrown at [C:\src\AOSP-openjdk-git\hotspot\src\share\vm\interpreter\linkResolver.cpp, line 620]
Event: 0.913 Thread 0x0000000002cfe800 Exception <a 'java/lang/NoSuchMethodError': java.lang.Object.lambda$static$0(I)[Lorg/jetbrains/kotlin/com/intellij/psi/PsiElement;> (0x00000000d608ae28) thrown at [C:\src\AOSP-openjdk-git\hotspot\src\share\vm\interpreter\linkResolver.cpp, line 620]

Events (10 events):
Event: 1.159 loading class org/jetbrains/kotlin/cli/jvm/JvmRuntimeVersionsConsistencyChecker$FileKind$Runtime
Event: 1.159 loading class org/jetbrains/kotlin/cli/jvm/JvmRuntimeVersionsConsistencyChecker$FileKind$Runtime done
Event: 1.159 loading class org/jetbrains/kotlin/com/intellij/openapi/vfs/VfsUtilCore
Event: 1.159 loading class org/jetbrains/kotlin/com/intellij/openapi/vfs/VfsUtilCore done
Event: 1.160 loading class org/jetbrains/kotlin/com/intellij/openapi/vfs/VirtualFileVisitor
Event: 1.160 loading class org/jetbrains/kotlin/com/intellij/openapi/vfs/VirtualFileVisitor done
Event: 1.160 loading class org/jetbrains/kotlin/com/intellij/openapi/vfs/VfsUtilCore$2
Event: 1.160 loading class org/jetbrains/kotlin/com/intellij/openapi/vfs/VfsUtilCore$2 done
Event: 1.160 loading class org/jetbrains/kotlin/cli/jvm/JvmRuntimeVersionsConsistencyChecker$KotlinLibraryFile
Event: 1.160 loading class org/jetbrains/kotlin/cli/jvm/JvmRuntimeVersionsConsistencyChecker$KotlinLibraryFile done


Dynamic libraries:
0x00007ff7950f0000 - 0x00007ff795121000 	C:\Program Files\Android\Android Studio\jre\jre\bin\java.exe
0x00007ff9a8b10000 - 0x00007ff9a8d06000 	C:\WINDOWS\SYSTEM32\ntdll.dll
0x00007ff9a8860000 - 0x00007ff9a891d000 	C:\WINDOWS\System32\KERNEL32.DLL
0x00007ff9a6250000 - 0x00007ff9a6519000 	C:\WINDOWS\System32\KERNELBASE.dll
0x00007ff9a8920000 - 0x00007ff9a89cc000 	C:\WINDOWS\System32\ADVAPI32.dll
0x00007ff9a6f60000 - 0x00007ff9a6ffe000 	C:\WINDOWS\System32\msvcrt.dll
0x00007ff9a8a30000 - 0x00007ff9a8acc000 	C:\WINDOWS\System32\sechost.dll
0x00007ff9a80a0000 - 0x00007ff9a81cb000 	C:\WINDOWS\System32\RPCRT4.dll
0x00007ff9a77b0000 - 0x00007ff9a7950000 	C:\WINDOWS\System32\USER32.dll
0x00007ff9a6990000 - 0x00007ff9a69b2000 	C:\WINDOWS\System32\win32u.dll
0x00007ff9a7700000 - 0x00007ff9a772a000 	C:\WINDOWS\System32\GDI32.dll
0x00007ff9a6a60000 - 0x00007ff9a6b6b000 	C:\WINDOWS\System32\gdi32full.dll
0x00007ff9a69c0000 - 0x00007ff9a6a5d000 	C:\WINDOWS\System32\msvcp_win.dll
0x00007ff9a6520000 - 0x00007ff9a6620000 	C:\WINDOWS\System32\ucrtbase.dll
0x00007ff9979e0000 - 0x00007ff997c7b000 	C:\WINDOWS\WinSxS\amd64_microsoft.windows.common-controls_6595b64144ccf1df_6.0.19041.746_none_ca02b4b61b8320a4\COMCTL32.dll
0x00007ff9a6b70000 - 0x00007ff9a6ba0000 	C:\WINDOWS\System32\IMM32.DLL
0x0000000064e50000 - 0x0000000064f22000 	C:\Program Files\Android\Android Studio\jre\jre\bin\msvcr100.dll
0x0000000065010000 - 0x000000006585b000 	C:\Program Files\Android\Android Studio\jre\jre\bin\server\jvm.dll
0x00007ff9a72a0000 - 0x00007ff9a72a8000 	C:\WINDOWS\System32\PSAPI.DLL
0x00007ff99df80000 - 0x00007ff99df89000 	C:\WINDOWS\SYSTEM32\WSOCK32.dll
0x00007ff995ff0000 - 0x00007ff996017000 	C:\WINDOWS\SYSTEM32\WINMM.dll
0x00007ff9a4270000 - 0x00007ff9a427a000 	C:\WINDOWS\SYSTEM32\VERSION.dll
0x00007ff9a81d0000 - 0x00007ff9a823b000 	C:\WINDOWS\System32\WS2_32.dll
0x00007ff99df70000 - 0x00007ff99df7f000 	C:\Program Files\Android\Android Studio\jre\jre\bin\verify.dll
0x00007ff990be0000 - 0x00007ff990c09000 	C:\Program Files\Android\Android Studio\jre\jre\bin\java.dll
0x00007ff990bc0000 - 0x00007ff990bd6000 	C:\Program Files\Android\Android Studio\jre\jre\bin\zip.dll
0x00007ff9a7950000 - 0x00007ff9a8093000 	C:\WINDOWS\System32\SHELL32.dll
0x00007ff9a4370000 - 0x00007ff9a4aff000 	C:\WINDOWS\SYSTEM32\windows.storage.dll
0x00007ff9a7310000 - 0x00007ff9a7666000 	C:\WINDOWS\System32\combase.dll
0x00007ff9a5b10000 - 0x00007ff9a5b3c000 	C:\WINDOWS\SYSTEM32\Wldp.dll
0x00007ff9a7000000 - 0x00007ff9a70ae000 	C:\WINDOWS\System32\SHCORE.dll
0x00007ff9a89d0000 - 0x00007ff9a8a25000 	C:\WINDOWS\System32\shlwapi.dll
0x00007ff9a6180000 - 0x00007ff9a61a6000 	C:\WINDOWS\SYSTEM32\profapi.dll
0x00007ff990ba0000 - 0x00007ff990bba000 	C:\Program Files\Android\Android Studio\jre\jre\bin\net.dll
0x00007ff9a5900000 - 0x00007ff9a596a000 	C:\WINDOWS\system32\mswsock.dll
0x00007ff990b80000 - 0x00007ff990b93000 	C:\Program Files\Android\Android Studio\jre\jre\bin\nio.dll

VM Arguments:
java_command: org.jetbrains.kotlin.cli.jvm.K2JVMCompiler @C:\Users\Xinto\StudioProjects\VancedManager\library-network\build\20210117_2656571068650106043.compiler.options
java_class_path (initial): C:\Users\Xinto\.gradle\caches\modules-2\files-2.1\org.jetbrains.kotlin\kotlin-compiler-embeddable\1.4.21\87db94500aaf883536ae8c8efdee76bdc839d582\kotlin-compiler-embeddable-1.4.21.jar;C:\Users\Xinto\.gradle\caches\modules-2\files-2.1\org.jetbrains.kotlin\kotlin-reflect\1.4.21\748f681f4e3edbe9285ff46710c79049c70f4dfa\kotlin-reflect-1.4.21.jar;C:\Users\Xinto\.gradle\caches\modules-2\files-2.1\org.jetbrains.kotlin\kotlin-stdlib\1.4.21\4a668382d7c38688d3490afde93b6a113ed46698\kotlin-stdlib-1.4.21.jar;C:\Users\Xinto\.gradle\caches\modules-2\files-2.1\org.jetbrains.kotlin\kotlin-script-runtime\1.4.21\1247decba314790165b4fe94d09c45b09db6b07f\kotlin-script-runtime-1.4.21.jar;C:\Users\Xinto\.gradle\caches\modules-2\files-2.1\org.jetbrains.kotlin\kotlin-daemon-embeddable\1.4.21\bc95bcebdc871d45d9852b0c01abe9bec373bb52\kotlin-daemon-embeddable-1.4.21.jar;C:\Users\Xinto\.gradle\caches\modules-2\files-2.1\org.jetbrains.intellij.deps\trove4j\1.0.20181211\216c2e14b070f334479d800987affe4054cd563f\trove4j-1.0.20181211.jar;C:\Users\Xinto\.gradle\caches\modules-2\files-2.1\org.jetbrains.kotlin\kotlin-stdlib-common\1.4.21\7f48a062aa4b53215998780f7c245a4276828e1d\kotlin-stdlib-common-1.4.21.jar;C:\Users\Xinto\.gradle\caches\modules-2\files-2.1\org.jetbrains\annotations\13.0\919f0dfe192fb4e063e7dacadee7f8bb9a2672a9\annotations-13.0.jar;C:\Program Files\Android\Android Studio\jre\lib\tools.jar
Launcher Type: SUN_STANDARD

Environment Variables:
PATH=C:\Program Files (x86)\Common Files\Oracle\Java\javapath;C:\Program Files\Common Files\Oracle\Java\javapath;C:\Program Files (x86)\Common Files\Intel\Shared Libraries\redist\intel64\compiler;C:\Program Files (x86)\NVIDIA Corporation\PhysX\Common;C:\WINDOWS\system32;C:\WINDOWS;C:\WINDOWS\System32\Wbem;C:\WINDOWS\System32\WindowsPowerShell\v1.0\;C:\WINDOWS\System32\OpenSSH\;C:\Program Files\Git\cmd;C:\Program Files\dotnet\;C:\Users\Xinto\AppData\Local\Microsoft\WindowsApps;C:\Users\Xinto\.dotnet\tools
USERNAME=Xinto
OS=Windows_NT
PROCESSOR_IDENTIFIER=Intel64 Family 6 Model 165 Stepping 3, GenuineIntel



---------------  S Y S T E M  ---------------

OS: Windows 10.0 , 64 bit Build 19041 (10.0.19041.662)

CPU:total 8 (initial active 8) (4 cores per cpu, 2 threads per core) family 6 model 165 stepping 3, cmov, cx8, fxsr, mmx, sse, sse2, sse3, ssse3, sse4.1, sse4.2, popcnt, avx, avx2, aes, clmul, erms, 3dnowpref, lzcnt, ht, tsc, tscinvbit, bmi1, bmi2, adx

Memory: 4k page, physical 8279568k(1227540k free), swap 10839568k(5124k free)

vm_info: OpenJDK 64-Bit Server VM (25.242-b01) for windows-amd64 JRE (1.8.0_242-release-1644-b01), built by "builder" with MS VC++ 10.0 (VS2010)

time: Sun Jan 17 00:39:49 2021
timezone: Georgian Standard Time
elapsed time: 1 seconds (0d 0h 0m 1s)

