#
# There is insufficient memory for the Java Runtime Environment to continue.
# Native memory allocation (malloc) failed to allocate 32744 bytes for ChunkPool::allocate
# Possible reasons:
#   The system is out of physical RAM or swap space
#   The process is running with CompressedOops enabled, and the Java Heap may be blocking the growth of the native heap
# Possible solutions:
#   Reduce memory load on the system
#   Increase physical memory or swap space
#   Check if swap backing store is full
#   Decrease Java heap size (-Xmx/-Xms)
#   Decrease number of Java threads
#   Decrease Java thread stack sizes (-Xss)
#   Set larger code cache with -XX:ReservedCodeCacheSize=
#   JVM is running with Unscaled Compressed Oops mode in which the Java heap is
#     placed in the first 4GB address space. The Java Heap base address is the
#     maximum limit for the native heap growth. Please use -XX:HeapBaseMinAddress
#     to set the Java Heap base and to place the Java Heap above 4GB virtual address.
# This output file may be truncated or incomplete.
#
#  Out of Memory Error (allocation.cpp:272), pid=5548, tid=0x0000000000002ad4
#
# JRE version: OpenJDK Runtime Environment (8.0_242-b01) (build 1.8.0_242-release-1644-b01)
# Java VM: OpenJDK 64-Bit Server VM (25.242-b01 mixed mode windows-amd64 compressed oops)
# Failed to write core dump. Minidumps are not enabled by default on client versions of Windows
#

---------------  T H R E A D  ---------------

Current thread (0x000000001b460800):  JavaThread "Daemon worker" [_thread_in_vm, id=10964, stack(0x000000001d010000,0x000000001d110000)]

Stack: [0x000000001d010000,0x000000001d110000]
[error occurred during error reporting (printing stack bounds), id 0xc0000005]

Native frames: (J=compiled Java code, j=interpreted, Vv=VM code, C=native code)

Java frames: (J=compiled Java code, j=interpreted, Vv=VM code)
J 987  java.lang.ClassLoader.defineClass1(Ljava/lang/String;[BIILjava/security/ProtectionDomain;Ljava/lang/String;)Ljava/lang/Class; (0 bytes) @ 0x00000000031146df [0x0000000003114640+0x9f]
J 7308 C1 java.lang.ClassLoader.defineClass(Ljava/lang/String;[BIILjava/security/ProtectionDomain;)Ljava/lang/Class; (43 bytes) @ 0x00000000043231a4 [0x0000000004322bc0+0x5e4]
J 593 C1 java.net.URLClassLoader.defineClass(Ljava/lang/String;Lsun/misc/Resource;)Ljava/lang/Class; (142 bytes) @ 0x0000000002fad464 [0x0000000002fab900+0x1b64]
J 9530 C1 java.net.URLClassLoader$1.run()Ljava/lang/Class; (63 bytes) @ 0x0000000004868294 [0x0000000004867fe0+0x2b4]
J 9529 C1 java.net.URLClassLoader$1.run()Ljava/lang/Object; (5 bytes) @ 0x00000000048672bc [0x0000000004867240+0x7c]
v  ~StubRoutines::call_stub
J 440  java.security.AccessController.doPrivileged(Ljava/security/PrivilegedExceptionAction;Ljava/security/AccessControlContext;)Ljava/lang/Object; (0 bytes) @ 0x0000000002f37be6 [0x0000000002f37b80+0x66]
J 1496 C2 java.net.URLClassLoader.findClass(Ljava/lang/String;)Ljava/lang/Class; (47 bytes) @ 0x0000000003261d70 [0x0000000003261ce0+0x90]
J 3145 C2 java.lang.ClassLoader.loadClass(Ljava/lang/String;Z)Ljava/lang/Class; (122 bytes) @ 0x00000000038d1fc0 [0x00000000038d1bc0+0x400]
J 2279 C2 java.lang.ClassLoader.loadClass(Ljava/lang/String;)Ljava/lang/Class; (7 bytes) @ 0x00000000034f5000 [0x00000000034f4fc0+0x40]
v  ~StubRoutines::call_stub
j  com.android.build.gradle.internal.dependency.SubtractingArtifactCollection.<init>(Lorg/gradle/api/artifacts/ArtifactCollection;Lorg/gradle/api/artifacts/ArtifactCollection;Lorg/gradle/api/model/ObjectFactory;)V+38
j  com.android.build.gradle.internal.dependency.VariantDependencies.getArtifactCollection(Lcom/android/build/gradle/internal/publishing/AndroidArtifacts$ConsumedConfigType;Lcom/android/build/gradle/internal/publishing/AndroidArtifacts$ArtifactScope;Lcom/android/build/gradle/internal/publishing/AndroidArtifacts$ArtifactType;Ljava/util/Map;)Lorg/gradle/api/artifacts/ArtifactCollection;+256
j  com.android.build.gradle.internal.dependency.VariantDependencies.getArtifactCollection(Lcom/android/build/gradle/internal/publishing/AndroidArtifacts$ConsumedConfigType;Lcom/android/build/gradle/internal/publishing/AndroidArtifacts$ArtifactScope;Lcom/android/build/gradle/internal/publishing/AndroidArtifacts$ArtifactType;)Lorg/gradle/api/artifacts/ArtifactCollection;+5
j  com.android.build.gradle.internal.TaskManager.createDependencyStreams(Lcom/android/build/api/component/impl/ComponentPropertiesImpl;)V+46
j  com.android.build.gradle.internal.TaskManager.createAndroidTestVariantTasks(Lcom/android/build/api/component/impl/AndroidTestPropertiesImpl;)V+7
j  com.android.build.gradle.internal.TaskManager.createTasksForTest(Lcom/android/build/gradle/internal/variant/ComponentInfo;)V+210
j  com.android.build.gradle.internal.TaskManager.createTasks()V+116
j  com.android.build.gradle.internal.plugins.BasePlugin.createAndroidTasks()V+390
j  com.android.build.gradle.internal.plugins.BasePlugin$$Lambda$1036.call()V+4
j  com.android.builder.profile.ThreadRecorder.record(Lcom/google/wireless/android/sdk/stats/GradleBuildProfileSpan$ExecutionType;Ljava/lang/String;Ljava/lang/String;Lcom/android/builder/profile/Recorder$VoidBlock;)V+17
j  com.android.build.gradle.internal.plugins.BasePlugin.lambda$createTasks$10(Lorg/gradle/api/Project;)V+33
j  com.android.build.gradle.internal.plugins.BasePlugin$$Lambda$994.accept(Ljava/lang/Object;)V+8
j  com.android.build.gradle.internal.crash.CrashReporting$afterEvaluate$1.execute(Lorg/gradle/api/Project;)V+12
j  com.android.build.gradle.internal.crash.CrashReporting$afterEvaluate$1.execute(Ljava/lang/Object;)V+5
J 5540 C1 org.gradle.configuration.internal.DefaultUserCodeApplicationContext$CurrentApplication$1.execute(Ljava/lang/Object;)V (79 bytes) @ 0x0000000003b3a584 [0x0000000003b39f80+0x604]
j  org.gradle.configuration.internal.DefaultListenerBuildOperationDecorator$BuildOperationEmittingAction$1.run(Lorg/gradle/internal/operations/BuildOperationContext;)V+11
J 9594 C1 org.gradle.internal.operations.DefaultBuildOperationRunner$1.execute(Lorg/gradle/internal/operations/BuildOperation;Lorg/gradle/internal/operations/BuildOperationContext;)V (10 bytes) @ 0x00000000048abed4 [0x00000000048abc80+0x254]
J 7064 C1 org.gradle.internal.operations.DefaultBuildOperationRunner$3.execute(Lorg/gradle/internal/operations/BuildOperationDescriptor;Lorg/gradle/internal/operations/BuildOperationState;Lorg/gradle/internal/operations/BuildOperationState;Lorg/gradle/internal/operations/DefaultBuildOperationRunner$ReadableBuildOperationContext;Lorg/gradle/internal/operations/DefaultBuildOperationRunner$BuildOperationExecutionListener;)Lorg/gradle/internal/operations/BuildOperation; (110 bytes) @ 0x0000000004251fac [0x0000000004251dc0+0x1ec]
J 6393 C1 org.gradle.internal.operations.DefaultBuildOperationRunner.execute(Lorg/gradle/internal/operations/BuildOperationDescriptor$Builder;Lorg/gradle/internal/operations/BuildOperationState;Lorg/gradle/internal/operations/DefaultBuildOperationRunner$BuildOperationExecution;)Ljava/lang/Object; (140 bytes) @ 0x0000000004097e8c [0x0000000004096f80+0xf0c]
J 9593 C1 org.gradle.internal.operations.DefaultBuildOperationRunner.run(Lorg/gradle/internal/operations/RunnableBuildOperation;)V (13 bytes) @ 0x0000000004881684 [0x00000000048810a0+0x5e4]
J 4694 C1 org.gradle.internal.operations.DefaultBuildOperationExecutor.run(Lorg/gradle/internal/operations/RunnableBuildOperation;)V (19 bytes) @ 0x000000000383d96c [0x000000000383d080+0x8ec]
j  org.gradle.configuration.internal.DefaultListenerBuildOperationDecorator$BuildOperationEmittingAction.execute(Ljava/lang/Object;)V+24
j  org.gradle.internal.event.BroadcastDispatch$ActionInvocationHandler.dispatch(Lorg/gradle/internal/dispatch/MethodInvocation;)V+27
j  org.gradle.internal.event.BroadcastDispatch$ActionInvocationHandler.dispatch(Ljava/lang/Object;)V+5
J 3497 C1 org.gradle.internal.event.AbstractBroadcastDispatch.dispatch(Lorg/gradle/internal/dispatch/MethodInvocation;Lorg/gradle/internal/dispatch/Dispatch;)V (74 bytes) @ 0x0000000003a3fafc [0x0000000003a3f9e0+0x11c]
J 3495 C1 org.gradle.internal.event.BroadcastDispatch$SingletonDispatch.dispatch(Ljava/lang/Object;)V (9 bytes) @ 0x0000000003a3be74 [0x0000000003a3bc40+0x234]
J 3373 C1 org.gradle.internal.event.AbstractBroadcastDispatch.dispatch(Lorg/gradle/internal/dispatch/MethodInvocation;Ljava/util/Iterator;)V (191 bytes) @ 0x00000000039ad064 [0x00000000039acca0+0x3c4]
J 6491 C1 org.gradle.internal.event.BroadcastDispatch$CompositeDispatch.dispatch(Ljava/lang/Object;)V (9 bytes) @ 0x00000000040e2a14 [0x00000000040e2720+0x2f4]
J 5937 C1 org.gradle.internal.event.ListenerBroadcast.dispatch(Ljava/lang/Object;)V (9 bytes) @ 0x0000000003edefac [0x0000000003eded00+0x2ac]
J 3803 C1 org.gradle.internal.dispatch.ProxyDispatchAdapter$DispatchingInvocationHandler.invoke(Ljava/lang/Object;Ljava/lang/reflect/Method;[Ljava/lang/Object;)Ljava/lang/Object; (184 bytes) @ 0x0000000003b62af4 [0x0000000003b61740+0x13b4]
j  com.sun.proxy.$Proxy47.afterEvaluate(Lorg/gradle/api/Project;Lorg/gradle/api/ProjectState;)V+20
j  org.gradle.configuration.project.LifecycleProjectEvaluator$NotifyAfterEvaluate$1.execute(Lorg/gradle/api/ProjectEvaluationListener;)V+15
j  org.gradle.configuration.project.LifecycleProjectEvaluator$NotifyAfterEvaluate$1.execute(Ljava/lang/Object;)V+5
j  org.gradle.api.internal.project.DefaultProject.stepEvaluationListener(Lorg/gradle/api/ProjectEvaluationListener;Lorg/gradle/api/Action;)Lorg/gradle/api/ProjectEvaluationListener;+19
j  org.gradle.configuration.project.LifecycleProjectEvaluator$NotifyAfterEvaluate.run(Lorg/gradle/internal/operations/BuildOperationContext;)V+25
J 9594 C1 org.gradle.internal.operations.DefaultBuildOperationRunner$1.execute(Lorg/gradle/internal/operations/BuildOperation;Lorg/gradle/internal/operations/BuildOperationContext;)V (10 bytes) @ 0x00000000048abed4 [0x00000000048abc80+0x254]
J 7064 C1 org.gradle.internal.operations.DefaultBuildOperationRunner$3.execute(Lorg/gradle/internal/operations/BuildOperationDescriptor;Lorg/gradle/internal/operations/BuildOperationState;Lorg/gradle/internal/operations/BuildOperationState;Lorg/gradle/internal/operations/DefaultBuildOperationRunner$ReadableBuildOperationContext;Lorg/gradle/internal/operations/DefaultBuildOperationRunner$BuildOperationExecutionListener;)Lorg/gradle/internal/operations/BuildOperation; (110 bytes) @ 0x0000000004251fac [0x0000000004251dc0+0x1ec]
J 6393 C1 org.gradle.internal.operations.DefaultBuildOperationRunner.execute(Lorg/gradle/internal/operations/BuildOperationDescriptor$Builder;Lorg/gradle/internal/operations/BuildOperationState;Lorg/gradle/internal/operations/DefaultBuildOperationRunner$BuildOperationExecution;)Ljava/lang/Object; (140 bytes) @ 0x0000000004097e8c [0x0000000004096f80+0xf0c]
J 9593 C1 org.gradle.internal.operations.DefaultBuildOperationRunner.run(Lorg/gradle/internal/operations/RunnableBuildOperation;)V (13 bytes) @ 0x0000000004881684 [0x00000000048810a0+0x5e4]
J 4694 C1 org.gradle.internal.operations.DefaultBuildOperationExecutor.run(Lorg/gradle/internal/operations/RunnableBuildOperation;)V (19 bytes) @ 0x000000000383d96c [0x000000000383d080+0x8ec]
j  org.gradle.configuration.project.LifecycleProjectEvaluator$EvaluateProject.lambda$run$0(Lorg/gradle/internal/operations/BuildOperationContext;Lorg/gradle/api/internal/project/ProjectInternal;)V+102
j  org.gradle.configuration.project.LifecycleProjectEvaluator$EvaluateProject$$Lambda$358.accept(Ljava/lang/Object;)V+12
j  org.gradle.api.internal.project.DefaultProjectStateRegistry$ProjectStateImpl.lambda$applyToMutableState$0(Ljava/util/function/Consumer;Lorg/gradle/api/internal/project/ProjectInternal;)Ljava/lang/Object;+2
j  org.gradle.api.internal.project.DefaultProjectStateRegistry$ProjectStateImpl$$Lambda$273.apply(Ljava/lang/Object;)Ljava/lang/Object;+8
j  org.gradle.api.internal.project.DefaultProjectStateRegistry$ProjectStateImpl.lambda$withProjectLock$3(Ljava/util/function/Function;)Ljava/lang/Object;+5
j  org.gradle.api.internal.project.DefaultProjectStateRegistry$ProjectStateImpl$$Lambda$274.create()Ljava/lang/Object;+8
j  org.gradle.internal.work.DefaultWorkerLeaseService.withLocks(Ljava/lang/Iterable;Lorg/gradle/internal/Factory;)Ljava/lang/Object;+26
j  org.gradle.api.internal.project.DefaultProjectStateRegistry$ProjectStateImpl.withProjectLock(Lorg/gradle/internal/resources/ResourceLock;Ljava/util/function/Function;)Ljava/lang/Object;+18
j  org.gradle.api.internal.project.DefaultProjectStateRegistry$ProjectStateImpl.fromMutableState(Ljava/util/function/Function;)Ljava/lang/Object;+234
j  org.gradle.api.internal.project.DefaultProjectStateRegistry$ProjectStateImpl.applyToMutableState(Ljava/util/function/Consumer;)V+7
j  org.gradle.configuration.project.LifecycleProjectEvaluator$EvaluateProject.run(Lorg/gradle/internal/operations/BuildOperationContext;)V+16
j  org.gradle.internal.operations.DefaultBuildOperationRunner$1.execute(Lorg/gradle/internal/operations/RunnableBuildOperation;Lorg/gradle/internal/operations/BuildOperationContext;)V+2
j  org.gradle.internal.operations.DefaultBuildOperationRunner$1.execute(Lorg/gradle/internal/operations/BuildOperation;Lorg/gradle/internal/operations/BuildOperationContext;)V+6
J 7064 C1 org.gradle.internal.operations.DefaultBuildOperationRunner$3.execute(Lorg/gradle/internal/operations/BuildOperationDescriptor;Lorg/gradle/internal/operations/BuildOperationState;Lorg/gradle/internal/operations/BuildOperationState;Lorg/gradle/internal/operations/DefaultBuildOperationRunner$ReadableBuildOperationContext;Lorg/gradle/internal/operations/DefaultBuildOperationRunner$BuildOperationExecutionListener;)Lorg/gradle/internal/operations/BuildOperation; (110 bytes) @ 0x0000000004251fac [0x0000000004251dc0+0x1ec]
J 6393 C1 org.gradle.internal.operations.DefaultBuildOperationRunner.execute(Lorg/gradle/internal/operations/BuildOperationDescriptor$Builder;Lorg/gradle/internal/operations/BuildOperationState;Lorg/gradle/internal/operations/DefaultBuildOperationRunner$BuildOperationExecution;)Ljava/lang/Object; (140 bytes) @ 0x0000000004097e8c [0x0000000004096f80+0xf0c]
J 5356 C1 org.gradle.internal.operations.DefaultBuildOperationRunner.execute(Lorg/gradle/internal/operations/BuildOperation;Lorg/gradle/internal/operations/BuildOperationWorker;Lorg/gradle/internal/operations/BuildOperationState;)V (23 bytes) @ 0x0000000003d81d94 [0x0000000003d81b20+0x274]
j  org.gradle.internal.operations.DefaultBuildOperationRunner.run(Lorg/gradle/internal/operations/RunnableBuildOperation;)V+9
J 4694 C1 org.gradle.internal.operations.DefaultBuildOperationExecutor.run(Lorg/gradle/internal/operations/RunnableBuildOperation;)V (19 bytes) @ 0x000000000383d96c [0x000000000383d080+0x8ec]
j  org.gradle.configuration.project.LifecycleProjectEvaluator.evaluate(Lorg/gradle/api/internal/project/ProjectInternal;Lorg/gradle/api/internal/project/ProjectStateInternal;)V+22
j  org.gradle.api.internal.project.DefaultProject.evaluate()Lorg/gradle/api/internal/project/DefaultProject;+9
j  org.gradle.api.internal.project.DefaultProject.evaluate()Lorg/gradle/api/Project;+1
j  org.gradle.execution.TaskPathProjectEvaluator.configure(Lorg/gradle/api/internal/project/ProjectInternal;)V+37
j  org.gradle.execution.TaskPathProjectEvaluator.configureHierarchy(Lorg/gradle/api/internal/project/ProjectInternal;)V+41
j  org.gradle.configuration.DefaultProjectsPreparer.prepareProjects(Lorg/gradle/api/internal/GradleInternal;)V+45
j  org.gradle.configuration.BuildTreePreparingProjectsPreparer.prepareProjects(Lorg/gradle/api/internal/GradleInternal;)V+85
j  org.gradle.configuration.BuildOperationFiringProjectsPreparer$ConfigureBuild.run(Lorg/gradle/internal/operations/BuildOperationContext;)V+11
j  org.gradle.internal.operations.DefaultBuildOperationRunner$1.execute(Lorg/gradle/internal/operations/RunnableBuildOperation;Lorg/gradle/internal/operations/BuildOperationContext;)V+2
j  org.gradle.internal.operations.DefaultBuildOperationRunner$1.execute(Lorg/gradle/internal/operations/BuildOperation;Lorg/gradle/internal/operations/BuildOperationContext;)V+6
j  org.gradle.internal.operations.DefaultBuildOperationRunner$3.execute(Lorg/gradle/internal/operations/BuildOperationDescriptor;Lorg/gradle/internal/operations/BuildOperationState;Lorg/gradle/internal/operations/BuildOperationState;Lorg/gradle/internal/operations/DefaultBuildOperationRunner$ReadableBuildOperationContext;Lorg/gradle/internal/operations/DefaultBuildOperationRunner$BuildOperationExecutionListener;)Lorg/gradle/internal/operations/BuildOperation;+22
j  org.gradle.internal.operations.DefaultBuildOperationRunner$3.execute(Lorg/gradle/internal/operations/BuildOperationDescriptor;Lorg/gradle/internal/operations/BuildOperationState;Lorg/gradle/internal/operations/BuildOperationState;Lorg/gradle/internal/operations/DefaultBuildOperationRunner$ReadableBuildOperationContext;Lorg/gradle/internal/operations/DefaultBuildOperationRunner$BuildOperationExecutionListener;)Ljava/lang/Object;+8
j  org.gradle.internal.operations.DefaultBuildOperationRunner.execute(Lorg/gradle/internal/operations/BuildOperationDescriptor$Builder;Lorg/gradle/internal/operations/BuildOperationState;Lorg/gradle/internal/operations/DefaultBuildOperationRunner$BuildOperationExecution;)Ljava/lang/Object;+134
j  org.gradle.internal.operations.DefaultBuildOperationRunner.execute(Lorg/gradle/internal/operations/BuildOperation;Lorg/gradle/internal/operations/BuildOperationWorker;Lorg/gradle/internal/operations/BuildOperationState;)V+18
j  org.gradle.internal.operations.DefaultBuildOperationRunner.run(Lorg/gradle/internal/operations/RunnableBuildOperation;)V+9
j  org.gradle.internal.operations.DefaultBuildOperationExecutor.lambda$run$1(Lorg/gradle/internal/operations/RunnableBuildOperation;Lorg/gradle/internal/operations/BuildOperationState;)V+5
j  org.gradle.internal.operations.DefaultBuildOperationExecutor$$Lambda$108.accept(Ljava/lang/Object;)V+12
j  org.gradle.internal.operations.UnmanagedBuildOperationWrapper.runWithUnmanagedSupport(Lorg/gradle/internal/operations/BuildOperationState;Ljava/util/function/Consumer;)V+8
j  org.gradle.internal.operations.DefaultBuildOperationExecutor.run(Lorg/gradle/internal/operations/RunnableBuildOperation;)V+15
j  org.gradle.configuration.BuildOperationFiringProjectsPreparer.prepareProjects(Lorg/gradle/api/internal/GradleInternal;)V+13
j  org.gradle.initialization.DefaultGradleLauncher.prepareProjects()V+18
j  org.gradle.initialization.DefaultGradleLauncher.doClassicBuildStages(Lorg/gradle/initialization/DefaultGradleLauncher$Stage;)V+29
j  org.gradle.initialization.DefaultGradleLauncher.doBuildStages(Lorg/gradle/initialization/DefaultGradleLauncher$Stage;)V+80
j  org.gradle.initialization.DefaultGradleLauncher.executeTasks()Lorg/gradle/api/internal/GradleInternal;+4
j  org.gradle.internal.invocation.GradleBuildController$$Lambda$106.execute(Ljava/lang/Object;)V+4
j  org.gradle.internal.invocation.GradleBuildController$1.create()Lorg/gradle/api/internal/GradleInternal;+21
j  org.gradle.internal.invocation.GradleBuildController$1.create()Ljava/lang/Object;+1
j  org.gradle.internal.work.DefaultWorkerLeaseService.withLocks(Ljava/lang/Iterable;Lorg/gradle/internal/Factory;)Ljava/lang/Object;+26
j  org.gradle.internal.invocation.GradleBuildController.doBuild(Lorg/gradle/api/Action;)Lorg/gradle/api/internal/GradleInternal;+25
j  org.gradle.internal.invocation.GradleBuildController.run()Lorg/gradle/api/internal/GradleInternal;+6
j  org.gradle.tooling.internal.provider.runner.AbstractClientProvidedBuildActionRunner.runClientAction(Lorg/gradle/tooling/internal/provider/runner/AbstractClientProvidedBuildActionRunner$ClientAction;Lorg/gradle/internal/invocation/BuildController;)Lorg/gradle/internal/invocation/BuildActionRunner$Result;+53
j  org.gradle.tooling.internal.provider.runner.ClientProvidedPhasedActionRunner.run(Lorg/gradle/internal/invocation/BuildAction;Lorg/gradle/internal/invocation/BuildController;)Lorg/gradle/internal/invocation/BuildActionRunner$Result;+70
j  org.gradle.launcher.exec.ChainingBuildActionRunner.run(Lorg/gradle/internal/invocation/BuildAction;Lorg/gradle/internal/invocation/BuildController;)Lorg/gradle/internal/invocation/BuildActionRunner$Result;+34
j  org.gradle.launcher.exec.ChainingBuildActionRunner.run(Lorg/gradle/internal/invocation/BuildAction;Lorg/gradle/internal/invocation/BuildController;)Lorg/gradle/internal/invocation/BuildActionRunner$Result;+34
j  org.gradle.launcher.exec.BuildOutcomeReportingBuildActionRunner.run(Lorg/gradle/internal/invocation/BuildAction;Lorg/gradle/internal/invocation/BuildController;)Lorg/gradle/internal/invocation/BuildActionRunner$Result;+143
j  org.gradle.tooling.internal.provider.ValidatingBuildActionRunner.run(Lorg/gradle/internal/invocation/BuildAction;Lorg/gradle/internal/invocation/BuildController;)Lorg/gradle/internal/invocation/BuildActionRunner$Result;+6
j  org.gradle.tooling.internal.provider.FileSystemWatchingBuildActionRunner.run(Lorg/gradle/internal/invocation/BuildAction;Lorg/gradle/internal/invocation/BuildController;)Lorg/gradle/internal/invocation/BuildActionRunner$Result;+222
j  org.gradle.launcher.exec.BuildCompletionNotifyingBuildActionRunner.run(Lorg/gradle/internal/invocation/BuildAction;Lorg/gradle/internal/invocation/BuildController;)Lorg/gradle/internal/invocation/BuildActionRunner$Result;+28
j  org.gradle.launcher.exec.RunAsBuildOperationBuildActionRunner$3.call(Lorg/gradle/internal/operations/BuildOperationContext;)Lorg/gradle/internal/invocation/BuildActionRunner$Result;+71
j  org.gradle.launcher.exec.RunAsBuildOperationBuildActionRunner$3.call(Lorg/gradle/internal/operations/BuildOperationContext;)Ljava/lang/Object;+2
j  org.gradle.internal.operations.DefaultBuildOperationRunner$CallableBuildOperationWorker.execute(Lorg/gradle/internal/operations/CallableBuildOperation;Lorg/gradle/internal/operations/BuildOperationContext;)V+3
j  org.gradle.internal.operations.DefaultBuildOperationRunner$CallableBuildOperationWorker.execute(Lorg/gradle/internal/operations/BuildOperation;Lorg/gradle/internal/operations/BuildOperationContext;)V+6
j  org.gradle.internal.operations.DefaultBuildOperationRunner$3.execute(Lorg/gradle/internal/operations/BuildOperationDescriptor;Lorg/gradle/internal/operations/BuildOperationState;Lorg/gradle/internal/operations/BuildOperationState;Lorg/gradle/internal/operations/DefaultBuildOperationRunner$ReadableBuildOperationContext;Lorg/gradle/internal/operations/DefaultBuildOperationRunner$BuildOperationExecutionListener;)Lorg/gradle/internal/operations/BuildOperation;+22
j  org.gradle.internal.operations.DefaultBuildOperationRunner$3.execute(Lorg/gradle/internal/operations/BuildOperationDescriptor;Lorg/gradle/internal/operations/BuildOperationState;Lorg/gradle/internal/operations/BuildOperationState;Lorg/gradle/internal/operations/DefaultBuildOperationRunner$ReadableBuildOperationContext;Lorg/gradle/internal/operations/DefaultBuildOperationRunner$BuildOperationExecutionListener;)Ljava/lang/Object;+8
j  org.gradle.internal.operations.DefaultBuildOperationRunner.execute(Lorg/gradle/internal/operations/BuildOperationDescriptor$Builder;Lorg/gradle/internal/operations/BuildOperationState;Lorg/gradle/internal/operations/DefaultBuildOperationRunner$BuildOperationExecution;)Ljava/lang/Object;+134
j  org.gradle.internal.operations.DefaultBuildOperationRunner.execute(Lorg/gradle/internal/operations/BuildOperation;Lorg/gradle/internal/operations/BuildOperationWorker;Lorg/gradle/internal/operations/BuildOperationState;)V+18
j  org.gradle.internal.operations.DefaultBuildOperationRunner.call(Lorg/gradle/internal/operations/CallableBuildOperation;)Ljava/lang/Object;+16
j  org.gradle.internal.operations.DefaultBuildOperationExecutor.lambda$call$2(Lorg/gradle/internal/operations/CallableBuildOperation;Lorg/gradle/internal/operations/BuildOperationState;)Ljava/lang/Object;+5
j  org.gradle.internal.operations.DefaultBuildOperationExecutor$$Lambda$77.apply(Ljava/lang/Object;)Ljava/lang/Object;+12
j  org.gradle.internal.operations.UnmanagedBuildOperationWrapper.callWithUnmanagedSupport(Lorg/gradle/internal/operations/BuildOperationState;Ljava/util/function/Function;)Ljava/lang/Object;+8
j  org.gradle.internal.operations.DefaultBuildOperationExecutor.call(Lorg/gradle/internal/operations/CallableBuildOperation;)Ljava/lang/Object;+15
j  org.gradle.launcher.exec.RunAsBuildOperationBuildActionRunner.run(Lorg/gradle/internal/invocation/BuildAction;Lorg/gradle/internal/invocation/BuildController;)Lorg/gradle/internal/invocation/BuildActionRunner$Result;+33
j  org.gradle.launcher.exec.InProcessBuildActionExecuter.lambda$execute$0(Lorg/gradle/internal/invocation/BuildAction;Lorg/gradle/internal/invocation/BuildController;)Lorg/gradle/launcher/exec/BuildActionResult;+6
j  org.gradle.launcher.exec.InProcessBuildActionExecuter$$Lambda$76.transform(Ljava/lang/Object;)Ljava/lang/Object;+12
j  org.gradle.composite.internal.DefaultRootBuildState.run(Lorg/gradle/api/Transformer;)Ljava/lang/Object;+43
j  org.gradle.launcher.exec.InProcessBuildActionExecuter.execute(Lorg/gradle/internal/invocation/BuildAction;Lorg/gradle/launcher/exec/BuildActionParameters;Lorg/gradle/internal/buildtree/BuildTreeContext;)Lorg/gradle/launcher/exec/BuildActionResult;+39
j  org.gradle.launcher.exec.InProcessBuildActionExecuter.execute(Lorg/gradle/internal/invocation/BuildAction;Ljava/lang/Object;Ljava/lang/Object;)Lorg/gradle/launcher/exec/BuildActionResult;+10
j  org.gradle.launcher.exec.BuildTreeScopeLifecycleBuildActionExecuter.lambda$execute$0(Lorg/gradle/internal/invocation/BuildAction;Lorg/gradle/launcher/exec/BuildActionParameters;Lorg/gradle/internal/buildtree/BuildTreeContext;)Lorg/gradle/launcher/exec/BuildActionResult;+19
j  org.gradle.launcher.exec.BuildTreeScopeLifecycleBuildActionExecuter$$Lambda$24.apply(Ljava/lang/Object;)Ljava/lang/Object;+12
j  org.gradle.internal.buildtree.BuildTreeState.run(Ljava/util/function/Function;)Ljava/lang/Object;+7
j  org.gradle.launcher.exec.BuildTreeScopeLifecycleBuildActionExecuter.execute(Lorg/gradle/internal/invocation/BuildAction;Lorg/gradle/launcher/exec/BuildActionParameters;Lorg/gradle/internal/session/BuildSessionContext;)Lorg/gradle/launcher/exec/BuildActionResult;+46
j  org.gradle.launcher.exec.BuildTreeScopeLifecycleBuildActionExecuter.execute(Lorg/gradle/internal/invocation/BuildAction;Ljava/lang/Object;Ljava/lang/Object;)Lorg/gradle/launcher/exec/BuildActionResult;+10
j  org.gradle.tooling.internal.provider.ContinuousBuildActionExecuter.execute(Lorg/gradle/internal/invocation/BuildAction;Lorg/gradle/launcher/exec/BuildActionParameters;Lorg/gradle/internal/session/BuildSessionContext;)Lorg/gradle/launcher/exec/BuildActionResult;+59
j  org.gradle.tooling.internal.provider.ContinuousBuildActionExecuter.execute(Lorg/gradle/internal/invocation/BuildAction;Ljava/lang/Object;Ljava/lang/Object;)Lorg/gradle/launcher/exec/BuildActionResult;+10
j  org.gradle.tooling.internal.provider.SubscribableBuildActionExecuter.execute(Lorg/gradle/internal/invocation/BuildAction;Lorg/gradle/launcher/exec/BuildActionParameters;Lorg/gradle/internal/session/BuildSessionContext;)Lorg/gradle/launcher/exec/BuildActionResult;+33
j  org.gradle.tooling.internal.provider.SubscribableBuildActionExecuter.execute(Lorg/gradle/internal/invocation/BuildAction;Ljava/lang/Object;Ljava/lang/Object;)Lorg/gradle/launcher/exec/BuildActionResult;+10
j  org.gradle.tooling.internal.provider.SessionScopeLifecycleBuildActionExecuter.lambda$execute$0(Lorg/gradle/internal/invocation/BuildAction;Lorg/gradle/launcher/exec/BuildActionParameters;Lorg/gradle/internal/session/BuildSessionContext;)Lorg/gradle/launcher/exec/BuildActionResult;+52
j  org.gradle.tooling.internal.provider.SessionScopeLifecycleBuildActionExecuter$$Lambda$17.apply(Ljava/lang/Object;)Ljava/lang/Object;+12
j  org.gradle.internal.session.BuildSessionState.run(Ljava/util/function/Function;)Ljava/lang/Object;+9
j  org.gradle.tooling.internal.provider.SessionScopeLifecycleBuildActionExecuter.execute(Lorg/gradle/internal/invocation/BuildAction;Lorg/gradle/launcher/exec/BuildActionParameters;Lorg/gradle/initialization/BuildRequestContext;)Lorg/gradle/launcher/exec/BuildActionResult;+74
j  org.gradle.tooling.internal.provider.SessionScopeLifecycleBuildActionExecuter.execute(Lorg/gradle/internal/invocation/BuildAction;Ljava/lang/Object;Ljava/lang/Object;)Lorg/gradle/launcher/exec/BuildActionResult;+10
j  org.gradle.tooling.internal.provider.GradleThreadBuildActionExecuter.execute(Lorg/gradle/internal/invocation/BuildAction;Lorg/gradle/launcher/exec/BuildActionParameters;Lorg/gradle/initialization/BuildRequestContext;)Lorg/gradle/launcher/exec/BuildActionResult;+10
j  org.gradle.tooling.internal.provider.GradleThreadBuildActionExecuter.execute(Lorg/gradle/internal/invocation/BuildAction;Ljava/lang/Object;Ljava/lang/Object;)Lorg/gradle/launcher/exec/BuildActionResult;+10
j  org.gradle.tooling.internal.provider.StartParamsValidatingActionExecuter.execute(Lorg/gradle/internal/invocation/BuildAction;Lorg/gradle/launcher/exec/BuildActionParameters;Lorg/gradle/initialization/BuildRequestContext;)Lorg/gradle/launcher/exec/BuildActionResult;+175
j  org.gradle.tooling.internal.provider.StartParamsValidatingActionExecuter.execute(Lorg/gradle/internal/invocation/BuildAction;Ljava/lang/Object;Ljava/lang/Object;)Lorg/gradle/launcher/exec/BuildActionResult;+10
j  org.gradle.tooling.internal.provider.SessionFailureReportingActionExecuter.execute(Lorg/gradle/internal/invocation/BuildAction;Lorg/gradle/launcher/exec/BuildActionParameters;Lorg/gradle/initialization/BuildRequestContext;)Lorg/gradle/launcher/exec/BuildActionResult;+7
j  org.gradle.tooling.internal.provider.SessionFailureReportingActionExecuter.execute(Lorg/gradle/internal/invocation/BuildAction;Ljava/lang/Object;Ljava/lang/Object;)Lorg/gradle/launcher/exec/BuildActionResult;+10
j  org.gradle.tooling.internal.provider.SetupLoggingActionExecuter.execute(Lorg/gradle/internal/invocation/BuildAction;Lorg/gradle/launcher/exec/BuildActionParameters;Lorg/gradle/initialization/BuildRequestContext;)Lorg/gradle/launcher/exec/BuildActionResult;+50
j  org.gradle.tooling.internal.provider.SetupLoggingActionExecuter.execute(Lorg/gradle/internal/invocation/BuildAction;Ljava/lang/Object;Ljava/lang/Object;)Lorg/gradle/launcher/exec/BuildActionResult;+10
j  org.gradle.launcher.daemon.server.exec.ExecuteBuild.doBuild(Lorg/gradle/launcher/daemon/server/api/DaemonCommandExecution;Lorg/gradle/launcher/daemon/protocol/Build;)V+114
j  org.gradle.launcher.daemon.server.exec.BuildCommandOnly.execute(Lorg/gradle/launcher/daemon/server/api/DaemonCommandExecution;)V+49
j  org.gradle.launcher.daemon.server.api.DaemonCommandExecution.proceed()Z+23
j  org.gradle.launcher.daemon.server.exec.WatchForDisconnection.execute(Lorg/gradle/launcher/daemon/server/api/DaemonCommandExecution;)V+19
j  org.gradle.launcher.daemon.server.api.DaemonCommandExecution.proceed()Z+23
j  org.gradle.launcher.daemon.server.exec.ResetDeprecationLogger.execute(Lorg/gradle/launcher/daemon/server/api/DaemonCommandExecution;)V+7
j  org.gradle.launcher.daemon.server.api.DaemonCommandExecution.proceed()Z+23
j  org.gradle.launcher.daemon.server.exec.RequestStopIfSingleUsedDaemon.execute(Lorg/gradle/launcher/daemon/server/api/DaemonCommandExecution;)V+33
j  org.gradle.launcher.daemon.server.api.DaemonCommandExecution.proceed()Z+23
j  org.gradle.launcher.daemon.server.exec.ForwardClientInput$2.create()Ljava/lang/Void;+4
j  org.gradle.launcher.daemon.server.exec.ForwardClientInput$2.create()Ljava/lang/Object;+1
j  org.gradle.util.Swapper.swap(Ljava/lang/Object;Lorg/gradle/internal/Factory;)Ljava/lang/Object;+21
j  org.gradle.launcher.daemon.server.exec.ForwardClientInput.execute(Lorg/gradle/launcher/daemon/server/api/DaemonCommandExecution;)V+63
j  org.gradle.launcher.daemon.server.api.DaemonCommandExecution.proceed()Z+23
j  org.gradle.launcher.daemon.server.exec.LogAndCheckHealth.execute(Lorg/gradle/launcher/daemon/server/api/DaemonCommandExecution;)V+28
j  org.gradle.launcher.daemon.server.api.DaemonCommandExecution.proceed()Z+23
j  org.gradle.launcher.daemon.server.exec.LogToClient.doBuild(Lorg/gradle/launcher/daemon/server/api/DaemonCommandExecution;Lorg/gradle/launcher/daemon/protocol/Build;)V+87
j  org.gradle.launcher.daemon.server.exec.BuildCommandOnly.execute(Lorg/gradle/launcher/daemon/server/api/DaemonCommandExecution;)V+49
j  org.gradle.launcher.daemon.server.api.DaemonCommandExecution.proceed()Z+23
j  org.gradle.launcher.daemon.server.exec.EstablishBuildEnvironment.doBuild(Lorg/gradle/launcher/daemon/server/api/DaemonCommandExecution;Lorg/gradle/launcher/daemon/protocol/Build;)V+356
j  org.gradle.launcher.daemon.server.exec.BuildCommandOnly.execute(Lorg/gradle/launcher/daemon/server/api/DaemonCommandExecution;)V+49
j  org.gradle.launcher.daemon.server.api.DaemonCommandExecution.proceed()Z+23
j  org.gradle.launcher.daemon.server.exec.StartBuildOrRespondWithBusy$1.run()V+44
j  org.gradle.launcher.daemon.server.DaemonStateCoordinator$1.run()V+4
j  org.gradle.internal.concurrent.ExecutorPolicy$CatchAndRecordFailures.onExecute(Ljava/lang/Runnable;)V+1
j  org.gradle.internal.concurrent.ManagedExecutorImpl$1.run()V+25
j  java.util.concurrent.ThreadPoolExecutor.runWorker(Ljava/util/concurrent/ThreadPoolExecutor$Worker;)V+95
j  java.util.concurrent.ThreadPoolExecutor$Worker.run()V+5
j  org.gradle.internal.concurrent.ThreadFactoryImpl$ManagedThreadRunnable.run()V+7
j  java.lang.Thread.run()V+11
v  ~StubRoutines::call_stub

---------------  P R O C E S S  ---------------

Java Threads: ( => current thread )
  0x00000000209f7800 JavaThread "jar transforms Thread 125" [_thread_blocked, id=152, stack(0x000000002d280000,0x000000002d380000)]
  0x00000000209f4800 JavaThread "jar transforms Thread 124" [_thread_blocked, id=13588, stack(0x000000002d180000,0x000000002d280000)]
  0x00000000209f3000 JavaThread "jar transforms Thread 123" [_thread_blocked, id=10520, stack(0x000000002d080000,0x000000002d180000)]
  0x00000000209f8000 JavaThread "jar transforms Thread 122" [_thread_blocked, id=11776, stack(0x000000002cf80000,0x000000002d080000)]
  0x00000000209ef800 JavaThread "jar transforms Thread 121" [_thread_blocked, id=12240, stack(0x000000002ce80000,0x000000002cf80000)]
  0x00000000209f0800 JavaThread "jar transforms Thread 120" [_thread_blocked, id=9552, stack(0x000000002cd80000,0x000000002ce80000)]
  0x00000000209f6800 JavaThread "jar transforms Thread 119" [_thread_blocked, id=7012, stack(0x000000002cc80000,0x000000002cd80000)]
  0x00000000209ef000 JavaThread "jar transforms Thread 118" [_thread_blocked, id=836, stack(0x000000002cb80000,0x000000002cc80000)]
  0x00000000209f6000 JavaThread "jar transforms Thread 117" [_thread_blocked, id=11336, stack(0x000000002ca80000,0x000000002cb80000)]
  0x00000000209ee000 JavaThread "jar transforms Thread 116" [_thread_blocked, id=11036, stack(0x000000002c980000,0x000000002ca80000)]
  0x00000000209f5000 JavaThread "jar transforms Thread 115" [_thread_blocked, id=8220, stack(0x000000002c880000,0x000000002c980000)]
  0x00000000209ec800 JavaThread "jar transforms Thread 114" [_thread_blocked, id=10628, stack(0x000000002c780000,0x000000002c880000)]
  0x00000000209f3800 JavaThread "jar transforms Thread 113" [_thread_blocked, id=2624, stack(0x000000002c680000,0x000000002c780000)]
  0x00000000209ed800 JavaThread "jar transforms Thread 112" [_thread_blocked, id=10748, stack(0x000000002c580000,0x000000002c680000)]
  0x000000001bf3e800 JavaThread "jar transforms Thread 111" [_thread_blocked, id=3212, stack(0x000000002c480000,0x000000002c580000)]
  0x000000001bf40800 JavaThread "jar transforms Thread 110" [_thread_blocked, id=11652, stack(0x000000002c380000,0x000000002c480000)]
  0x000000001bf3d800 JavaThread "jar transforms Thread 109" [_thread_blocked, id=7128, stack(0x000000002c280000,0x000000002c380000)]
  0x000000001bf41800 JavaThread "jar transforms Thread 108" [_thread_blocked, id=13660, stack(0x000000002c180000,0x000000002c280000)]
  0x000000001bf40000 JavaThread "jar transforms Thread 107" [_thread_blocked, id=6008, stack(0x000000002c080000,0x000000002c180000)]
  0x000000001bf42000 JavaThread "jar transforms Thread 106" [_thread_blocked, id=5216, stack(0x000000002bf80000,0x000000002c080000)]
  0x000000001bf3d000 JavaThread "jar transforms Thread 105" [_thread_blocked, id=14076, stack(0x000000002be80000,0x000000002bf80000)]
  0x000000001bf3f000 JavaThread "jar transforms Thread 104" [_thread_blocked, id=8748, stack(0x000000002bd80000,0x000000002be80000)]
  0x000000001bf3c000 JavaThread "jar transforms Thread 103" [_thread_blocked, id=13572, stack(0x000000002bc80000,0x000000002bd80000)]
  0x000000001bf34800 JavaThread "jar transforms Thread 102" [_thread_blocked, id=1012, stack(0x000000002bb80000,0x000000002bc80000)]
  0x000000001bf3b800 JavaThread "jar transforms Thread 101" [_thread_blocked, id=4020, stack(0x000000002ba80000,0x000000002bb80000)]
  0x000000001bf36000 JavaThread "jar transforms Thread 100" [_thread_blocked, id=9032, stack(0x000000002b980000,0x000000002ba80000)]
  0x000000001bf34000 JavaThread "jar transforms Thread 99" [_thread_blocked, id=9460, stack(0x000000002b880000,0x000000002b980000)]
  0x000000001bf3a800 JavaThread "jar transforms Thread 98" [_thread_blocked, id=13532, stack(0x000000002b780000,0x000000002b880000)]
  0x000000001bf33000 JavaThread "jar transforms Thread 97" [_thread_blocked, id=8972, stack(0x000000002b680000,0x000000002b780000)]
  0x000000001bf3a000 JavaThread "jar transforms Thread 96" [_thread_blocked, id=5496, stack(0x000000002b580000,0x000000002b680000)]
  0x000000001bf39000 JavaThread "jar transforms Thread 95" [_thread_blocked, id=4928, stack(0x000000002b480000,0x000000002b580000)]
  0x000000001bf37000 JavaThread "jar transforms Thread 94" [_thread_blocked, id=9844, stack(0x000000002b380000,0x000000002b480000)]
  0x000000001bf37800 JavaThread "jar transforms Thread 93" [_thread_blocked, id=10512, stack(0x000000002b280000,0x000000002b380000)]
  0x000000001bf38800 JavaThread "jar transforms Thread 92" [_thread_blocked, id=8272, stack(0x000000002b180000,0x000000002b280000)]
  0x000000001bf35800 JavaThread "jar transforms Thread 91" [_thread_blocked, id=10516, stack(0x000000002b080000,0x000000002b180000)]
  0x000000001bf79800 JavaThread "jar transforms Thread 90" [_thread_blocked, id=276, stack(0x000000002af80000,0x000000002b080000)]
  0x000000001bf78800 JavaThread "jar transforms Thread 89" [_thread_blocked, id=2244, stack(0x000000002ae80000,0x000000002af80000)]
  0x000000001bf78000 JavaThread "jar transforms Thread 88" [_thread_blocked, id=14164, stack(0x000000002ad80000,0x000000002ae80000)]
  0x000000001bf77000 JavaThread "jar transforms Thread 87" [_thread_blocked, id=7820, stack(0x000000002ac80000,0x000000002ad80000)]
  0x000000001bf76800 JavaThread "jar transforms Thread 86" [_thread_blocked, id=13664, stack(0x000000002ab80000,0x000000002ac80000)]
  0x000000001bf7a000 JavaThread "jar transforms Thread 85" [_thread_blocked, id=9804, stack(0x000000002a980000,0x000000002aa80000)]
  0x000000001bf6f000 JavaThread "jar transforms Thread 84" [_thread_blocked, id=704, stack(0x000000002a880000,0x000000002a980000)]
  0x000000001bf75000 JavaThread "jar transforms Thread 83" [_thread_blocked, id=12588, stack(0x000000002a780000,0x000000002a880000)]
  0x000000001bf73800 JavaThread "jar transforms Thread 82" [_thread_blocked, id=11804, stack(0x000000002a680000,0x000000002a780000)]
  0x000000001bf71000 JavaThread "jar transforms Thread 81" [_thread_blocked, id=14068, stack(0x000000002a580000,0x000000002a680000)]
  0x000000001bf74000 JavaThread "jar transforms Thread 80" [_thread_blocked, id=7500, stack(0x000000002a480000,0x000000002a580000)]
  0x000000001bf72800 JavaThread "jar transforms Thread 79" [_thread_blocked, id=12132, stack(0x000000002a380000,0x000000002a480000)]
  0x000000001bf75800 JavaThread "jar transforms Thread 78" [_thread_blocked, id=13800, stack(0x000000002a280000,0x000000002a380000)]
  0x000000001bf6f800 JavaThread "jar transforms Thread 77" [_thread_blocked, id=12768, stack(0x000000002a180000,0x000000002a280000)]
  0x000000001bf6b000 JavaThread "jar transforms Thread 76" [_thread_blocked, id=13796, stack(0x000000002a080000,0x000000002a180000)]
  0x000000001bf6c800 JavaThread "jar transforms Thread 75" [_thread_blocked, id=11356, stack(0x0000000029f80000,0x000000002a080000)]
  0x000000001bf72000 JavaThread "jar transforms Thread 74" [_thread_blocked, id=5696, stack(0x0000000029e80000,0x0000000029f80000)]
  0x000000001bf70800 JavaThread "jar transforms Thread 73" [_thread_blocked, id=1260, stack(0x0000000029d80000,0x0000000029e80000)]
  0x000000001bf6e000 JavaThread "jar transforms Thread 72" [_thread_blocked, id=10744, stack(0x0000000029c80000,0x0000000029d80000)]
  0x000000001bf6d800 JavaThread "jar transforms Thread 71" [_thread_blocked, id=5876, stack(0x0000000029b80000,0x0000000029c80000)]
  0x000000001bf6c000 JavaThread "jar transforms Thread 70" [_thread_blocked, id=11868, stack(0x0000000029a80000,0x0000000029b80000)]
  0x000000001bcd7000 JavaThread "jar transforms Thread 69" [_thread_blocked, id=10940, stack(0x0000000029980000,0x0000000029a80000)]
  0x000000001bcd7800 JavaThread "jar transforms Thread 68" [_thread_blocked, id=924, stack(0x0000000029880000,0x0000000029980000)]
  0x000000001bcdd800 JavaThread "jar transforms Thread 67" [_thread_blocked, id=12376, stack(0x0000000029780000,0x0000000029880000)]
  0x000000001bcd8800 JavaThread "jar transforms Thread 66" [_thread_blocked, id=6432, stack(0x0000000029680000,0x0000000029780000)]
  0x000000001bcda800 JavaThread "jar transforms Thread 65" [_thread_blocked, id=4276, stack(0x0000000029580000,0x0000000029680000)]
  0x000000001bcdd000 JavaThread "jar transforms Thread 64" [_thread_blocked, id=9772, stack(0x0000000029480000,0x0000000029580000)]
  0x000000001bcdb800 JavaThread "jar transforms Thread 63" [_thread_blocked, id=1896, stack(0x0000000029380000,0x0000000029480000)]
  0x000000001bcda000 JavaThread "jar transforms Thread 62" [_thread_blocked, id=4588, stack(0x0000000029280000,0x0000000029380000)]
  0x000000001bcd9000 JavaThread "jar transforms Thread 61" [_thread_blocked, id=3360, stack(0x0000000029180000,0x0000000029280000)]
  0x000000001bcdc000 JavaThread "jar transforms Thread 60" [_thread_blocked, id=900, stack(0x0000000029080000,0x0000000029180000)]
  0x000000001bccf800 JavaThread "jar transforms Thread 59" [_thread_blocked, id=13952, stack(0x0000000028f80000,0x0000000029080000)]
  0x000000001bcd6000 JavaThread "jar transforms Thread 58" [_thread_blocked, id=13064, stack(0x0000000028e80000,0x0000000028f80000)]
  0x000000001bcce800 JavaThread "jar transforms Thread 57" [_thread_blocked, id=2600, stack(0x0000000028d80000,0x0000000028e80000)]
  0x000000001bcd1000 JavaThread "jar transforms Thread 56" [_thread_blocked, id=7652, stack(0x0000000028c80000,0x0000000028d80000)]
  0x000000001bcd5800 JavaThread "jar transforms Thread 55" [_thread_blocked, id=7868, stack(0x0000000028b80000,0x0000000028c80000)]
  0x000000001bcd3000 JavaThread "jar transforms Thread 54" [_thread_blocked, id=11820, stack(0x0000000028a80000,0x0000000028b80000)]
  0x000000001bcd1800 JavaThread "jar transforms Thread 53" [_thread_blocked, id=1600, stack(0x0000000028980000,0x0000000028a80000)]
  0x000000001bcd4000 JavaThread "jar transforms Thread 52" [_thread_blocked, id=8896, stack(0x0000000028880000,0x0000000028980000)]
  0x000000001bcd0000 JavaThread "jar transforms Thread 51" [_thread_blocked, id=8456, stack(0x0000000028780000,0x0000000028880000)]
  0x000000001bcd2800 JavaThread "jar transforms Thread 50" [_thread_blocked, id=10976, stack(0x0000000028680000,0x0000000028780000)]
  0x000000001bcd4800 JavaThread "jar transforms Thread 49" [_thread_blocked, id=6656, stack(0x0000000028580000,0x0000000028680000)]
  0x000000001f35b000 JavaThread "jar transforms Thread 48" [_thread_blocked, id=5384, stack(0x0000000028480000,0x0000000028580000)]
  0x000000001e2b8000 JavaThread "jar transforms Thread 47" [_thread_blocked, id=6736, stack(0x0000000028380000,0x0000000028480000)]
  0x000000001e2b6000 JavaThread "jar transforms Thread 46" [_thread_blocked, id=10636, stack(0x0000000028280000,0x0000000028380000)]
  0x000000001e2b9000 JavaThread "jar transforms Thread 45" [_thread_blocked, id=1108, stack(0x0000000028180000,0x0000000028280000)]
  0x000000001e2b9800 JavaThread "jar transforms Thread 44" [_thread_blocked, id=10044, stack(0x0000000028080000,0x0000000028180000)]
  0x000000001e2b7800 JavaThread "jar transforms Thread 43" [_thread_blocked, id=8588, stack(0x0000000027f80000,0x0000000028080000)]
  0x000000001e2ba800 JavaThread "jar transforms Thread 42" [_thread_blocked, id=12428, stack(0x0000000027e80000,0x0000000027f80000)]
  0x000000001e2b6800 JavaThread "jar transforms Thread 41" [_thread_blocked, id=9276, stack(0x0000000027d80000,0x0000000027e80000)]
  0x000000001e2ae800 JavaThread "jar transforms Thread 40" [_thread_blocked, id=5208, stack(0x0000000027c80000,0x0000000027d80000)]
  0x000000001e2b5000 JavaThread "jar transforms Thread 39" [_thread_blocked, id=12092, stack(0x0000000027b80000,0x0000000027c80000)]
  0x000000001e2ad800 JavaThread "jar transforms Thread 38" [_thread_blocked, id=10072, stack(0x0000000027880000,0x0000000027980000)]
  0x000000001e2b3000 JavaThread "jar transforms Thread 37" [_thread_blocked, id=7156, stack(0x0000000027780000,0x0000000027880000)]
  0x000000001e2b2000 JavaThread "jar transforms Thread 36" [_thread_blocked, id=13716, stack(0x0000000027680000,0x0000000027780000)]
  0x000000001e2b3800 JavaThread "jar transforms Thread 35" [_thread_blocked, id=10472, stack(0x0000000027580000,0x0000000027680000)]
  0x000000001e2b1800 JavaThread "jar transforms Thread 34" [_thread_blocked, id=6000, stack(0x0000000027480000,0x0000000027580000)]
  0x000000001e2ac000 JavaThread "jar transforms Thread 33" [_thread_blocked, id=10784, stack(0x0000000027380000,0x0000000027480000)]
  0x000000001e2b0000 JavaThread "jar transforms Thread 32" [_thread_blocked, id=7032, stack(0x0000000024e80000,0x0000000024f80000)]
  0x000000001e2ab000 JavaThread "jar transforms Thread 31" [_thread_blocked, id=9384, stack(0x0000000026680000,0x0000000026780000)]
  0x000000001e2b0800 JavaThread "jar transforms Thread 30" [_thread_blocked, id=9416, stack(0x0000000026580000,0x0000000026680000)]
  0x000000001e2af000 JavaThread "jar transforms Thread 29" [_thread_blocked, id=10588, stack(0x0000000026480000,0x0000000026580000)]
  0x000000001f366000 JavaThread "jar transforms Thread 28" [_thread_blocked, id=13104, stack(0x0000000026380000,0x0000000026480000)]
  0x000000001f367800 JavaThread "jar transforms Thread 27" [_thread_blocked, id=7148, stack(0x0000000026280000,0x0000000026380000)]
  0x000000001f365800 JavaThread "jar transforms Thread 26" [_thread_blocked, id=1580, stack(0x0000000026180000,0x0000000026280000)]
  0x000000001f364800 JavaThread "jar transforms Thread 25" [_thread_blocked, id=13672, stack(0x0000000026080000,0x0000000026180000)]
  0x000000001f367000 JavaThread "jar transforms Thread 24" [_thread_blocked, id=12300, stack(0x0000000025f80000,0x0000000026080000)]
  0x000000001f364000 JavaThread "jar transforms Thread 23" [_thread_blocked, id=7200, stack(0x0000000025e80000,0x0000000025f80000)]
  0x000000001f363000 JavaThread "jar transforms Thread 22" [_thread_blocked, id=11092, stack(0x0000000025d80000,0x0000000025e80000)]
  0x000000001f35b800 JavaThread "jar transforms Thread 21" [_thread_blocked, id=6496, stack(0x0000000025c80000,0x0000000025d80000)]
  0x000000001f362800 JavaThread "Build operations Thread 8" [_thread_blocked, id=6116, stack(0x0000000025b80000,0x0000000025c80000)]
  0x000000001f361800 JavaThread "Build operations Thread 7" [_thread_blocked, id=7804, stack(0x0000000025a80000,0x0000000025b80000)]
  0x000000001f35a000 JavaThread "Build operations Thread 6" [_thread_blocked, id=7536, stack(0x0000000025980000,0x0000000025a80000)]
  0x000000001f35c800 JavaThread "Build operations Thread 5" [_thread_blocked, id=10580, stack(0x0000000025880000,0x0000000025980000)]
  0x000000001f360000 JavaThread "Build operations Thread 4" [_thread_blocked, id=8640, stack(0x0000000025780000,0x0000000025880000)]
  0x000000001f361000 JavaThread "Build operations Thread 3" [_thread_blocked, id=12896, stack(0x0000000025680000,0x0000000025780000)]
  0x000000001f35e800 JavaThread "Build operations Thread 2" [_thread_blocked, id=12648, stack(0x0000000025580000,0x0000000025680000)]
  0x000000001f358800 JavaThread "Build operations" [_thread_blocked, id=3380, stack(0x0000000025480000,0x0000000025580000)]
  0x000000001f35e000 JavaThread "Memory manager" [_thread_blocked, id=12184, stack(0x0000000025180000,0x0000000025280000)]
  0x000000001f35f800 JavaThread "Cache worker for Build Output Cleanup Cache (C:\Users\Xinto\StudioProjects\VancedManager\.gradle\buildOutputCleanup)" [_thread_blocked, id=6852, stack(0x0000000024d80000,0x0000000024e80000)]
  0x000000001f359800 JavaThread "Cache worker for kotlin-dsl (C:\Users\Xinto\.gradle\caches\6.8\kotlin-dsl)" [_thread_blocked, id=5408, stack(0x0000000023090000,0x0000000023190000)]
  0x000000001a5e9800 JavaThread "Cache worker for file content cache (C:\Users\Xinto\.gradle\caches\6.8\fileContent)" [_thread_blocked, id=13972, stack(0x0000000022f90000,0x0000000023090000)]
  0x000000001a5e5000 JavaThread "Cache worker for execution history cache (C:\Users\Xinto\.gradle\caches\6.8\executionHistory)" [_thread_blocked, id=9652, stack(0x0000000022a90000,0x0000000022b90000)]
  0x000000001a5e6000 JavaThread "Cache worker for cache directory md-rule (C:\Users\Xinto\.gradle\caches\6.8\md-rule)" [_thread_blocked, id=2404, stack(0x0000000022790000,0x0000000022890000)]
  0x000000001a5e9000 JavaThread "Cache worker for cache directory md-supplier (C:\Users\Xinto\.gradle\caches\6.8\md-supplier)" [_thread_blocked, id=11856, stack(0x0000000022690000,0x0000000022790000)]
  0x000000001a5e8000 JavaThread "Cache worker for checksums cache (C:\Users\Xinto\StudioProjects\VancedManager\.gradle\checksums)" [_thread_blocked, id=7392, stack(0x0000000022590000,0x0000000022690000)]
  0x000000001a5e4800 JavaThread "jar transforms Thread 20" [_thread_blocked, id=3528, stack(0x0000000022290000,0x0000000022390000)]
  0x000000001a5dd000 JavaThread "jar transforms Thread 19" [_thread_blocked, id=8464, stack(0x0000000022190000,0x0000000022290000)]
  0x000000001a5e3800 JavaThread "jar transforms Thread 18" [_thread_blocked, id=8164, stack(0x0000000022090000,0x0000000022190000)]
  0x000000001a5e2000 JavaThread "jar transforms Thread 17" [_thread_blocked, id=7996, stack(0x0000000021f90000,0x0000000022090000)]
  0x000000001a5e1800 JavaThread "jar transforms Thread 16" [_thread_blocked, id=8296, stack(0x0000000021e90000,0x0000000021f90000)]
  0x000000001a5e0000 JavaThread "jar transforms Thread 15" [_thread_blocked, id=5160, stack(0x0000000021d90000,0x0000000021e90000)]
  0x000000001a5df000 JavaThread "jar transforms Thread 14" [_thread_blocked, id=13304, stack(0x0000000021b90000,0x0000000021c90000)]
  0x000000001a5dd800 JavaThread "jar transforms Thread 13" [_thread_blocked, id=1432, stack(0x0000000021a90000,0x0000000021b90000)]
  0x000000001a5e0800 JavaThread "jar transforms Thread 12" [_thread_blocked, id=12508, stack(0x0000000021990000,0x0000000021a90000)]
  0x000000001a5e3000 JavaThread "jar transforms Thread 11" [_thread_blocked, id=7320, stack(0x0000000021890000,0x0000000021990000)]
  0x000000001a5de800 JavaThread "jar transforms Thread 10" [_thread_blocked, id=9228, stack(0x0000000021790000,0x0000000021890000)]
  0x000000001a5db800 JavaThread "jar transforms Thread 9" [_thread_blocked, id=12048, stack(0x0000000021690000,0x0000000021790000)]
  0x000000001a5dc000 JavaThread "jar transforms Thread 8" [_thread_blocked, id=5144, stack(0x0000000021590000,0x0000000021690000)]
  0x0000000019c1d800 JavaThread "jar transforms Thread 7" [_thread_blocked, id=4328, stack(0x0000000021490000,0x0000000021590000)]
  0x0000000019c1c000 JavaThread "jar transforms Thread 6" [_thread_blocked, id=13352, stack(0x0000000021390000,0x0000000021490000)]
  0x0000000019c1b000 JavaThread "jar transforms Thread 5" [_thread_blocked, id=10900, stack(0x0000000021290000,0x0000000021390000)]
  0x0000000019c1c800 JavaThread "jar transforms Thread 4" [_thread_blocked, id=12084, stack(0x0000000021000000,0x0000000021100000)]
  0x0000000019c1e000 JavaThread "jar transforms Thread 3" [_thread_blocked, id=6156, stack(0x0000000020f00000,0x0000000021000000)]
  0x0000000019c1a800 JavaThread "jar transforms Thread 2" [_thread_blocked, id=13300, stack(0x000000001fdb0000,0x000000001feb0000)]
  0x0000000019c20800 JavaThread "jar transforms" [_thread_blocked, id=11744, stack(0x000000001fcb0000,0x000000001fdb0000)]
  0x0000000019c19800 JavaThread "Cache worker for file hash cache (C:\Users\Xinto\StudioProjects\VancedManager\.gradle\6.8\fileHashes)" [_thread_blocked, id=5832, stack(0x0000000021190000,0x0000000021290000)]
  0x0000000019c1f000 JavaThread "Cache worker for journal cache (C:\Users\Xinto\.gradle\caches\journal-1)" [_thread_blocked, id=12756, stack(0x000000001da10000,0x000000001db10000)]
  0x0000000019c1f800 JavaThread "File lock request listener" [_thread_in_native, id=12036, stack(0x000000001d710000,0x000000001d810000)]
  0x000000001b6a5000 JavaThread "Cache worker for file hash cache (C:\Users\Xinto\.gradle\caches\6.8\fileHashes)" [_thread_blocked, id=10216, stack(0x000000001d610000,0x000000001d710000)]
  0x000000001b409800 JavaThread "Daemon client event forwarder" [_thread_blocked, id=9784, stack(0x000000001d310000,0x000000001d410000)]
  0x000000001b43b800 JavaThread "Stdin handler" [_thread_blocked, id=7684, stack(0x000000001d210000,0x000000001d310000)]
  0x000000001b440800 JavaThread "Asynchronous log dispatcher for DefaultDaemonConnection: socket connection from /127.0.0.1:50142 to /127.0.0.1:50143" [_thread_blocked, id=8956, stack(0x000000001d110000,0x000000001d210000)]
=>0x000000001b460800 JavaThread "Daemon worker" [_thread_in_vm, id=10964, stack(0x000000001d010000,0x000000001d110000)]
  0x000000001b43e800 JavaThread "Cancel handler" [_thread_blocked, id=5564, stack(0x000000001cf10000,0x000000001d010000)]
  0x000000001b3ca800 JavaThread "Handler for socket connection from /127.0.0.1:50142 to /127.0.0.1:50143" [_thread_in_native, id=12348, stack(0x000000001ce10000,0x000000001cf10000)]
  0x000000001b320800 JavaThread "Daemon" [_thread_blocked, id=7888, stack(0x000000001cd10000,0x000000001ce10000)]
  0x000000001b31e800 JavaThread "Daemon periodic checks" [_thread_blocked, id=11428, stack(0x000000001ca10000,0x000000001cb10000)]
  0x000000001b31d800 JavaThread "Incoming local TCP Connector on port 50142" [_thread_in_native, id=3412, stack(0x000000001c7d0000,0x000000001c8d0000)]
  0x000000001b2b6800 JavaThread "Daemon health stats" [_thread_blocked, id=10844, stack(0x000000001c190000,0x000000001c290000)]
  0x00000000189b6800 JavaThread "Service Thread" daemon [_thread_blocked, id=9848, stack(0x00000000195f0000,0x00000000196f0000)]
  0x0000000018931800 JavaThread "C1 CompilerThread3" daemon [_thread_blocked, id=904, stack(0x00000000194f0000,0x00000000195f0000)]
  0x000000001892a000 JavaThread "C2 CompilerThread2" daemon [_thread_in_native, id=1372, stack(0x00000000193f0000,0x00000000194f0000)]
  0x0000000018923800 JavaThread "C2 CompilerThread1" daemon [_thread_in_native, id=12124, stack(0x00000000192f0000,0x00000000193f0000)]
  0x0000000018921800 JavaThread "C2 CompilerThread0" daemon [_thread_in_native, id=6960, stack(0x00000000191f0000,0x00000000192f0000)]
  0x0000000018920000 JavaThread "Attach Listener" daemon [_thread_blocked, id=9388, stack(0x00000000190f0000,0x00000000191f0000)]
  0x000000001891f000 JavaThread "Signal Dispatcher" daemon [_thread_blocked, id=4220, stack(0x0000000018ff0000,0x00000000190f0000)]
  0x0000000018911000 JavaThread "Finalizer" daemon [_thread_blocked, id=3504, stack(0x0000000018df0000,0x0000000018ef0000)]
  0x0000000018910800 JavaThread "Reference Handler" daemon [_thread_blocked, id=1336, stack(0x0000000018cf0000,0x0000000018df0000)]
  0x0000000002c3d800 JavaThread "main" [_thread_blocked, id=7624, stack(0x0000000002ae0000,0x0000000002be0000)]

Other Threads:
  0x0000000016af8000 VMThread [stack: 0x00000000187f0000,0x00000000188f0000] [id=11196]
  0x00000000189b7800 WatcherThread [stack: 0x00000000196f0000,0x00000000197f0000] [id=6976]

VM state:not at safepoint (normal execution)

VM Mutex/Monitor currently owned by a thread: None

heap address: 0x00000000a0000000, size: 1536 MB, Compressed Oops mode: 32-bit
Narrow klass base: 0x0000000000000000, Narrow klass shift: 3
Compressed class space size: 1073741824 Address: 0x0000000100000000

Heap:
 PSYoungGen      total 472064K, used 208787K [0x00000000e0000000, 0x0000000100000000, 0x0000000100000000)
  eden space 421376K, 37% used [0x00000000e0000000,0x00000000e9abaca8,0x00000000f9b80000)
  from space 50688K, 99% used [0x00000000f9b80000,0x00000000fccaa0f0,0x00000000fcd00000)
  to   space 52224K, 0% used [0x00000000fcd00000,0x00000000fcd00000,0x0000000100000000)
 ParOldGen       total 258560K, used 89170K [0x00000000a0000000, 0x00000000afc80000, 0x00000000e0000000)
  object space 258560K, 34% used [0x00000000a0000000,0x00000000a57149f0,0x00000000afc80000)
 Metaspace       used 119482K, capacity 124197K, committed 124568K, reserved 1157120K
  class space    used 15750K, capacity 16690K, committed 16792K, reserved 1048576K

Card table byte_map: [0x0000000012100000,0x0000000012410000] byte_map_base: 0x0000000011c00000

Marking Bits: (ParMarkBitMap*) 0x00000000657df030
 Begin Bits: [0x0000000012e10000, 0x0000000014610000)
 End Bits:   [0x0000000014610000, 0x0000000015e10000)

Polling page: 0x00000000012c0000

CodeCache: size=245760Kb used=43365Kb max_used=44565Kb free=202395Kb
 bounds [0x0000000002d40000, 0x00000000058f0000, 0x0000000011d40000]
 total_blobs=13045 nmethods=12109 adapters=845
 compilation: enabled

Compilation events (10 events):
Event: 18.395 Thread 0x0000000018931800 13961       3       com.android.build.api.artifact.impl.StorageProviderImpl$directory$1::invoke (9 bytes)
Event: 18.396 Thread 0x0000000018931800 nmethod 13961 0x0000000004d8f150 code [0x0000000004d8f360, 0x0000000004d8fcb8]
Event: 18.396 Thread 0x0000000018931800 13962       3       org.gradle.model.internal.core.ModelPath::compareTo (19 bytes)
Event: 18.396 Thread 0x0000000018931800 nmethod 13962 0x000000000389c410 code [0x000000000389c580, 0x000000000389c7e8]
Event: 18.396 Thread 0x0000000018931800 13963       1       com.android.builder.core.VariantTypeImpl::isForTesting (5 bytes)
Event: 18.396 Thread 0x0000000018931800 nmethod 13963 0x0000000004d435d0 code [0x0000000004d43720, 0x0000000004d43830]
Event: 18.396 Thread 0x0000000018931800 13964       3       java.util.StringTokenizer::setMaxDelimCodePoint (156 bytes)
Event: 18.397 Thread 0x0000000018931800 nmethod 13964 0x0000000003cc3e90 code [0x0000000003cc4080, 0x0000000003cc4ba8]
Event: 18.398 Thread 0x0000000018931800 13965       3       org.gradle.model.internal.registry.ModelGraph::find (14 bytes)
Event: 18.399 Thread 0x0000000018931800 nmethod 13965 0x0000000002ed8050 code [0x0000000002ed81c0, 0x0000000002ed84c8]

GC Heap History (10 events):
Event: 9.060 GC heap before
{Heap before GC invocations=13 (full 3):
 PSYoungGen      total 363008K, used 344064K [0x00000000e0000000, 0x00000000fd000000, 0x0000000100000000)
  eden space 344064K, 100% used [0x00000000e0000000,0x00000000f5000000,0x00000000f5000000)
  from space 18944K, 0% used [0x00000000f5000000,0x00000000f5000000,0x00000000f6280000)
  to   space 24064K, 0% used [0x00000000fb880000,0x00000000fb880000,0x00000000fd000000)
 ParOldGen       total 145408K, used 35944K [0x00000000a0000000, 0x00000000a8e00000, 0x00000000e0000000)
  object space 145408K, 24% used [0x00000000a0000000,0x00000000a231a338,0x00000000a8e00000)
 Metaspace       used 72260K, capacity 76076K, committed 76184K, reserved 1114112K
  class space    used 10152K, capacity 10901K, committed 10904K, reserved 1048576K
Event: 9.090 GC heap after
Heap after GC invocations=13 (full 3):
 PSYoungGen      total 435200K, used 24049K [0x00000000e0000000, 0x00000000fd080000, 0x0000000100000000)
  eden space 411136K, 0% used [0x00000000e0000000,0x00000000e0000000,0x00000000f9180000)
  from space 24064K, 99% used [0x00000000fb880000,0x00000000fcffc7b0,0x00000000fd000000)
  to   space 32256K, 0% used [0x00000000f9180000,0x00000000f9180000,0x00000000fb100000)
 ParOldGen       total 145408K, used 48501K [0x00000000a0000000, 0x00000000a8e00000, 0x00000000e0000000)
  object space 145408K, 33% used [0x00000000a0000000,0x00000000a2f5d620,0x00000000a8e00000)
 Metaspace       used 72260K, capacity 76076K, committed 76184K, reserved 1114112K
  class space    used 10152K, capacity 10901K, committed 10904K, reserved 1048576K
}
Event: 11.356 GC heap before
{Heap before GC invocations=14 (full 3):
 PSYoungGen      total 435200K, used 435185K [0x00000000e0000000, 0x00000000fd080000, 0x0000000100000000)
  eden space 411136K, 100% used [0x00000000e0000000,0x00000000f9180000,0x00000000f9180000)
  from space 24064K, 99% used [0x00000000fb880000,0x00000000fcffc7b0,0x00000000fd000000)
  to   space 32256K, 0% used [0x00000000f9180000,0x00000000f9180000,0x00000000fb100000)
 ParOldGen       total 145408K, used 48501K [0x00000000a0000000, 0x00000000a8e00000, 0x00000000e0000000)
  object space 145408K, 33% used [0x00000000a0000000,0x00000000a2f5d620,0x00000000a8e00000)
 Metaspace       used 90068K, capacity 94071K, committed 94488K, reserved 1130496K
  class space    used 12230K, capacity 13052K, committed 13080K, reserved 1048576K
Event: 11.402 GC heap after
Heap after GC invocations=14 (full 3):
 PSYoungGen      total 443392K, used 32253K [0x00000000e0000000, 0x0000000100000000, 0x0000000100000000)
  eden space 411136K, 0% used [0x00000000e0000000,0x00000000e0000000,0x00000000f9180000)
  from space 32256K, 99% used [0x00000000f9180000,0x00000000fb0ff458,0x00000000fb100000)
  to   space 52224K, 0% used [0x00000000fcd00000,0x00000000fcd00000,0x0000000100000000)
 ParOldGen       total 145408K, used 89132K [0x00000000a0000000, 0x00000000a8e00000, 0x00000000e0000000)
  object space 145408K, 61% used [0x00000000a0000000,0x00000000a570b380,0x00000000a8e00000)
 Metaspace       used 90068K, capacity 94071K, committed 94488K, reserved 1130496K
  class space    used 12230K, capacity 13052K, committed 13080K, reserved 1048576K
}
Event: 12.149 GC heap before
{Heap before GC invocations=15 (full 3):
 PSYoungGen      total 443392K, used 138008K [0x00000000e0000000, 0x0000000100000000, 0x0000000100000000)
  eden space 411136K, 25% used [0x00000000e0000000,0x00000000e6746c28,0x00000000f9180000)
  from space 32256K, 99% used [0x00000000f9180000,0x00000000fb0ff458,0x00000000fb100000)
  to   space 52224K, 0% used [0x00000000fcd00000,0x00000000fcd00000,0x0000000100000000)
 ParOldGen       total 145408K, used 89132K [0x00000000a0000000, 0x00000000a8e00000, 0x00000000e0000000)
  object space 145408K, 61% used [0x00000000a0000000,0x00000000a570b380,0x00000000a8e00000)
 Metaspace       used 94115K, capacity 98147K, committed 98584K, reserved 1134592K
  class space    used 12732K, capacity 13552K, committed 13592K, reserved 1048576K
Event: 12.176 GC heap after
Heap after GC invocations=15 (full 3):
 PSYoungGen      total 473600K, used 10729K [0x00000000e0000000, 0x0000000100000000, 0x0000000100000000)
  eden space 421376K, 0% used [0x00000000e0000000,0x00000000e0000000,0x00000000f9b80000)
  from space 52224K, 20% used [0x00000000fcd00000,0x00000000fd77a5c8,0x0000000100000000)
  to   space 50688K, 0% used [0x00000000f9b80000,0x00000000f9b80000,0x00000000fcd00000)
 ParOldGen       total 145408K, used 119035K [0x00000000a0000000, 0x00000000a8e00000, 0x00000000e0000000)
  object space 145408K, 81% used [0x00000000a0000000,0x00000000a743ece8,0x00000000a8e00000)
 Metaspace       used 94115K, capacity 98147K, committed 98584K, reserved 1134592K
  class space    used 12732K, capacity 13552K, committed 13592K, reserved 1048576K
}
Event: 12.176 GC heap before
{Heap before GC invocations=16 (full 4):
 PSYoungGen      total 473600K, used 10729K [0x00000000e0000000, 0x0000000100000000, 0x0000000100000000)
  eden space 421376K, 0% used [0x00000000e0000000,0x00000000e0000000,0x00000000f9b80000)
  from space 52224K, 20% used [0x00000000fcd00000,0x00000000fd77a5c8,0x0000000100000000)
  to   space 50688K, 0% used [0x00000000f9b80000,0x00000000f9b80000,0x00000000fcd00000)
 ParOldGen       total 145408K, used 119035K [0x00000000a0000000, 0x00000000a8e00000, 0x00000000e0000000)
  object space 145408K, 81% used [0x00000000a0000000,0x00000000a743ece8,0x00000000a8e00000)
 Metaspace       used 94115K, capacity 98147K, committed 98584K, reserved 1134592K
  class space    used 12732K, capacity 13552K, committed 13592K, reserved 1048576K
Event: 12.354 GC heap after
Heap after GC invocations=16 (full 4):
 PSYoungGen      total 473600K, used 0K [0x00000000e0000000, 0x0000000100000000, 0x0000000100000000)
  eden space 421376K, 0% used [0x00000000e0000000,0x00000000e0000000,0x00000000f9b80000)
  from space 52224K, 0% used [0x00000000fcd00000,0x00000000fcd00000,0x0000000100000000)
  to   space 50688K, 0% used [0x00000000f9b80000,0x00000000f9b80000,0x00000000fcd00000)
 ParOldGen       total 258560K, used 89162K [0x00000000a0000000, 0x00000000afc80000, 0x00000000e0000000)
  object space 258560K, 34% used [0x00000000a0000000,0x00000000a57129f0,0x00000000afc80000)
 Metaspace       used 94094K, capacity 98081K, committed 98584K, reserved 1134592K
  class space    used 12726K, capacity 13541K, committed 13592K, reserved 1048576K
}
Event: 16.098 GC heap before
{Heap before GC invocations=17 (full 4):
 PSYoungGen      total 473600K, used 421376K [0x00000000e0000000, 0x0000000100000000, 0x0000000100000000)
  eden space 421376K, 100% used [0x00000000e0000000,0x00000000f9b80000,0x00000000f9b80000)
  from space 52224K, 0% used [0x00000000fcd00000,0x00000000fcd00000,0x0000000100000000)
  to   space 50688K, 0% used [0x00000000f9b80000,0x00000000f9b80000,0x00000000fcd00000)
 ParOldGen       total 258560K, used 89162K [0x00000000a0000000, 0x00000000afc80000, 0x00000000e0000000)
  object space 258560K, 34% used [0x00000000a0000000,0x00000000a57129f0,0x00000000afc80000)
 Metaspace       used 111820K, capacity 116163K, committed 116760K, reserved 1150976K
  class space    used 14705K, capacity 15577K, committed 15640K, reserved 1048576K
Event: 16.129 GC heap after
Heap after GC invocations=17 (full 4):
 PSYoungGen      total 472064K, used 50344K [0x00000000e0000000, 0x0000000100000000, 0x0000000100000000)
  eden space 421376K, 0% used [0x00000000e0000000,0x00000000e0000000,0x00000000f9b80000)
  from space 50688K, 99% used [0x00000000f9b80000,0x00000000fccaa0f0,0x00000000fcd00000)
  to   space 52224K, 0% used [0x00000000fcd00000,0x00000000fcd00000,0x0000000100000000)
 ParOldGen       total 258560K, used 89170K [0x00000000a0000000, 0x00000000afc80000, 0x00000000e0000000)
  object space 258560K, 34% used [0x00000000a0000000,0x00000000a57149f0,0x00000000afc80000)
 Metaspace       used 111820K, capacity 116163K, committed 116760K, reserved 1150976K
  class space    used 14705K, capacity 15577K, committed 15640K, reserved 1048576K
}

Deoptimization events (10 events):
Event: 17.718 Thread 0x000000001b460800 Uncommon trap: reason=unstable_if action=reinterpret pc=0x0000000003ec7f74 method=java.lang.String.regionMatches(ZILjava/lang/String;II)Z @ 41
Event: 17.729 Thread 0x000000001b460800 Uncommon trap: reason=unstable_if action=reinterpret pc=0x0000000002fccd88 method=java.lang.AbstractStringBuilder.append(Ljava/lang/String;)Ljava/lang/AbstractStringBuilder; @ 1
Event: 17.729 Thread 0x000000001b460800 Uncommon trap: reason=unstable_if action=reinterpret pc=0x0000000002f9a940 method=java.lang.AbstractStringBuilder.append(Ljava/lang/String;)Ljava/lang/AbstractStringBuilder; @ 1
Event: 17.753 Thread 0x000000001b460800 Uncommon trap: reason=class_check action=maybe_recompile pc=0x0000000004513154 method=sun.misc.URLClassPath.getLoader(I)Lsun/misc/URLClassPath$Loader; @ 239
Event: 18.220 Thread 0x000000001b460800 Uncommon trap: reason=unstable_if action=reinterpret pc=0x0000000004a4e37c method=java.util.Properties$LineReader.readLine()I @ 37
Event: 18.255 Thread 0x000000001b460800 Uncommon trap: reason=class_check action=maybe_recompile pc=0x0000000005752318 method=java.util.AbstractSet.equals(Ljava/lang/Object;)Z @ 8
Event: 18.256 Thread 0x000000001b460800 Uncommon trap: reason=class_check action=maybe_recompile pc=0x0000000005752318 method=java.util.AbstractSet.equals(Ljava/lang/Object;)Z @ 8
Event: 18.256 Thread 0x000000001b460800 Uncommon trap: reason=class_check action=maybe_recompile pc=0x0000000005752318 method=java.util.AbstractSet.equals(Ljava/lang/Object;)Z @ 8
Event: 18.256 Thread 0x000000001b460800 Uncommon trap: reason=class_check action=maybe_recompile pc=0x0000000005752318 method=java.util.AbstractSet.equals(Ljava/lang/Object;)Z @ 8
Event: 18.375 Thread 0x000000001b460800 Uncommon trap: reason=unstable_if action=reinterpret pc=0x00000000056bfa08 method=kotlin.text.StringsKt__StringsKt.findAnyOf$StringsKt__StringsKt(Ljava/lang/CharSequence;Ljava/util/Collection;IZZ)Lkotlin/Pair; @ 267

Classes redefined (0 events):
No events

Internal exceptions (10 events):
Event: 14.384 Thread 0x000000001b460800 Exception <a 'java/lang/ClassNotFoundException': com/android/build/gradle/internal/dsl/BuildTypeCustomizer> (0x00000000ede19eb0) thrown at [C:\src\AOSP-openjdk-git\hotspot\src\share\vm\classfile\systemDictionary.cpp, line 210]
Event: 14.386 Thread 0x000000001b460800 Exception <a 'java/lang/ClassNotFoundException': com/android/build/gradle/internal/dsl/BuildType_DecoratedCustomizer> (0x00000000edef1f58) thrown at [C:\src\AOSP-openjdk-git\hotspot\src\share\vm\classfile\systemDictionary.cpp, line 210]
Event: 14.681 Thread 0x000000001b460800 Exception <a 'java/lang/NoSuchMethodError': java.lang.Object.lambda$static$0(I)[Lorg/jetbrains/kotlin/psi/KtTypeElement;> (0x00000000f1209270) thrown at [C:\src\AOSP-openjdk-git\hotspot\src\share\vm\interpreter\linkResolver.cpp, line 620]
Event: 15.490 Thread 0x000000001b460800 Exception <a 'java/lang/IncompatibleClassChangeError': Found class java.lang.Object, but interface was expected> (0x00000000f71ca668) thrown at [C:\src\AOSP-openjdk-git\hotspot\src\share\vm\interpreter\linkResolver.cpp, line 653]
Event: 17.292 Thread 0x000000001b460800 Implicit null exception at 0x00000000054a7e54 to 0x00000000054a8044
Event: 17.462 Thread 0x000000001b460800 Exception <a 'java/lang/NoSuchMethodError': java.lang.Object.lambda$static$0(Lorg/jetbrains/kotlin/descriptors/ValueParameterDescriptor;Lorg/jetbrains/kotlin/codegen/ExpressionCodegen;)Lorg/jetbrains/kotlin/codegen/StackValue;> (0x00000000e6881330) thrown
Event: 17.700 Thread 0x00000000209f7800 Exception <a 'sun/nio/fs/WindowsException'> (0x00000000e766ba90) thrown at [C:\src\AOSP-openjdk-git\hotspot\src\share\vm\prims\jni.cpp, line 710]
Event: 17.701 Thread 0x00000000209f7800 Exception <a 'sun/nio/fs/WindowsException'> (0x00000000e766bdf0) thrown at [C:\src\AOSP-openjdk-git\hotspot\src\share\vm\prims\jni.cpp, line 710]
Event: 17.729 Thread 0x000000001b460800 Implicit null exception at 0x0000000002fcc9d6 to 0x0000000002fccd71
Event: 17.729 Thread 0x000000001b460800 Implicit null exception at 0x0000000002f9a596 to 0x0000000002f9a929

Events (10 events):
Event: 18.397 loading class org/gradle/api/Task
Event: 18.397 loading class org/gradle/api/Task done
Event: 18.397 loading class org/gradle/api/Task
Event: 18.397 loading class org/gradle/api/Task done
Event: 18.397 loading class org/gradle/api/Action
Event: 18.397 loading class org/gradle/api/Action done
Event: 18.399 loading class com/android/build/gradle/internal/dependency/SubtractingArtifactCollection
Event: 18.399 loading class com/android/build/gradle/internal/dependency/SubtractingArtifactCollection done
Event: 18.401 loading class com/android/build/gradle/internal/dependency/SubtractingArtifactCollection$SubtractingArtifactResult
Event: 18.401 loading class com/android/build/gradle/internal/dependency/SubtractingArtifactCollection$SubtractingArtifactResult done


Dynamic libraries:
0x00007ff6cf950000 - 0x00007ff6cf981000 	C:\Program Files\Android\Android Studio\jre\bin\java.exe
0x00007ff9a8b10000 - 0x00007ff9a8d06000 	C:\WINDOWS\SYSTEM32\ntdll.dll
0x00007ff9a8860000 - 0x00007ff9a891d000 	C:\WINDOWS\System32\KERNEL32.DLL
0x00007ff9a6250000 - 0x00007ff9a6519000 	C:\WINDOWS\System32\KERNELBASE.dll
0x00007ff9a8920000 - 0x00007ff9a89cc000 	C:\WINDOWS\System32\ADVAPI32.dll
0x00007ff9a6f60000 - 0x00007ff9a6ffe000 	C:\WINDOWS\System32\msvcrt.dll
0x00007ff9a8a30000 - 0x00007ff9a8acc000 	C:\WINDOWS\System32\sechost.dll
0x00007ff9a80a0000 - 0x00007ff9a81cb000 	C:\WINDOWS\System32\RPCRT4.dll
0x00007ff9a77b0000 - 0x00007ff9a7950000 	C:\WINDOWS\System32\USER32.dll
0x00007ff9a6990000 - 0x00007ff9a69b2000 	C:\WINDOWS\System32\win32u.dll
0x00007ff9a7700000 - 0x00007ff9a772a000 	C:\WINDOWS\System32\GDI32.dll
0x00007ff9a6a60000 - 0x00007ff9a6b6b000 	C:\WINDOWS\System32\gdi32full.dll
0x00007ff9a69c0000 - 0x00007ff9a6a5d000 	C:\WINDOWS\System32\msvcp_win.dll
0x00007ff9a6520000 - 0x00007ff9a6620000 	C:\WINDOWS\System32\ucrtbase.dll
0x00007ff9979e0000 - 0x00007ff997c7b000 	C:\WINDOWS\WinSxS\amd64_microsoft.windows.common-controls_6595b64144ccf1df_6.0.19041.746_none_ca02b4b61b8320a4\COMCTL32.dll
0x00007ff9a6b70000 - 0x00007ff9a6ba0000 	C:\WINDOWS\System32\IMM32.DLL
0x0000000064e50000 - 0x0000000064f22000 	C:\Program Files\Android\Android Studio\jre\jre\bin\msvcr100.dll
0x0000000065010000 - 0x000000006585b000 	C:\Program Files\Android\Android Studio\jre\jre\bin\server\jvm.dll
0x00007ff9a72a0000 - 0x00007ff9a72a8000 	C:\WINDOWS\System32\PSAPI.DLL
0x00007ff99df80000 - 0x00007ff99df89000 	C:\WINDOWS\SYSTEM32\WSOCK32.dll
0x00007ff9a81d0000 - 0x00007ff9a823b000 	C:\WINDOWS\System32\WS2_32.dll
0x00007ff995ff0000 - 0x00007ff996017000 	C:\WINDOWS\SYSTEM32\WINMM.dll
0x00007ff9a4270000 - 0x00007ff9a427a000 	C:\WINDOWS\SYSTEM32\VERSION.dll
0x00007ff99df70000 - 0x00007ff99df7f000 	C:\Program Files\Android\Android Studio\jre\jre\bin\verify.dll
0x00007ff990be0000 - 0x00007ff990c09000 	C:\Program Files\Android\Android Studio\jre\jre\bin\java.dll
0x00007ff990bc0000 - 0x00007ff990bd6000 	C:\Program Files\Android\Android Studio\jre\jre\bin\zip.dll
0x00007ff9a7950000 - 0x00007ff9a8093000 	C:\WINDOWS\System32\SHELL32.dll
0x00007ff9a4370000 - 0x00007ff9a4aff000 	C:\WINDOWS\SYSTEM32\windows.storage.dll
0x00007ff9a7310000 - 0x00007ff9a7666000 	C:\WINDOWS\System32\combase.dll
0x00007ff9a5b10000 - 0x00007ff9a5b3c000 	C:\WINDOWS\SYSTEM32\Wldp.dll
0x00007ff9a7000000 - 0x00007ff9a70ae000 	C:\WINDOWS\System32\SHCORE.dll
0x00007ff9a89d0000 - 0x00007ff9a8a25000 	C:\WINDOWS\System32\shlwapi.dll
0x00007ff9a6180000 - 0x00007ff9a61a6000 	C:\WINDOWS\SYSTEM32\profapi.dll
0x00007ff990ba0000 - 0x00007ff990bba000 	C:\Program Files\Android\Android Studio\jre\jre\bin\net.dll
0x00007ff9a5900000 - 0x00007ff9a596a000 	C:\WINDOWS\system32\mswsock.dll
0x00007ff990b80000 - 0x00007ff990b93000 	C:\Program Files\Android\Android Studio\jre\jre\bin\nio.dll
0x00007ff9937c0000 - 0x00007ff9937e7000 	C:\Users\Xinto\.gradle\native\fdc75f09e3144964f2cf3f50f0aa648679c211496f362492102eb8c894070792\windows-amd64\native-platform.dll
0x00007ff95e730000 - 0x00007ff95e8c6000 	C:\Users\Xinto\.gradle\native\12488b8bf47d2d4c9fbf2f6322a914ad602e24e48041cd04a747c6da556b65c4\windows-amd64\native-platform-file-events.dll
0x00007ff99df60000 - 0x00007ff99df6d000 	C:\Program Files\Android\Android Studio\jre\jre\bin\management.dll
0x00007ff9a5b50000 - 0x00007ff9a5b68000 	C:\WINDOWS\SYSTEM32\CRYPTSP.dll
0x00007ff9a52c0000 - 0x00007ff9a52f4000 	C:\WINDOWS\system32\rsaenh.dll
0x00007ff9a6750000 - 0x00007ff9a6777000 	C:\WINDOWS\System32\bcrypt.dll
0x00007ff9a6140000 - 0x00007ff9a616e000 	C:\WINDOWS\SYSTEM32\USERENV.dll
0x00007ff9a6680000 - 0x00007ff9a6700000 	C:\WINDOWS\System32\bcryptprimitives.dll
0x00007ff9a5a80000 - 0x00007ff9a5a8c000 	C:\WINDOWS\SYSTEM32\CRYPTBASE.dll
0x00007ff9a5610000 - 0x00007ff9a564b000 	C:\WINDOWS\SYSTEM32\IPHLPAPI.DLL
0x00007ff9a6d90000 - 0x00007ff9a6d98000 	C:\WINDOWS\System32\NSI.dll
0x00007ff9a0090000 - 0x00007ff9a00a7000 	C:\WINDOWS\SYSTEM32\dhcpcsvc6.DLL
0x00007ff9a0500000 - 0x00007ff9a051d000 	C:\WINDOWS\SYSTEM32\dhcpcsvc.DLL
0x00007ff9a5650000 - 0x00007ff9a571b000 	C:\WINDOWS\SYSTEM32\DNSAPI.dll
0x00007ff9a09c0000 - 0x00007ff9a09cb000 	C:\WINDOWS\SYSTEM32\WINNSI.DLL

VM Arguments:
jvm_args: -Xmx1536M -Dfile.encoding=windows-1252 -Duser.country=US -Duser.language=en -Duser.variant 
java_command: org.gradle.launcher.daemon.bootstrap.GradleDaemon 6.8
java_class_path (initial): C:\Users\Xinto\.gradle\wrapper\dists\gradle-6.8-bin\1jblhjyydfkclfzx1agp92nyl\gradle-6.8\lib\gradle-launcher-6.8.jar
Launcher Type: SUN_STANDARD

Environment Variables:
PATH=C:\Program Files (x86)\Common Files\Oracle\Java\javapath;C:\Program Files\Common Files\Oracle\Java\javapath;C:\Program Files (x86)\Common Files\Intel\Shared Libraries\redist\intel64\compiler;C:\Program Files (x86)\NVIDIA Corporation\PhysX\Common;C:\WINDOWS\system32;C:\WINDOWS;C:\WINDOWS\System32\Wbem;C:\WINDOWS\System32\WindowsPowerShell\v1.0\;C:\WINDOWS\System32\OpenSSH\;C:\Program Files\Git\cmd;C:\Program Files\dotnet\;C:\Users\Xinto\AppData\Local\Microsoft\WindowsApps;C:\Users\Xinto\.dotnet\tools
USERNAME=Xinto
OS=Windows_NT
PROCESSOR_IDENTIFIER=Intel64 Family 6 Model 165 Stepping 3, GenuineIntel



---------------  S Y S T E M  ---------------

OS: Windows 10.0 , 64 bit Build 19041 (10.0.19041.662)

CPU:total 8 (initial active 8) (4 cores per cpu, 2 threads per core) family 6 model 165 stepping 3, cmov, cx8, fxsr, mmx, sse, sse2, sse3, ssse3, sse4.1, sse4.2, popcnt, avx, avx2, aes, clmul, erms, 3dnowpref, lzcnt, ht, tsc, tscinvbit, bmi1, bmi2, adx

Memory: 4k page, physical 8279568k(1040440k free), swap 10839568k(5268k free)

vm_info: OpenJDK 64-Bit Server VM (25.242-b01) for windows-amd64 JRE (1.8.0_242-release-1644-b01), built by "builder" with MS VC++ 10.0 (VS2010)

time: Sun Jan 17 00:38:44 2021
timezone: Georgian Standard Time
elapsed time: 18 seconds (0d 0h 0m 18s)

