#
# There is insufficient memory for the Java Runtime Environment to continue.
# Native memory allocation (malloc) failed to allocate 1523856 bytes for Chunk::new
# Possible reasons:
#   The system is out of physical RAM or swap space
#   The process is running with CompressedOops enabled, and the Java Heap may be blocking the growth of the native heap
# Possible solutions:
#   Reduce memory load on the system
#   Increase physical memory or swap space
#   Check if swap backing store is full
#   Decrease Java heap size (-Xmx/-Xms)
#   Decrease number of Java threads
#   Decrease Java thread stack sizes (-Xss)
#   Set larger code cache with -XX:ReservedCodeCacheSize=
#   JVM is running with Unscaled Compressed Oops mode in which the Java heap is
#     placed in the first 4GB address space. The Java Heap base address is the
#     maximum limit for the native heap growth. Please use -XX:HeapBaseMinAddress
#     to set the Java Heap base and to place the Java Heap above 4GB virtual address.
# This output file may be truncated or incomplete.
#
#  Out of Memory Error (allocation.cpp:389), pid=12600, tid=0x00000000000027b0
#
# JRE version: OpenJDK Runtime Environment (8.0_242-b01) (build 1.8.0_242-release-1644-b01)
# Java VM: OpenJDK 64-Bit Server VM (25.242-b01 mixed mode windows-amd64 compressed oops)
# Failed to write core dump. Minidumps are not enabled by default on client versions of Windows
#

---------------  T H R E A D  ---------------

Current thread (0x0000000018674000):  JavaThread "C2 CompilerThread1" daemon [_thread_in_native, id=10160, stack(0x0000000019040000,0x0000000019140000)]

Stack: [0x0000000019040000,0x0000000019140000]
[error occurred during error reporting (printing stack bounds), id 0xc0000005]

Native frames: (J=compiled Java code, j=interpreted, Vv=VM code, C=native code)


Current CompileTask:
C2:1255359 65202       4       org.jetbrains.kotlin.load.java.lazy.descriptors.LazyJavaScope::resolveValueParameters (627 bytes)


---------------  P R O C E S S  ---------------

Java Threads: ( => current thread )
  0x000000002d31e800 JavaThread "RMI TCP Connection(24)-127.0.0.1" daemon [_thread_in_native, id=7772, stack(0x00000000424e0000,0x00000000425e0000)]
  0x000000002d321800 JavaThread "RMI TCP Connection(26)-127.0.0.1" daemon [_thread_in_native, id=8704, stack(0x0000000041ce0000,0x0000000041de0000)]
  0x000000002d318800 JavaThread "RMI TCP Connection(25)-127.0.0.1" daemon [_thread_in_native, id=8052, stack(0x00000000418e0000,0x00000000419e0000)]
  0x000000002d315800 JavaThread "RMI TCP Connection(22)-127.0.0.1" daemon [_thread_in_native, id=9076, stack(0x0000000041de0000,0x0000000041ee0000)]
  0x000000002d31b800 JavaThread "Cache worker for Java compile cache (C:\Users\Xinto\StudioProjects\VancedManager\.gradle\6.7.1\javaCompile)" [_thread_blocked, id=13716, stack(0x0000000041be0000,0x0000000041ce0000)]
  0x000000002d314000 JavaThread "RMI TCP Connection(idle)" daemon [_thread_blocked, id=9596, stack(0x0000000041ae0000,0x0000000041be0000)]
  0x000000002d315000 JavaThread "RMI TCP Connection(21)-127.0.0.1" daemon [_thread_in_native, id=6036, stack(0x00000000419e0000,0x0000000041ae0000)]
  0x000000002d312800 JavaThread "RMI TCP Connection(17)-127.0.0.1" daemon [_thread_in_native, id=5964, stack(0x00000000414e0000,0x00000000415e0000)]
  0x000000002d317000 JavaThread "stdout" [_thread_in_native, id=11204, stack(0x000000003e6b0000,0x000000003e7b0000)]
  0x000000002d318000 JavaThread "stderr" [_thread_in_native, id=7668, stack(0x000000003e460000,0x000000003e560000)]
  0x00000000199ad800 JavaThread "stdout" [_thread_in_native, id=12360, stack(0x00000000411e0000,0x00000000412e0000)]
  0x00000000199ac800 JavaThread "stderr" [_thread_in_native, id=13348, stack(0x00000000410e0000,0x00000000411e0000)]
  0x00000000199b1000 JavaThread "WorkerExecutor Queue Thread 8" [_thread_blocked, id=10020, stack(0x0000000040fe0000,0x00000000410e0000)]
  0x00000000199ac000 JavaThread "WorkerExecutor Queue Thread 7" [_thread_blocked, id=10152, stack(0x0000000040ee0000,0x0000000040fe0000)]
  0x000000001bb6e000 JavaThread "stdout" [_thread_in_native, id=2588, stack(0x0000000040de0000,0x0000000040ee0000)]
  0x000000001bb72800 JavaThread "stderr" [_thread_in_native, id=7592, stack(0x0000000040ce0000,0x0000000040de0000)]
  0x000000001bb71800 JavaThread "stdout" [_thread_in_native, id=9552, stack(0x0000000040be0000,0x0000000040ce0000)]
  0x000000001bb75000 JavaThread "stderr" [_thread_in_native, id=10132, stack(0x0000000040ae0000,0x0000000040be0000)]
  0x000000001bb69800 JavaThread "WorkerExecutor Queue Thread 6" [_thread_blocked, id=14900, stack(0x00000000409e0000,0x0000000040ae0000)]
  0x000000001bb70000 JavaThread "stdout" [_thread_in_native, id=4380, stack(0x000000003ff70000,0x0000000040070000)]
  0x000000001bb66800 JavaThread "stderr" [_thread_in_native, id=8220, stack(0x000000003fe70000,0x000000003ff70000)]
  0x0000000027088000 JavaThread "stdout" [_thread_in_native, id=14436, stack(0x000000003fd70000,0x000000003fe70000)]
  0x0000000027080800 JavaThread "stderr" [_thread_in_native, id=5776, stack(0x000000003fa10000,0x000000003fb10000)]
  0x0000000027087800 JavaThread "WorkerExecutor Queue Thread 5" [_thread_blocked, id=15192, stack(0x000000003f260000,0x000000003f360000)]
  0x0000000027086800 JavaThread "stdout" [_thread_in_native, id=9524, stack(0x000000003ef60000,0x000000003f060000)]
  0x0000000027086000 JavaThread "stderr" [_thread_in_native, id=2996, stack(0x000000003eba0000,0x000000003eca0000)]
  0x0000000027084800 JavaThread "pool-12-thread-1" [_thread_blocked, id=3304, stack(0x000000003e810000,0x000000003e910000)]
  0x0000000027082000 JavaThread "WorkerExecutor Queue Thread 4" [_thread_blocked, id=2036, stack(0x000000003e940000,0x000000003ea40000)]
  0x0000000027079000 JavaThread "WorkerExecutor Queue Thread 3" [_thread_blocked, id=12188, stack(0x000000003e5b0000,0x000000003e6b0000)]
  0x000000002707e800 JavaThread "WorkerExecutor Queue Thread 2" [_thread_blocked, id=13904, stack(0x000000003e360000,0x000000003e460000)]
  0x000000002d5b8800 JavaThread "WorkerExecutor Queue" [_thread_blocked, id=10412, stack(0x000000003e160000,0x000000003e260000)]
  0x000000002d5b7800 JavaThread "Cache worker for execution history cache (C:\Users\Xinto\StudioProjects\VancedManager\.gradle\6.7.1\executionHistory)" [_thread_blocked, id=6056, stack(0x000000003e060000,0x000000003e160000)]
  0x000000002d5b7000 JavaThread "Execution worker for ':' Thread 7" [_thread_blocked, id=13116, stack(0x000000003df60000,0x000000003e060000)]
  0x000000002d5af800 JavaThread "Execution worker for ':' Thread 6" [_thread_blocked, id=1752, stack(0x000000003de60000,0x000000003df60000)]
  0x000000002d5b6000 JavaThread "Execution worker for ':' Thread 5" [_thread_blocked, id=7648, stack(0x000000003dd60000,0x000000003de60000)]
  0x000000002d5b4800 JavaThread "Execution worker for ':' Thread 4" [_thread_blocked, id=14384, stack(0x000000003dc60000,0x000000003dd60000)]
  0x000000002d5ac800 JavaThread "Execution worker for ':' Thread 3" [_thread_blocked, id=15332, stack(0x000000003db60000,0x000000003dc60000)]
  0x000000002d5b3000 JavaThread "Execution worker for ':' Thread 2" [_thread_in_Java, id=4524, stack(0x000000003da60000,0x000000003db60000)]
  0x000000002d5b2800 JavaThread "Execution worker for ':'" [_thread_blocked, id=12576, stack(0x000000003d960000,0x000000003da60000)]
  0x000000002d5ae800 JavaThread "jar transforms Thread 625" [_thread_blocked, id=9152, stack(0x000000003d860000,0x000000003d960000)]
  0x000000002d5ae000 JavaThread "jar transforms Thread 624" [_thread_blocked, id=2164, stack(0x000000003d760000,0x000000003d860000)]
  0x000000002d5b0000 JavaThread "jar transforms Thread 623" [_thread_blocked, id=9820, stack(0x000000003d660000,0x000000003d760000)]
  0x000000002d5ab000 JavaThread "jar transforms Thread 622" [_thread_blocked, id=5604, stack(0x000000003d560000,0x000000003d660000)]
  0x000000002d5b1800 JavaThread "jar transforms Thread 621" [_thread_blocked, id=13076, stack(0x000000003d460000,0x000000003d560000)]
  0x000000002d5ab800 JavaThread "jar transforms Thread 620" [_thread_blocked, id=8912, stack(0x000000003d360000,0x000000003d460000)]
  0x000000002d5ad000 JavaThread "jar transforms Thread 619" [_thread_blocked, id=13860, stack(0x000000003d260000,0x000000003d360000)]
  0x000000002d5b1000 JavaThread "jar transforms Thread 618" [_thread_blocked, id=6308, stack(0x000000003d160000,0x000000003d260000)]
  0x000000002701b800 JavaThread "jar transforms Thread 617" [_thread_blocked, id=5752, stack(0x000000003d060000,0x000000003d160000)]
  0x0000000027022000 JavaThread "jar transforms Thread 616" [_thread_blocked, id=3232, stack(0x000000003cf60000,0x000000003d060000)]
  0x000000002701d800 JavaThread "jar transforms Thread 615" [_thread_blocked, id=2092, stack(0x000000003ce60000,0x000000003cf60000)]
  0x000000002701c000 JavaThread "jar transforms Thread 614" [_thread_blocked, id=8296, stack(0x000000003cd60000,0x000000003ce60000)]
  0x0000000027020800 JavaThread "jar transforms Thread 613" [_thread_blocked, id=8776, stack(0x000000003cc60000,0x000000003cd60000)]
  0x000000002701e800 JavaThread "jar transforms Thread 612" [_thread_blocked, id=2180, stack(0x000000003cb60000,0x000000003cc60000)]
  0x0000000027020000 JavaThread "jar transforms Thread 611" [_thread_blocked, id=9440, stack(0x000000003ca60000,0x000000003cb60000)]
  0x000000002701f000 JavaThread "jar transforms Thread 610" [_thread_blocked, id=13004, stack(0x000000003c960000,0x000000003ca60000)]
  0x0000000027021800 JavaThread "jar transforms Thread 609" [_thread_blocked, id=8904, stack(0x000000003c860000,0x000000003c960000)]
  0x0000000027014000 JavaThread "jar transforms Thread 608" [_thread_blocked, id=14640, stack(0x000000003c760000,0x000000003c860000)]
  0x0000000027019000 JavaThread "jar transforms Thread 607" [_thread_blocked, id=12904, stack(0x000000003c660000,0x000000003c760000)]
  0x0000000027017000 JavaThread "jar transforms Thread 606" [_thread_blocked, id=4052, stack(0x000000003c560000,0x000000003c660000)]
  0x000000002701a800 JavaThread "jar transforms Thread 605" [_thread_blocked, id=4244, stack(0x000000003c460000,0x000000003c560000)]
  0x0000000027017800 JavaThread "jar transforms Thread 604" [_thread_blocked, id=6656, stack(0x000000003c360000,0x000000003c460000)]
  0x0000000027018800 JavaThread "jar transforms Thread 603" [_thread_blocked, id=10852, stack(0x000000003c260000,0x000000003c360000)]
  0x0000000027013000 JavaThread "jar transforms Thread 602" [_thread_blocked, id=3812, stack(0x000000003c160000,0x000000003c260000)]
  0x0000000027015800 JavaThread "jar transforms Thread 601" [_thread_blocked, id=12032, stack(0x000000003c060000,0x000000003c160000)]
  0x0000000027016000 JavaThread "jar transforms Thread 600" [_thread_blocked, id=12144, stack(0x000000003bf60000,0x000000003c060000)]
  0x0000000027014800 JavaThread "jar transforms Thread 599" [_thread_blocked, id=2452, stack(0x000000003be60000,0x000000003bf60000)]
  0x000000002d77e000 JavaThread "jar transforms Thread 598" [_thread_blocked, id=13636, stack(0x000000003bd60000,0x000000003be60000)]
  0x000000002d77b000 JavaThread "jar transforms Thread 597" [_thread_blocked, id=3956, stack(0x000000003bc60000,0x000000003bd60000)]
  0x000000002d769800 JavaThread "jar transforms Thread 596" [_thread_blocked, id=9388, stack(0x000000003bb60000,0x000000003bc60000)]
  0x000000002d76f000 JavaThread "jar transforms Thread 595" [_thread_blocked, id=14024, stack(0x000000003ba60000,0x000000003bb60000)]
  0x000000002d76c000 JavaThread "jar transforms Thread 594" [_thread_blocked, id=9124, stack(0x000000003b960000,0x000000003ba60000)]
  0x000000002d766800 JavaThread "jar transforms Thread 593" [_thread_blocked, id=11564, stack(0x000000003b860000,0x000000003b960000)]
  0x000000002d76a800 JavaThread "jar transforms Thread 592" [_thread_blocked, id=2192, stack(0x000000003b760000,0x000000003b860000)]
  0x000000002d76d800 JavaThread "jar transforms Thread 591" [_thread_blocked, id=1944, stack(0x000000003b660000,0x000000003b760000)]
  0x000000002d768000 JavaThread "jar transforms Thread 590" [_thread_blocked, id=272, stack(0x000000003b560000,0x000000003b660000)]
  0x000000002d761800 JavaThread "jar transforms Thread 589" [_thread_blocked, id=14912, stack(0x000000003b460000,0x000000003b560000)]
  0x000000002d766000 JavaThread "jar transforms Thread 588" [_thread_blocked, id=11124, stack(0x000000003b360000,0x000000003b460000)]
  0x000000002d765000 JavaThread "jar transforms Thread 587" [_thread_blocked, id=9920, stack(0x000000003b260000,0x000000003b360000)]
  0x000000002d760800 JavaThread "jar transforms Thread 586" [_thread_blocked, id=4496, stack(0x000000003b160000,0x000000003b260000)]
  0x000000002d764800 JavaThread "jar transforms Thread 585" [_thread_blocked, id=12040, stack(0x000000003b060000,0x000000003b160000)]
  0x000000002d767800 JavaThread "jar transforms Thread 584" [_thread_blocked, id=6572, stack(0x000000003af60000,0x000000003b060000)]
  0x000000002d762000 JavaThread "jar transforms Thread 583" [_thread_blocked, id=10548, stack(0x000000003ae60000,0x000000003af60000)]
  0x000000002d760000 JavaThread "jar transforms Thread 582" [_thread_blocked, id=10148, stack(0x000000003ad60000,0x000000003ae60000)]
  0x000000002d763000 JavaThread "jar transforms Thread 581" [_thread_blocked, id=7436, stack(0x000000003ac60000,0x000000003ad60000)]
  0x000000002d763800 JavaThread "jar transforms Thread 580" [_thread_blocked, id=1004, stack(0x000000003ab60000,0x000000003ac60000)]
  0x00000000303fa800 JavaThread "jar transforms Thread 579" [_thread_blocked, id=8068, stack(0x000000003aa60000,0x000000003ab60000)]
  0x00000000303f9000 JavaThread "jar transforms Thread 578" [_thread_blocked, id=14928, stack(0x000000003a960000,0x000000003aa60000)]
  0x00000000303fd000 JavaThread "jar transforms Thread 577" [_thread_blocked, id=15292, stack(0x000000003a860000,0x000000003a960000)]
  0x00000000303f7000 JavaThread "jar transforms Thread 576" [_thread_blocked, id=7808, stack(0x000000003a760000,0x000000003a860000)]
  0x00000000303fc800 JavaThread "jar transforms Thread 575" [_thread_blocked, id=6396, stack(0x000000003a660000,0x000000003a760000)]
  0x00000000303f8800 JavaThread "jar transforms Thread 574" [_thread_blocked, id=5684, stack(0x000000003a560000,0x000000003a660000)]
  0x00000000303f4800 JavaThread "jar transforms Thread 573" [_thread_blocked, id=5640, stack(0x000000003a460000,0x000000003a560000)]
  0x00000000303f6000 JavaThread "jar transforms Thread 572" [_thread_blocked, id=7272, stack(0x000000003a360000,0x000000003a460000)]
  0x00000000303fb800 JavaThread "jar transforms Thread 571" [_thread_blocked, id=8352, stack(0x000000003a260000,0x000000003a360000)]
  0x00000000303f5800 JavaThread "jar transforms Thread 570" [_thread_blocked, id=11032, stack(0x000000003a160000,0x000000003a260000)]
  0x00000000303eb800 JavaThread "jar transforms Thread 569" [_thread_blocked, id=14492, stack(0x000000003a060000,0x000000003a160000)]
  0x00000000303f2800 JavaThread "jar transforms Thread 568" [_thread_blocked, id=14680, stack(0x0000000039f60000,0x000000003a060000)]
  0x00000000303f1000 JavaThread "jar transforms Thread 567" [_thread_blocked, id=7904, stack(0x0000000039e60000,0x0000000039f60000)]
  0x00000000303f0000 JavaThread "jar transforms Thread 566" [_thread_blocked, id=1232, stack(0x0000000039d60000,0x0000000039e60000)]
  0x00000000303ee800 JavaThread "jar transforms Thread 565" [_thread_blocked, id=6812, stack(0x0000000039c60000,0x0000000039d60000)]
  0x00000000303f1800 JavaThread "jar transforms Thread 564" [_thread_blocked, id=2732, stack(0x0000000039b60000,0x0000000039c60000)]
  0x00000000303de000 JavaThread "jar transforms Thread 563" [_thread_blocked, id=14992, stack(0x0000000039a60000,0x0000000039b60000)]
  0x00000000303e5000 JavaThread "jar transforms Thread 562" [_thread_blocked, id=10092, stack(0x0000000039690000,0x0000000039790000)]
  0x00000000303e1000 JavaThread "jar transforms Thread 561" [_thread_blocked, id=15108, stack(0x0000000039590000,0x0000000039690000)]
  0x00000000303e3800 JavaThread "jar transforms Thread 560" [_thread_blocked, id=8016, stack(0x0000000039490000,0x0000000039590000)]
  0x00000000303e0800 JavaThread "jar transforms Thread 559" [_thread_blocked, id=10192, stack(0x0000000039390000,0x0000000039490000)]
  0x00000000303e2800 JavaThread "jar transforms Thread 558" [_thread_blocked, id=14432, stack(0x0000000039290000,0x0000000039390000)]
  0x00000000303df800 JavaThread "jar transforms Thread 557" [_thread_blocked, id=15176, stack(0x0000000039190000,0x0000000039290000)]
  0x00000000303df000 JavaThread "jar transforms Thread 556" [_thread_blocked, id=4176, stack(0x0000000039090000,0x0000000039190000)]
  0x0000000031f65000 JavaThread "jar transforms Thread 555" [_thread_blocked, id=10620, stack(0x0000000036920000,0x0000000036a20000)]
  0x0000000031f64000 JavaThread "jar transforms Thread 554" [_thread_blocked, id=2748, stack(0x0000000036820000,0x0000000036920000)]
  0x0000000031f60800 JavaThread "jar transforms Thread 553" [_thread_blocked, id=5568, stack(0x0000000034f40000,0x0000000035040000)]
  0x0000000031f66800 JavaThread "jar transforms Thread 552" [_thread_blocked, id=10156, stack(0x0000000034070000,0x0000000034170000)]
  0x0000000031f5b000 JavaThread "jar transforms Thread 551" [_thread_blocked, id=11400, stack(0x0000000033580000,0x0000000033680000)]
  0x0000000031f5f000 JavaThread "jar transforms Thread 550" [_thread_blocked, id=9604, stack(0x0000000033100000,0x0000000033200000)]
  0x0000000031f5a800 JavaThread "jar transforms Thread 549" [_thread_blocked, id=13912, stack(0x0000000033000000,0x0000000033100000)]
  0x0000000031f53000 JavaThread "jar transforms Thread 548" [_thread_blocked, id=4936, stack(0x0000000032f00000,0x0000000033000000)]
  0x0000000031f59000 JavaThread "jar transforms Thread 547" [_thread_blocked, id=11196, stack(0x0000000032e00000,0x0000000032f00000)]
  0x0000000031f58000 JavaThread "jar transforms Thread 546" [_thread_blocked, id=7820, stack(0x0000000032d00000,0x0000000032e00000)]
  0x0000000031f57800 JavaThread "jar transforms Thread 545" [_thread_blocked, id=3800, stack(0x0000000032c00000,0x0000000032d00000)]
  0x0000000031f56000 JavaThread "jar transforms Thread 544" [_thread_blocked, id=7688, stack(0x0000000032b00000,0x0000000032c00000)]
  0x0000000031f56800 JavaThread "jar transforms Thread 543" [_thread_blocked, id=5616, stack(0x0000000032a00000,0x0000000032b00000)]
  0x0000000031f4a800 JavaThread "jar transforms Thread 542" [_thread_blocked, id=1280, stack(0x0000000032900000,0x0000000032a00000)]
  0x0000000031f4d800 JavaThread "jar transforms Thread 541" [_thread_blocked, id=6292, stack(0x0000000032800000,0x0000000032900000)]
  0x0000000031f4c000 JavaThread "jar transforms Thread 540" [_thread_blocked, id=8888, stack(0x0000000032700000,0x0000000032800000)]
  0x0000000031f51800 JavaThread "jar transforms Thread 539" [_thread_blocked, id=11944, stack(0x0000000032600000,0x0000000032700000)]
  0x0000000031f50800 JavaThread "jar transforms Thread 538" [_thread_blocked, id=2308, stack(0x0000000032500000,0x0000000032600000)]
  0x0000000031f50000 JavaThread "jar transforms Thread 537" [_thread_blocked, id=3940, stack(0x0000000032400000,0x0000000032500000)]
  0x0000000031f4b000 JavaThread "jar transforms Thread 536" [_thread_blocked, id=10424, stack(0x0000000032300000,0x0000000032400000)]
  0x0000000031f48000 JavaThread "jar transforms Thread 535" [_thread_blocked, id=4664, stack(0x0000000032200000,0x0000000032300000)]
  0x0000000031f4c800 JavaThread "jar transforms Thread 534" [_thread_blocked, id=14612, stack(0x0000000032100000,0x0000000032200000)]
  0x0000000031f49000 JavaThread "jar transforms Thread 533" [_thread_blocked, id=4040, stack(0x0000000030e30000,0x0000000030f30000)]
  0x0000000031f4f000 JavaThread "jar transforms Thread 532" [_thread_blocked, id=5976, stack(0x0000000030d30000,0x0000000030e30000)]
  0x0000000031f4e800 JavaThread "jar transforms Thread 531" [_thread_blocked, id=6352, stack(0x0000000030c30000,0x0000000030d30000)]
  0x000000001aefd800 JavaThread "jar transforms Thread 530" [_thread_blocked, id=12604, stack(0x0000000030b30000,0x0000000030c30000)]
  0x000000001aefc800 JavaThread "jar transforms Thread 529" [_thread_blocked, id=13564, stack(0x0000000030a30000,0x0000000030b30000)]
  0x000000001aef5000 JavaThread "jar transforms Thread 528" [_thread_blocked, id=4180, stack(0x00000000306c0000,0x00000000307c0000)]
  0x000000001aef4000 JavaThread "jar transforms Thread 527" [_thread_blocked, id=4368, stack(0x000000002f5c0000,0x000000002f6c0000)]
  0x000000001aefb000 JavaThread "jar transforms Thread 526" [_thread_blocked, id=5316, stack(0x000000002f4c0000,0x000000002f5c0000)]
  0x000000001aefa800 JavaThread "jar transforms Thread 525" [_thread_blocked, id=764, stack(0x000000002f3c0000,0x000000002f4c0000)]
  0x000000001aef9000 JavaThread "jar transforms Thread 524" [_thread_blocked, id=11924, stack(0x000000002f2c0000,0x000000002f3c0000)]
  0x000000001aef9800 JavaThread "jar transforms Thread 523" [_thread_blocked, id=3224, stack(0x000000002f1c0000,0x000000002f2c0000)]
  0x000000001aef7000 JavaThread "jar transforms Thread 522" [_thread_blocked, id=14740, stack(0x000000002f0c0000,0x000000002f1c0000)]
  0x000000001aef8000 JavaThread "jar transforms Thread 521" [_thread_blocked, id=12968, stack(0x000000002efc0000,0x000000002f0c0000)]
  0x000000001aeef800 JavaThread "jar transforms Thread 520" [_thread_blocked, id=15248, stack(0x000000002eec0000,0x000000002efc0000)]
  0x000000001aef3800 JavaThread "jar transforms Thread 519" [_thread_blocked, id=6736, stack(0x000000002edc0000,0x000000002eec0000)]
  0x000000001aef6800 JavaThread "jar transforms Thread 518" [_thread_blocked, id=11648, stack(0x000000002ecc0000,0x000000002edc0000)]
  0x000000001aef2000 JavaThread "jar transforms Thread 517" [_thread_blocked, id=5760, stack(0x000000002e500000,0x000000002e600000)]
  0x000000001aeef000 JavaThread "jar transforms Thread 516" [_thread_blocked, id=13816, stack(0x000000002b9d0000,0x000000002bad0000)]
  0x000000001aef2800 JavaThread "jar transforms Thread 515" [_thread_blocked, id=8468, stack(0x000000002b8d0000,0x000000002b9d0000)]
  0x000000001aef1000 JavaThread "jar transforms Thread 514" [_thread_blocked, id=6516, stack(0x000000002b7d0000,0x000000002b8d0000)]
  0x000000001aef0800 JavaThread "jar transforms Thread 513" [_thread_blocked, id=9788, stack(0x000000002b6d0000,0x000000002b7d0000)]
  0x000000001aee7800 JavaThread "jar transforms Thread 512" [_thread_blocked, id=8508, stack(0x000000002b5d0000,0x000000002b6d0000)]
  0x000000001aeee000 JavaThread "jar transforms Thread 511" [_thread_blocked, id=9544, stack(0x000000002b0b0000,0x000000002b1b0000)]
  0x000000001aeea800 JavaThread "jar transforms Thread 510" [_thread_blocked, id=9856, stack(0x000000002ad00000,0x000000002ae00000)]
  0x000000001aee9000 JavaThread "jar transforms Thread 509" [_thread_blocked, id=13528, stack(0x00000000294d0000,0x00000000295d0000)]
  0x000000001aeeb000 JavaThread "jar transforms Thread 508" [_thread_blocked, id=2428, stack(0x00000000280f0000,0x00000000281f0000)]
  0x000000001aee6800 JavaThread "jar transforms Thread 507" [_thread_blocked, id=11092, stack(0x00000000265a0000,0x00000000266a0000)]
  0x000000001aee8000 JavaThread "jar transforms Thread 506" [_thread_blocked, id=10348, stack(0x0000000025680000,0x0000000025780000)]
  0x000000001aeed800 JavaThread "jar transforms Thread 505" [_thread_blocked, id=13408, stack(0x0000000024760000,0x0000000024860000)]
  0x000000001aeec800 JavaThread "jar transforms Thread 504" [_thread_blocked, id=14696, stack(0x0000000023a60000,0x0000000023b60000)]
  0x000000001aee9800 JavaThread "jar transforms Thread 503" [_thread_blocked, id=15048, stack(0x0000000023860000,0x0000000023960000)]
  0x000000001aeec000 JavaThread "jar transforms Thread 502" [_thread_blocked, id=12468, stack(0x0000000023760000,0x0000000023860000)]
  0x000000001aedf000 JavaThread "jar transforms Thread 501" [_thread_blocked, id=7740, stack(0x0000000023660000,0x0000000023760000)]
  0x000000001aee6000 JavaThread "Build operations Thread 8" [_thread_blocked, id=6212, stack(0x0000000023560000,0x0000000023660000)]
  0x000000001aede800 JavaThread "Build operations Thread 7" [_thread_blocked, id=12692, stack(0x0000000023460000,0x0000000023560000)]
  0x000000001aee5000 JavaThread "Build operations Thread 6" [_thread_blocked, id=6568, stack(0x0000000023360000,0x0000000023460000)]
  0x000000001aee4800 JavaThread "Build operations Thread 5" [_thread_blocked, id=14916, stack(0x0000000023260000,0x0000000023360000)]
  0x000000001aee3800 JavaThread "Build operations Thread 4" [_thread_blocked, id=9848, stack(0x0000000022f60000,0x0000000023060000)]
  0x000000001aee3000 JavaThread "Build operations Thread 3" [_thread_blocked, id=10640, stack(0x0000000021790000,0x0000000021890000)]
  0x000000001aee0800 JavaThread "Build operations Thread 2" [_thread_blocked, id=8492, stack(0x0000000020f90000,0x0000000021090000)]
  0x000000001aee0000 JavaThread "Build operations" [_thread_blocked, id=12804, stack(0x0000000020e90000,0x0000000020f90000)]
  0x000000001aee2000 JavaThread "Cache worker for Build Output Cleanup Cache (C:\Users\Xinto\StudioProjects\VancedManager\.gradle\buildOutputCleanup)" [_thread_blocked, id=10380, stack(0x000000001fb20000,0x000000001fc20000)]
  0x000000001aee1800 JavaThread "Cache worker for cache directory md-rule (C:\Users\Xinto\.gradle\caches\6.7.1\md-rule)" [_thread_blocked, id=10580, stack(0x000000001fa20000,0x000000001fb20000)]
  0x0000000036047800 JavaThread "Cache worker for cache directory md-supplier (C:\Users\Xinto\.gradle\caches\6.7.1\md-supplier)" [_thread_blocked, id=12520, stack(0x000000001d080000,0x000000001d180000)]
  0x0000000036046000 JavaThread "Cache worker for checksums cache (C:\Users\Xinto\StudioProjects\VancedManager\.gradle\checksums)" [_thread_blocked, id=13036, stack(0x000000001cf80000,0x000000001d080000)]
  0x0000000036045000 JavaThread "Cache worker for file hash cache (C:\Users\Xinto\StudioProjects\VancedManager\.gradle\6.7.1\fileHashes)" [_thread_blocked, id=13256, stack(0x000000001ce80000,0x000000001cf80000)]
  0x0000000036044800 JavaThread "Thread-650" [_thread_blocked, id=4740, stack(0x000000001cd80000,0x000000001ce80000)]
  0x000000003603d000 JavaThread "Stdin handler" [_thread_blocked, id=9724, stack(0x000000001cc80000,0x000000001cd80000)]
  0x0000000036043800 JavaThread "Asynchronous log dispatcher for DefaultDaemonConnection: socket connection from /127.0.0.1:64874 to /127.0.0.1:64985" [_thread_blocked, id=7848, stack(0x000000001cb80000,0x000000001cc80000)]
  0x000000003603b800 JavaThread "Daemon worker Thread 5" [_thread_blocked, id=5432, stack(0x000000001c880000,0x000000001c980000)]
  0x0000000036041800 JavaThread "Cancel handler" [_thread_blocked, id=2772, stack(0x000000001c440000,0x000000001c540000)]
  0x0000000036040800 JavaThread "Handler for socket connection from /127.0.0.1:64874 to /127.0.0.1:64985" [_thread_in_native, id=7084, stack(0x000000001c340000,0x000000001c440000)]
  0x000000003603c000 JavaThread "Daemon Thread 5" [_thread_blocked, id=11792, stack(0x0000000000ea0000,0x0000000000fa0000)]
  0x000000002d776000 JavaThread "Cache worker for Java compile cache (C:\Users\Xinto\.gradle\caches\6.7.1\javaCompile)" [_thread_blocked, id=13772, stack(0x0000000034e40000,0x0000000034f40000)]
  0x000000002d770000 JavaThread "RMI Reaper" [_thread_blocked, id=1716, stack(0x0000000033f70000,0x0000000034070000)]
  0x000000002d773000 JavaThread "RMI TCP Accept-0" daemon [_thread_in_native, id=14676, stack(0x0000000033e70000,0x0000000033f70000)]
  0x000000002d769000 JavaThread "GC Daemon" daemon [_thread_blocked, id=4416, stack(0x0000000033d70000,0x0000000033e70000)]
  0x000000002d76b000 JavaThread "RMI Scheduler(0)" daemon [_thread_blocked, id=14828, stack(0x0000000033200000,0x0000000033300000)]
  0x00000000204c4000 JavaThread "Memory manager" [_thread_blocked, id=10164, stack(0x00000000293d0000,0x00000000294d0000)]
  0x00000000199ae000 JavaThread "Cache worker for file content cache (C:\Users\Xinto\.gradle\caches\6.7.1\fileContent)" [_thread_blocked, id=7716, stack(0x0000000021890000,0x0000000021990000)]
  0x00000000199af800 JavaThread "Cache worker for execution history cache (C:\Users\Xinto\.gradle\caches\6.7.1\executionHistory)" [_thread_blocked, id=4432, stack(0x0000000021090000,0x0000000021190000)]
  0x00000000199af000 JavaThread "Cache worker for journal cache (C:\Users\Xinto\.gradle\caches\journal-1)" [_thread_blocked, id=11728, stack(0x000000001e550000,0x000000001e650000)]
  0x00000000199aa800 JavaThread "File lock request listener" [_thread_in_native, id=12852, stack(0x000000001d480000,0x000000001d580000)]
  0x000000001b7da800 JavaThread "Cache worker for file hash cache (C:\Users\Xinto\.gradle\caches\6.7.1\fileHashes)" [_thread_blocked, id=13824, stack(0x000000001d380000,0x000000001d480000)]
  0x000000001b5a7000 JavaThread "Daemon periodic checks" [_thread_blocked, id=2740, stack(0x000000001c780000,0x000000001c880000)]
  0x000000001b5a6000 JavaThread "Incoming local TCP Connector on port 64874" [_thread_in_native, id=2620, stack(0x000000001c540000,0x000000001c640000)]
  0x000000001b4d8000 JavaThread "Daemon health stats" [_thread_blocked, id=15352, stack(0x000000001ad10000,0x000000001ae10000)]
  0x000000001870a800 JavaThread "Service Thread" daemon [_thread_blocked, id=1460, stack(0x0000000019340000,0x0000000019440000)]
  0x000000001867f000 JavaThread "C1 CompilerThread3" daemon [_thread_blocked, id=13384, stack(0x0000000019240000,0x0000000019340000)]
  0x0000000018676800 JavaThread "C2 CompilerThread2" daemon [_thread_in_native, id=10888, stack(0x0000000019140000,0x0000000019240000)]
=>0x0000000018674000 JavaThread "C2 CompilerThread1" daemon [_thread_in_native, id=10160, stack(0x0000000019040000,0x0000000019140000)]
  0x0000000018672000 JavaThread "C2 CompilerThread0" daemon [_thread_blocked, id=8268, stack(0x0000000018f40000,0x0000000019040000)]
  0x0000000018670000 JavaThread "Attach Listener" daemon [_thread_blocked, id=9708, stack(0x0000000018e40000,0x0000000018f40000)]
  0x000000001866f000 JavaThread "Signal Dispatcher" daemon [_thread_blocked, id=9360, stack(0x0000000018d40000,0x0000000018e40000)]
  0x0000000002997800 JavaThread "Finalizer" daemon [_thread_blocked, id=10404, stack(0x0000000018b40000,0x0000000018c40000)]
  0x0000000018660800 JavaThread "Reference Handler" daemon [_thread_blocked, id=2972, stack(0x0000000018a40000,0x0000000018b40000)]
  0x0000000002a9d800 JavaThread "main" [_thread_blocked, id=3280, stack(0x0000000002780000,0x0000000002880000)]

Other Threads:
  0x0000000016858000 VMThread [stack: 0x0000000018540000,0x0000000018640000] [id=11740]
  0x000000001870b000 WatcherThread [stack: 0x0000000019440000,0x0000000019540000] [id=12092]

VM state:not at safepoint (normal execution)

VM Mutex/Monitor currently owned by a thread: None

heap address: 0x00000000a0000000, size: 1536 MB, Compressed Oops mode: 32-bit
Narrow klass base: 0x0000000000000000, Narrow klass shift: 3
Compressed class space size: 1073741824 Address: 0x0000000100000000

Heap:
 PSYoungGen      total 462848K, used 195900K [0x00000000e0000000, 0x0000000100000000, 0x0000000100000000)
  eden space 409600K, 34% used [0x00000000e0000000,0x00000000e8b80058,0x00000000f9000000)
  from space 53248K, 99% used [0x00000000f9000000,0x00000000fc3cf2d8,0x00000000fc400000)
  to   space 61440K, 0% used [0x00000000fc400000,0x00000000fc400000,0x0000000100000000)
 ParOldGen       total 932352K, used 782352K [0x00000000a0000000, 0x00000000d8e80000, 0x00000000e0000000)
  object space 932352K, 83% used [0x00000000a0000000,0x00000000cfc04200,0x00000000d8e80000)
 Metaspace       used 225020K, capacity 239347K, committed 239576K, reserved 1259520K
  class space    used 27593K, capacity 30141K, committed 30208K, reserved 1048576K

Card table byte_map: [0x0000000011e60000,0x0000000012170000] byte_map_base: 0x0000000011960000

Marking Bits: (ParMarkBitMap*) 0x000000005355f030
 Begin Bits: [0x0000000012b70000, 0x0000000014370000)
 End Bits:   [0x0000000014370000, 0x0000000015b70000)

Polling page: 0x0000000000b70000

CodeCache: size=245760Kb used=168455Kb max_used=168903Kb free=77304Kb
 bounds [0x0000000002aa0000, 0x000000000d0a0000, 0x0000000011aa0000]
 total_blobs=43385 nmethods=42275 adapters=1013
 compilation: enabled

Compilation events (10 events):
Event: 1255.321 Thread 0x000000001867f000 nmethod 65213 0x000000000a5dcad0 code [0x000000000a5dcd20, 0x000000000a5ddc68]
Event: 1255.323 Thread 0x000000001867f000 65214       3       org.jetbrains.kotlin.load.java.lazy.descriptors.LazyJavaClassDescriptor$scopeHolder$1::invoke (57 bytes)
Event: 1255.324 Thread 0x000000001867f000 nmethod 65214 0x00000000049786d0 code [0x0000000004978860, 0x0000000004978c78]
Event: 1255.332 Thread 0x000000001867f000 65215       3       org.jetbrains.kotlin.load.java.AnnotationTypeQualifierResolver::resolveTypeQualifierNickname (28 bytes)
Event: 1255.332 Thread 0x000000001867f000 nmethod 65215 0x000000000540a410 code [0x000000000540a5a0, 0x000000000540a9f8]
Event: 1255.335 Thread 0x0000000018672000 65216       4       org.jetbrains.kotlin.utils.SmartSet$ArrayIterator::hasNext (10 bytes)
Event: 1255.336 Thread 0x0000000018672000 nmethod 65216 0x00000000055ba890 code [0x00000000055ba9e0, 0x00000000055baa98]
Event: 1255.342 Thread 0x0000000018672000 65217       4       org.jetbrains.kotlin.types.checker.KotlinTypeCheckerImpl::isSubtypeOf (26 bytes)
Event: 1255.344 Thread 0x0000000018672000 nmethod 65217 0x00000000055c7550 code [0x00000000055c76a0, 0x00000000055c7788]
Event: 1255.350 Thread 0x0000000018672000 65218       4       org.jetbrains.kotlin.load.java.lazy.descriptors.LazyJavaScope::getFunctionNames (5 bytes)

GC Heap History (10 events):
Event: 1232.484 GC heap before
{Heap before GC invocations=335 (full 12):
 PSYoungGen      total 455680K, used 434651K [0x00000000e0000000, 0x0000000100000000, 0x0000000100000000)
  eden space 396800K, 100% used [0x00000000e0000000,0x00000000f8380000,0x00000000f8380000)
  from space 58880K, 64% used [0x00000000fbf80000,0x00000000fe476e98,0x00000000ff900000)
  to   space 61440K, 0% used [0x00000000f8380000,0x00000000f8380000,0x00000000fbf80000)
 ParOldGen       total 932352K, used 769268K [0x00000000a0000000, 0x00000000d8e80000, 0x00000000e0000000)
  object space 932352K, 82% used [0x00000000a0000000,0x00000000cef3d110,0x00000000d8e80000)
 Metaspace       used 217456K, capacity 231515K, committed 231768K, reserved 1251328K
  class space    used 26729K, capacity 29241K, committed 29312K, reserved 1048576K
Event: 1232.506 GC heap after
Heap after GC invocations=335 (full 12):
 PSYoungGen      total 458240K, used 8172K [0x00000000e0000000, 0x00000000fff80000, 0x0000000100000000)
  eden space 396800K, 0% used [0x00000000e0000000,0x00000000e0000000,0x00000000f8380000)
  from space 61440K, 13% used [0x00000000f8380000,0x00000000f8b7b310,0x00000000fbf80000)
  to   space 59904K, 0% used [0x00000000fc500000,0x00000000fc500000,0x00000000fff80000)
 ParOldGen       total 932352K, used 782328K [0x00000000a0000000, 0x00000000d8e80000, 0x00000000e0000000)
  object space 932352K, 83% used [0x00000000a0000000,0x00000000cfbfe200,0x00000000d8e80000)
 Metaspace       used 217456K, capacity 231515K, committed 231768K, reserved 1251328K
  class space    used 26729K, capacity 29241K, committed 29312K, reserved 1048576K
}
Event: 1237.237 GC heap before
{Heap before GC invocations=336 (full 12):
 PSYoungGen      total 458240K, used 404916K [0x00000000e0000000, 0x00000000fff80000, 0x0000000100000000)
  eden space 396800K, 99% used [0x00000000e0000000,0x00000000f8371e28,0x00000000f8380000)
  from space 61440K, 13% used [0x00000000f8380000,0x00000000f8b7b310,0x00000000fbf80000)
  to   space 59904K, 0% used [0x00000000fc500000,0x00000000fc500000,0x00000000fff80000)
 ParOldGen       total 932352K, used 782328K [0x00000000a0000000, 0x00000000d8e80000, 0x00000000e0000000)
  object space 932352K, 83% used [0x00000000a0000000,0x00000000cfbfe200,0x00000000d8e80000)
 Metaspace       used 219519K, capacity 233705K, committed 233816K, reserved 1253376K
  class space    used 26954K, capacity 29484K, committed 29568K, reserved 1048576K
Event: 1237.260 GC heap after
Heap after GC invocations=336 (full 12):
 PSYoungGen      total 454656K, used 20300K [0x00000000e0000000, 0x00000000ff780000, 0x0000000100000000)
  eden space 402944K, 0% used [0x00000000e0000000,0x00000000e0000000,0x00000000f8980000)
  from space 51712K, 39% used [0x00000000fc500000,0x00000000fd8d33b0,0x00000000ff780000)
  to   space 56320K, 0% used [0x00000000f8980000,0x00000000f8980000,0x00000000fc080000)
 ParOldGen       total 932352K, used 782336K [0x00000000a0000000, 0x00000000d8e80000, 0x00000000e0000000)
  object space 932352K, 83% used [0x00000000a0000000,0x00000000cfc00200,0x00000000d8e80000)
 Metaspace       used 219519K, capacity 233705K, committed 233816K, reserved 1253376K
  class space    used 26954K, capacity 29484K, committed 29568K, reserved 1048576K
}
Event: 1242.655 GC heap before
{Heap before GC invocations=337 (full 12):
 PSYoungGen      total 454656K, used 423200K [0x00000000e0000000, 0x00000000ff780000, 0x0000000100000000)
  eden space 402944K, 99% used [0x00000000e0000000,0x00000000f8974f10,0x00000000f8980000)
  from space 51712K, 39% used [0x00000000fc500000,0x00000000fd8d33b0,0x00000000ff780000)
  to   space 56320K, 0% used [0x00000000f8980000,0x00000000f8980000,0x00000000fc080000)
 ParOldGen       total 932352K, used 782336K [0x00000000a0000000, 0x00000000d8e80000, 0x00000000e0000000)
  object space 932352K, 83% used [0x00000000a0000000,0x00000000cfc00200,0x00000000d8e80000)
 Metaspace       used 221817K, capacity 236053K, committed 236376K, reserved 1255424K
  class space    used 27220K, capacity 29754K, committed 29824K, reserved 1048576K
Event: 1242.674 GC heap after
Heap after GC invocations=337 (full 12):
 PSYoungGen      total 459264K, used 34081K [0x00000000e0000000, 0x0000000100000000, 0x0000000100000000)
  eden space 402944K, 0% used [0x00000000e0000000,0x00000000e0000000,0x00000000f8980000)
  from space 56320K, 60% used [0x00000000f8980000,0x00000000faac8518,0x00000000fc080000)
  to   space 57856K, 0% used [0x00000000fc780000,0x00000000fc780000,0x0000000100000000)
 ParOldGen       total 932352K, used 782344K [0x00000000a0000000, 0x00000000d8e80000, 0x00000000e0000000)
  object space 932352K, 83% used [0x00000000a0000000,0x00000000cfc02200,0x00000000d8e80000)
 Metaspace       used 221817K, capacity 236053K, committed 236376K, reserved 1255424K
  class space    used 27220K, capacity 29754K, committed 29824K, reserved 1048576K
}
Event: 1253.301 GC heap before
{Heap before GC invocations=338 (full 12):
 PSYoungGen      total 459264K, used 437025K [0x00000000e0000000, 0x0000000100000000, 0x0000000100000000)
  eden space 402944K, 100% used [0x00000000e0000000,0x00000000f8980000,0x00000000f8980000)
  from space 56320K, 60% used [0x00000000f8980000,0x00000000faac8518,0x00000000fc080000)
  to   space 57856K, 0% used [0x00000000fc780000,0x00000000fc780000,0x0000000100000000)
 ParOldGen       total 932352K, used 782344K [0x00000000a0000000, 0x00000000d8e80000, 0x00000000e0000000)
  object space 932352K, 83% used [0x00000000a0000000,0x00000000cfc02200,0x00000000d8e80000)
 Metaspace       used 224895K, capacity 239193K, committed 239320K, reserved 1259520K
  class space    used 27590K, capacity 30138K, committed 30208K, reserved 1048576K
Event: 1253.322 GC heap after
Heap after GC invocations=338 (full 12):
 PSYoungGen      total 466944K, used 29601K [0x00000000e0000000, 0x00000000fff80000, 0x0000000100000000)
  eden space 409600K, 0% used [0x00000000e0000000,0x00000000e0000000,0x00000000f9000000)
  from space 57344K, 51% used [0x00000000fc780000,0x00000000fe468418,0x00000000fff80000)
  to   space 56832K, 0% used [0x00000000f9000000,0x00000000f9000000,0x00000000fc780000)
 ParOldGen       total 932352K, used 782352K [0x00000000a0000000, 0x00000000d8e80000, 0x00000000e0000000)
  object space 932352K, 83% used [0x00000000a0000000,0x00000000cfc04200,0x00000000d8e80000)
 Metaspace       used 224895K, capacity 239193K, committed 239320K, reserved 1259520K
  class space    used 27590K, capacity 30138K, committed 30208K, reserved 1048576K
}
Event: 1254.755 GC heap before
{Heap before GC invocations=339 (full 12):
 PSYoungGen      total 466944K, used 439201K [0x00000000e0000000, 0x00000000fff80000, 0x0000000100000000)
  eden space 409600K, 100% used [0x00000000e0000000,0x00000000f9000000,0x00000000f9000000)
  from space 57344K, 51% used [0x00000000fc780000,0x00000000fe468418,0x00000000fff80000)
  to   space 56832K, 0% used [0x00000000f9000000,0x00000000f9000000,0x00000000fc780000)
 ParOldGen       total 932352K, used 782352K [0x00000000a0000000, 0x00000000d8e80000, 0x00000000e0000000)
  object space 932352K, 83% used [0x00000000a0000000,0x00000000cfc04200,0x00000000d8e80000)
 Metaspace       used 224976K, capacity 239277K, committed 239576K, reserved 1259520K
  class space    used 27592K, capacity 30140K, committed 30208K, reserved 1048576K
Event: 1254.792 GC heap after
Heap after GC invocations=339 (full 12):
 PSYoungGen      total 462848K, used 53052K [0x00000000e0000000, 0x0000000100000000, 0x0000000100000000)
  eden space 409600K, 0% used [0x00000000e0000000,0x00000000e0000000,0x00000000f9000000)
  from space 53248K, 99% used [0x00000000f9000000,0x00000000fc3cf2d8,0x00000000fc400000)
  to   space 61440K, 0% used [0x00000000fc400000,0x00000000fc400000,0x0000000100000000)
 ParOldGen       total 932352K, used 782352K [0x00000000a0000000, 0x00000000d8e80000, 0x00000000e0000000)
  object space 932352K, 83% used [0x00000000a0000000,0x00000000cfc04200,0x00000000d8e80000)
 Metaspace       used 224976K, capacity 239277K, committed 239576K, reserved 1259520K
  class space    used 27592K, capacity 30140K, committed 30208K, reserved 1048576K
}

Deoptimization events (10 events):
Event: 1253.349 Thread 0x000000002d5b3000 Uncommon trap: reason=unstable_if action=reinterpret pc=0x000000000cfe2a54 method=com.sun.tools.javac.comp.Resolve.isAccessible(Lcom/sun/tools/javac/comp/Env;Lcom/sun/tools/javac/code/Type;Lcom/sun/tools/javac/code/Symbol;Z)Z @ 323
Event: 1253.351 Thread 0x000000002d5b3000 Uncommon trap: reason=class_check action=maybe_recompile pc=0x000000000d04057c method=com.sun.tools.javac.code.Types.rank(Lcom/sun/tools/javac/code/Type;)I @ 131
Event: 1253.351 Thread 0x000000002d5b3000 Uncommon trap: reason=class_check action=maybe_recompile pc=0x000000000d03e8fc method=com.sun.tools.javac.code.Types.rank(Lcom/sun/tools/javac/code/Type;)I @ 1
Event: 1253.351 Thread 0x000000002d5b3000 Uncommon trap: reason=class_check action=maybe_recompile pc=0x000000000d03e8fc method=com.sun.tools.javac.code.Types.rank(Lcom/sun/tools/javac/code/Type;)I @ 1
Event: 1253.351 Thread 0x000000002d5b3000 Uncommon trap: reason=class_check action=maybe_recompile pc=0x000000000d04057c method=com.sun.tools.javac.code.Types.rank(Lcom/sun/tools/javac/code/Type;)I @ 131
Event: 1253.352 Thread 0x000000002d5b3000 Uncommon trap: reason=unstable_if action=reinterpret pc=0x000000000a5de8a8 method=com.sun.tools.javac.code.Types$15.visitClassType(Lcom/sun/tools/javac/code/Type$ClassType;Ljava/lang/Boolean;)Lcom/sun/tools/javac/code/Type; @ 16
Event: 1253.352 Thread 0x000000002d5b3000 Uncommon trap: reason=unstable_if action=reinterpret pc=0x00000000045efb68 method=com.sun.tools.javac.code.Types$15.visitClassType(Lcom/sun/tools/javac/code/Type$ClassType;Ljava/lang/Boolean;)Lcom/sun/tools/javac/code/Type; @ 16
Event: 1253.953 Thread 0x000000002d5b3000 Uncommon trap: reason=speculate_class_check action=maybe_recompile pc=0x00000000037419f0 method=gnu.trove.THash.ensureCapacity(I)V @ 6
Event: 1253.968 Thread 0x000000002d5b3000 Uncommon trap: reason=bimorphic action=maybe_recompile pc=0x00000000048480cc method=java.util.Collections$SetFromMap.<init>(Ljava/util/Map;)V @ 30
Event: 1253.968 Thread 0x000000002d5b3000 Uncommon trap: reason=bimorphic action=maybe_recompile pc=0x00000000067d7cb0 method=com.intellij.openapi.util.NotNullLazyKey.getValue(Lcom/intellij/openapi/util/UserDataHolder;)Ljava/lang/Object; @ 29

Classes redefined (0 events):
No events

Internal exceptions (10 events):
Event: 1242.523 Thread 0x0000000027079000 Exception <a 'java/security/PrivilegedActionException'> (0x00000000f82091c8) thrown at [C:\src\AOSP-openjdk-git\hotspot\src\share\vm\prims\jvm.cpp, line 1502]
Event: 1242.523 Thread 0x0000000027079000 Exception <a 'java/security/PrivilegedActionException'> (0x00000000f82097a8) thrown at [C:\src\AOSP-openjdk-git\hotspot\src\share\vm\prims\jvm.cpp, line 1502]
Event: 1242.523 Thread 0x0000000027079000 Exception <a 'java/security/PrivilegedActionException'> (0x00000000f820b358) thrown at [C:\src\AOSP-openjdk-git\hotspot\src\share\vm\prims\jvm.cpp, line 1502]
Event: 1242.523 Thread 0x0000000027079000 Exception <a 'java/security/PrivilegedActionException'> (0x00000000f820b938) thrown at [C:\src\AOSP-openjdk-git\hotspot\src\share\vm\prims\jvm.cpp, line 1502]
Event: 1242.523 Thread 0x0000000027079000 Exception <a 'java/security/PrivilegedActionException'> (0x00000000f820d5a0) thrown at [C:\src\AOSP-openjdk-git\hotspot\src\share\vm\prims\jvm.cpp, line 1502]
Event: 1242.523 Thread 0x0000000027079000 Exception <a 'java/security/PrivilegedActionException'> (0x00000000f820db80) thrown at [C:\src\AOSP-openjdk-git\hotspot\src\share\vm\prims\jvm.cpp, line 1502]
Event: 1242.523 Thread 0x0000000027079000 Exception <a 'java/security/PrivilegedActionException'> (0x00000000f820f8d8) thrown at [C:\src\AOSP-openjdk-git\hotspot\src\share\vm\prims\jvm.cpp, line 1502]
Event: 1242.523 Thread 0x0000000027079000 Exception <a 'java/security/PrivilegedActionException'> (0x00000000f820feb8) thrown at [C:\src\AOSP-openjdk-git\hotspot\src\share\vm\prims\jvm.cpp, line 1502]
Event: 1242.920 Thread 0x0000000027079000 Exception <a 'java/lang/NullPointerException'> (0x00000000e3ccb530) thrown at [C:\src\AOSP-openjdk-git\hotspot\src\share\vm\interpreter\linkResolver.cpp, line 1287]
Event: 1243.537 Thread 0x000000002d320000 Exception <a 'java/lang/InterruptedException'> (0x00000000f5a947f8) thrown at [C:\src\AOSP-openjdk-git\hotspot\src\share\vm\runtime\objectMonitor.cpp, line 1680]

Events (10 events):
Event: 1255.122 Thread 0x0000000018674000 flushing nmethod 0x0000000006ac97d0
Event: 1255.145 Thread 0x0000000018674000 flushing nmethod 0x00000000088ab150
Event: 1255.167 Thread 0x0000000018674000 flushing nmethod 0x0000000009b46010
Event: 1255.173 Thread 0x0000000018674000 flushing nmethod 0x000000000ada7a10
Event: 1255.174 Thread 0x0000000018674000 flushing nmethod 0x000000000aef8790
Event: 1255.175 Thread 0x0000000018674000 flushing nmethod 0x000000000b234010
Event: 1255.177 Thread 0x0000000018674000 flushing nmethod 0x000000000b3f1d10
Event: 1255.181 Thread 0x0000000018674000 flushing nmethod 0x000000000b4a9210
Event: 1255.186 Thread 0x0000000018674000 flushing nmethod 0x000000000cf2acd0
Event: 1255.187 Thread 0x0000000018674000 flushing nmethod 0x000000000cf7ef90


Dynamic libraries:
0x00007ff694d40000 - 0x00007ff694d71000 	C:\Program Files\Android\Android Studio\jre\bin\java.exe
0x00007ff94c070000 - 0x00007ff94c266000 	C:\WINDOWS\SYSTEM32\ntdll.dll
0x00007ff94abd0000 - 0x00007ff94ac8d000 	C:\WINDOWS\System32\KERNEL32.DLL
0x00007ff949b10000 - 0x00007ff949dd9000 	C:\WINDOWS\System32\KERNELBASE.dll
0x00007ff94bf70000 - 0x00007ff94c01c000 	C:\WINDOWS\System32\ADVAPI32.dll
0x00007ff94a6a0000 - 0x00007ff94a73e000 	C:\WINDOWS\System32\msvcrt.dll
0x00007ff94b9e0000 - 0x00007ff94ba7c000 	C:\WINDOWS\System32\sechost.dll
0x00007ff94ba80000 - 0x00007ff94bbab000 	C:\WINDOWS\System32\RPCRT4.dll
0x00007ff94a740000 - 0x00007ff94a8e0000 	C:\WINDOWS\System32\USER32.dll
0x00007ff9498b0000 - 0x00007ff9498d2000 	C:\WINDOWS\System32\win32u.dll
0x00007ff94a0e0000 - 0x00007ff94a10a000 	C:\WINDOWS\System32\GDI32.dll
0x00007ff949e10000 - 0x00007ff949f19000 	C:\WINDOWS\System32\gdi32full.dll
0x00007ff9497b0000 - 0x00007ff94984d000 	C:\WINDOWS\System32\msvcp_win.dll
0x00007ff949f20000 - 0x00007ff94a020000 	C:\WINDOWS\System32\ucrtbase.dll
0x00007ff9360d0000 - 0x00007ff93636b000 	C:\WINDOWS\WinSxS\amd64_microsoft.windows.common-controls_6595b64144ccf1df_6.0.19041.488_none_ca04af081b815d21\COMCTL32.dll
0x00007ff94aba0000 - 0x00007ff94abd0000 	C:\WINDOWS\System32\IMM32.DLL
0x0000000052bd0000 - 0x0000000052ca2000 	C:\Program Files\Android\Android Studio\jre\jre\bin\msvcr100.dll
0x0000000052d90000 - 0x00000000535db000 	C:\Program Files\Android\Android Studio\jre\jre\bin\server\jvm.dll
0x00007ff94c020000 - 0x00007ff94c028000 	C:\WINDOWS\System32\PSAPI.DLL
0x00007ff9303b0000 - 0x00007ff9303d7000 	C:\WINDOWS\SYSTEM32\WINMM.dll
0x00007ff9456d0000 - 0x00007ff9456d9000 	C:\WINDOWS\SYSTEM32\WSOCK32.dll
0x00007ff944df0000 - 0x00007ff944dfa000 	C:\WINDOWS\SYSTEM32\VERSION.dll
0x00007ff94b400000 - 0x00007ff94b46b000 	C:\WINDOWS\System32\WS2_32.dll
0x00007ff943330000 - 0x00007ff94333f000 	C:\Program Files\Android\Android Studio\jre\jre\bin\verify.dll
0x00007ff930930000 - 0x00007ff930959000 	C:\Program Files\Android\Android Studio\jre\jre\bin\java.dll
0x00007ff9380c0000 - 0x00007ff9380d6000 	C:\Program Files\Android\Android Studio\jre\jre\bin\zip.dll
0x00007ff94acb0000 - 0x00007ff94b3f2000 	C:\WINDOWS\System32\SHELL32.dll
0x00007ff9478e0000 - 0x00007ff948075000 	C:\WINDOWS\SYSTEM32\windows.storage.dll
0x00007ff94bbb0000 - 0x00007ff94bf06000 	C:\WINDOWS\System32\combase.dll
0x00007ff949080000 - 0x00007ff9490ac000 	C:\WINDOWS\SYSTEM32\Wldp.dll
0x00007ff94a8e0000 - 0x00007ff94a98e000 	C:\WINDOWS\System32\SHCORE.dll
0x00007ff94ab40000 - 0x00007ff94ab95000 	C:\WINDOWS\System32\shlwapi.dll
0x00007ff9496e0000 - 0x00007ff949706000 	C:\WINDOWS\SYSTEM32\profapi.dll
0x00007ff938050000 - 0x00007ff93806a000 	C:\Program Files\Android\Android Studio\jre\jre\bin\net.dll
0x00007ff948e70000 - 0x00007ff948eda000 	C:\WINDOWS\system32\mswsock.dll
0x00007ff9304b0000 - 0x00007ff9304c3000 	C:\Program Files\Android\Android Studio\jre\jre\bin\nio.dll
0x00007ff92fcf0000 - 0x00007ff92fd17000 	C:\Users\Xinto\.gradle\native\fdc75f09e3144964f2cf3f50f0aa648679c211496f362492102eb8c894070792\windows-amd64\native-platform.dll
0x00007ff928950000 - 0x00007ff928ae6000 	C:\Users\Xinto\.gradle\native\12488b8bf47d2d4c9fbf2f6322a914ad602e24e48041cd04a747c6da556b65c4\windows-amd64\native-platform-file-events.dll
0x00007ff9421b0000 - 0x00007ff9421bd000 	C:\Program Files\Android\Android Studio\jre\jre\bin\management.dll
0x00007ff9490c0000 - 0x00007ff9490d8000 	C:\WINDOWS\SYSTEM32\CRYPTSP.dll
0x00007ff948820000 - 0x00007ff948854000 	C:\WINDOWS\system32\rsaenh.dll
0x00007ff949de0000 - 0x00007ff949e07000 	C:\WINDOWS\System32\bcrypt.dll
0x00007ff9496a0000 - 0x00007ff9496ce000 	C:\WINDOWS\SYSTEM32\USERENV.dll
0x00007ff9498e0000 - 0x00007ff949960000 	C:\WINDOWS\System32\bcryptprimitives.dll
0x00007ff948ff0000 - 0x00007ff948ffc000 	C:\WINDOWS\SYSTEM32\CRYPTBASE.dll
0x00007ff948b80000 - 0x00007ff948bbb000 	C:\WINDOWS\SYSTEM32\IPHLPAPI.DLL
0x00007ff94a0d0000 - 0x00007ff94a0d8000 	C:\WINDOWS\System32\NSI.dll
0x00007ff943960000 - 0x00007ff943977000 	C:\WINDOWS\SYSTEM32\dhcpcsvc6.DLL
0x00007ff9447f0000 - 0x00007ff94480d000 	C:\WINDOWS\SYSTEM32\dhcpcsvc.DLL
0x00007ff948bc0000 - 0x00007ff948c8b000 	C:\WINDOWS\SYSTEM32\DNSAPI.dll
0x00007ff944d00000 - 0x00007ff944d0b000 	C:\WINDOWS\SYSTEM32\WINNSI.DLL
0x00007ff92fc90000 - 0x00007ff92fcae000 	C:\Users\Xinto\AppData\Local\Temp\native-platform3724615390246121488dir\native-platform.dll
0x00007ff91fb50000 - 0x00007ff91fcec000 	C:\Program Files\Android\Android Studio\jre\jre\bin\awt.dll
0x00007ff94b910000 - 0x00007ff94b9dd000 	C:\WINDOWS\System32\OLEAUT32.dll
0x00007ff947500000 - 0x00007ff94752f000 	C:\WINDOWS\SYSTEM32\dwmapi.dll
0x00007ff945f90000 - 0x00007ff946550000 	C:\WINDOWS\SYSTEM32\d2d1.dll
0x00007ff947120000 - 0x00007ff9471b0000 	C:\WINDOWS\SYSTEM32\apphelp.dll
0x00007ff92f660000 - 0x00007ff92f684000 	C:\Program Files\Android\Android Studio\jre\jre\bin\sunec.dll
0x00007ff93e100000 - 0x00007ff93e10a000 	C:\Windows\System32\rasadhlp.dll
0x00007ff941bc0000 - 0x00007ff941c3f000 	C:\WINDOWS\System32\fwpuclnt.dll
0x00007ff941330000 - 0x00007ff94133b000 	C:\Program Files\Android\Android Studio\jre\jre\bin\sunmscapi.dll
0x00007ff9499b0000 - 0x00007ff949b0d000 	C:\WINDOWS\System32\CRYPT32.dll
0x00007ff9484b0000 - 0x00007ff9484e3000 	C:\WINDOWS\SYSTEM32\ntmarta.dll

VM Arguments:
jvm_args: -Xmx1536M -Dfile.encoding=windows-1252 -Duser.country=US -Duser.language=en -Duser.variant 
java_command: org.gradle.launcher.daemon.bootstrap.GradleDaemon 6.7.1
java_class_path (initial): C:\Users\Xinto\.gradle\wrapper\dists\gradle-6.7.1-all\2moa8rlfac5eqlcfgk98k0deb\gradle-6.7.1\lib\gradle-launcher-6.7.1.jar
Launcher Type: SUN_STANDARD

Environment Variables:
PATH=C:\Program Files (x86)\Common Files\Intel\Shared Libraries\redist\intel64\compiler;C:\Program Files (x86)\Common Files\Oracle\Java\javapath;C:\WINDOWS\system32;C:\WINDOWS;C:\WINDOWS\System32\Wbem;C:\WINDOWS\System32\WindowsPowerShell\v1.0\;C:\WINDOWS\System32\OpenSSH\;C:\Program Files\Git\cmd;C:\Program Files\dotnet\;C:\Users\Xinto\AppData\Local\Microsoft\WindowsApps;C:\Users\Xinto\.dotnet\tools
USERNAME=Xinto
OS=Windows_NT
PROCESSOR_IDENTIFIER=Intel64 Family 6 Model 165 Stepping 3, GenuineIntel



---------------  S Y S T E M  ---------------

OS: Windows 10.0 , 64 bit Build 19041 (10.0.19041.662)

CPU:total 8 (initial active 8) (4 cores per cpu, 2 threads per core) family 6 model 165 stepping 3, cmov, cx8, fxsr, mmx, sse, sse2, sse3, ssse3, sse4.1, sse4.2, popcnt, avx, avx2, aes, clmul, erms, 3dnowpref, lzcnt, ht, tsc, tscinvbit, bmi1, bmi2, adx

Memory: 4k page, physical 8279568k(378176k free), swap 10839568k(6208k free)

vm_info: OpenJDK 64-Bit Server VM (25.242-b01) for windows-amd64 JRE (1.8.0_242-release-1644-b01), built by "builder" with MS VC++ 10.0 (VS2010)

time: Fri Dec 18 14:40:31 2020
timezone: Georgian Standard Time
elapsed time: 1255 seconds (0d 0h 20m 55s)

